0.0 14.32 1472268.0 0.0 0.0 0.0 0.0 0.0
1.0 22.56 1503600.0 0.0 0.0 0.0 0.0 0.0
2.0 14.32 1483844.0 0.0 0.0 0.0 0.0 0.0
3.0 9.16 1500984.0 0.0 0.0 0.0 0.0 0.0
4.0 32.8 1529880.0 0.0 0.0 0.0 0.0 0.0
5.0 52.02 1584480.0 0.0 0.0 0.0 0.0 0.0
6.0 20.68 1587844.0 0.0 0.0 0.0 0.0 0.0
7.0 21.55 1618952.0 0.0 0.0 0.0 0.0 0.0
8.0 20.35 1661048.0 0.0 0.0 0.0 0.0 0.0
9.0 23.17 1652700.0 0.0 0.0 0.0 0.0 0.0
10.0 23.25 1653400.0 0.0 0.0 0.0 0.0 0.0
11.0 19.35 1659100.0 0.0 0.0 0.0 0.0 0.0
12.0 24.31 1655240.0 0.0 0.0 0.0 0.0 0.0
13.0 24.0 1679880.0 0.0 0.0 0.0 0.0 0.0
14.0 23.44 1783232.0 0.0 0.0 0.0 0.0 0.0
15.0 25.06 1809452.0 0.0 0.0 0.0 0.0 0.0
16.0 24.19 1696708.0 0.0 0.0 0.0 0.0 0.0
17.0 23.06 1779220.0 0.0 0.0 0.0 0.0 0.0
18.0 24.25 1859564.0 0.0 0.0 0.0 0.0 0.0
19.0 24.0 1924960.0 0.0 0.0 0.0 0.0 0.0
20.0 24.75 1937948.0 0.0 0.0 0.0 0.0 0.0
21.0 25.0 1944768.0 0.0 0.0 0.0 0.0 0.0
22.0 24.81 1966448.0 0.0 0.0 0.0 0.0 0.0
23.0 24.94 1988520.0 0.0 0.0 0.0 0.0 0.0
24.0 23.62 1676960.0 0.0 0.0 0.0 0.0 0.0
25.0 23.44 1716780.0 0.0 0.0 0.0 0.0 0.0
26.0 23.87 1787084.0 0.0 0.0 0.0 0.0 0.0
27.0 24.44 1812992.0 0.0 0.0 0.0 0.0 0.0
28.0 23.06 1729408.0 0.0 0.0 0.0 0.0 0.0
29.0 23.25 1716044.0 0.0 0.0 0.0 0.0 0.0
30.0 24.31 1768784.0 0.0 0.0 0.0 0.0 0.0
31.0 22.75 1758680.0 0.0 0.0 0.0 0.0 0.0
32.0 24.75 1789892.0 0.0 0.0 0.0 0.0 0.0
33.0 23.0 1707824.0 0.0 0.0 0.0 0.0 0.0
34.0 23.69 1791640.0 0.0 0.0 0.0 0.0 0.0
35.0 24.37 1819292.0 0.0 0.0 0.0 0.0 0.0
36.0 23.69 1678160.0 0.0 0.0 0.0 0.0 0.0
37.0 23.5 1771000.0 0.0 0.0 0.0 0.0 0.0
38.0 23.5 1706052.0 0.0 0.0 0.0 0.0 0.0
39.0 23.5 1768628.0 0.0 0.0 0.0 0.0 0.0
40.0 23.06 1679092.0 0.0 0.0 0.0 0.0 0.0
41.0 23.48 1705548.0 0.0 0.0 0.0 0.0 0.0
42.0 24.62 1707504.0 0.0 0.0 0.0 0.0 0.0
43.0 23.94 1706364.0 0.0 0.0 0.0 0.0 0.0
44.0 10.6 1729148.0 3.0 24.0 0.0 0.0 0.0
45.0 1.46 1787792.0 0.0 0.0 0.0 0.0 0.0
46.0 0.82 1949744.0 6.0 48.0 0.0 2.0 1.2
47.0 61.27 2083028.0 0.0 0.0 0.0 0.0 0.0
48.0 70.59 2279316.0 0.0 0.0 0.0 0.0 0.0
49.0 60.25 2393364.0 424.0 0.0 106656.0 135.91 42.4
50.0 43.29 1979256.0 1110.0 0.0 276272.0 187.12 100.0
51.0 74.56 2150400.0 510.0 16.0 129376.0 122.29 45.6
52.0 65.57 2298840.0 0.0 0.0 0.0 0.0 0.0
53.0 61.83 2496312.0 0.0 0.0 0.0 0.0 0.0
54.0 42.28 2028496.0 188.0 0.0 44384.0 85.98 16.8
55.0 82.7 2186972.0 0.0 0.0 0.0 0.0 0.0
56.0 70.96 2337352.0 0.0 0.0 0.0 0.0 0.0
57.0 63.73 2589636.0 0.0 0.0 0.0 0.0 0.0
58.0 66.67 2148796.0 0.0 0.0 0.0 0.0 0.0
59.0 70.48 2323856.0 178.0 0.0 41720.0 77.33 15.2
60.0 61.21 2475648.0 0.0 0.0 0.0 0.0 0.0
61.0 50.0 2066396.0 0.0 0.0 0.0 0.0 0.0
62.0 84.92 2218092.0 0.0 0.0 0.0 0.0 0.0
63.0 65.08 2121948.0 0.0 0.0 0.0 0.0 0.0
64.0 72.77 2357808.0 177.0 0.0 39856.0 74.58 14.8
65.0 55.42 2037636.0 0.0 0.0 0.0 0.0 0.0
66.0 78.17 2177376.0 0.0 0.0 0.0 0.0 0.0
67.0 67.42 2360880.0 1.0 8.0 0.0 0.0 0.0
68.0 57.32 2101156.0 0.0 0.0 0.0 0.0 0.0
69.0 76.4 2246924.0 171.0 0.0 39696.0 81.33 16.0
70.0 62.12 2400408.0 0.0 0.0 0.0 0.0 0.0
71.0 60.86 2152696.0 0.0 0.0 0.0 0.0 0.0
72.0 72.41 2351104.0 0.0 0.0 0.0 0.0 0.0
73.0 55.67 2078824.0 0.0 0.0 0.0 0.0 0.0
74.0 79.04 2260584.0 178.0 0.0 40368.0 79.1 16.0
75.0 67.84 2407956.0 0.0 0.0 0.0 0.0 0.0
76.0 36.71 2083648.0 0.0 0.0 0.0 0.0 0.0
77.0 34.01 2084812.0 0.0 0.0 0.0 0.0 0.0
78.0 35.03 2085556.0 0.0 0.0 0.0 0.0 0.0
79.0 34.69 2086672.0 110.0 0.0 26632.0 53.16 9.2
80.0 34.44 2087636.0 0.0 0.0 0.0 0.0 0.0
81.0 33.84 2089124.0 0.0 0.0 0.0 0.0 0.0
82.0 34.01 2090984.0 0.0 0.0 0.0 0.0 0.0
83.0 34.62 2091992.0 0.0 0.0 0.0 0.0 0.0
84.0 35.7 2093404.0 76.0 0.0 13928.0 24.0 5.6
85.0 35.04 2094568.0 8.0 0.0 384.0 32.0 3.2
86.0 34.69 2095560.0 0.0 0.0 0.0 0.0 0.0
87.0 35.19 2096676.0 0.0 0.0 0.0 0.0 0.0
88.0 35.28 2098040.0 0.0 0.0 0.0 0.0 0.0
89.0 33.59 2084224.0 45.0 0.0 11016.0 30.67 4.8
90.0 32.99 2085532.0 0.0 0.0 0.0 0.0 0.0
91.0 34.87 2086500.0 0.0 0.0 0.0 0.0 0.0
92.0 33.42 2087736.0 0.0 0.0 0.0 0.0 0.0
93.0 34.02 2089332.0 0.0 0.0 0.0 0.0 0.0
94.0 33.84 2091072.0 59.0 0.0 14272.0 31.66 5.2
95.0 34.43 2092684.0 0.0 0.0 0.0 0.0 0.0
96.0 33.93 2093980.0 0.0 0.0 0.0 0.0 0.0
97.0 33.08 2095360.0 0.0 0.0 0.0 0.0 0.0
98.0 34.35 2096972.0 0.0 0.0 0.0 0.0 0.0
99.0 33.51 2098608.0 59.0 0.0 14408.0 33.15 5.2
100.0 32.82 2084532.0 0.0 0.0 0.0 0.0 0.0
101.0 33.5 2085780.0 1.0 8.0 0.0 0.0 0.0
102.0 36.05 2086868.0 0.0 0.0 0.0 0.0 0.0
103.0 33.08 2087944.0 0.0 0.0 0.0 0.0 0.0
104.0 32.73 2089400.0 60.0 0.0 14536.0 36.47 5.6
105.0 33.67 2090780.0 0.0 0.0 0.0 0.0 0.0
106.0 33.33 2092268.0 0.0 0.0 0.0 0.0 0.0
107.0 34.68 2093384.0 0.0 0.0 0.0 0.0 0.0
108.0 34.78 2094748.0 0.0 0.0 0.0 0.0 0.0
109.0 35.53 2095840.0 52.0 0.0 12736.0 32.23 4.8
110.0 35.28 2097740.0 0.0 0.0 0.0 0.0 0.0
111.0 35.77 2098740.0 0.0 0.0 0.0 0.0 0.0
112.0 34.94 2099980.0 0.0 0.0 0.0 0.0 0.0
113.0 32.65 2085308.0 0.0 0.0 0.0 0.0 0.0
114.0 31.03 2087460.0 50.0 0.0 12000.0 33.92 5.6
115.0 35.4 2088352.0 0.0 0.0 0.0 0.0 0.0
116.0 34.34 2089840.0 0.0 0.0 0.0 0.0 0.0
117.0 31.48 2091220.0 0.0 0.0 0.0 0.0 0.0
118.0 34.01 2092832.0 0.0 0.0 0.0 0.0 0.0
119.0 34.9 2095064.0 60.0 0.0 14712.0 35.8 6.0
120.0 33.33 2096012.0 20.0 0.0 216.0 0.2 0.4
121.0 36.03 2097500.0 0.0 0.0 0.0 0.0 0.0
122.0 34.18 2099252.0 0.0 0.0 0.0 0.0 0.0
123.0 33.92 2100492.0 0.0 0.0 0.0 0.0 0.0
124.0 33.25 2086252.0 56.0 0.0 13872.0 31.0 4.8
125.0 35.86 2086304.0 0.0 0.0 0.0 0.0 0.0
126.0 35.1 2087288.0 0.0 0.0 0.0 0.0 0.0
127.0 35.79 2088404.0 0.0 0.0 0.0 0.0 0.0
128.0 35.44 2089644.0 0.0 0.0 0.0 0.0 0.0
129.0 34.1 2086464.0 48.0 0.0 11552.0 28.75 4.4
130.0 34.67 2087684.0 0.0 0.0 0.0 0.0 0.0
131.0 33.59 2088300.0 0.0 0.0 0.0 0.0 0.0
132.0 34.19 2088796.0 0.0 0.0 0.0 0.0 0.0
133.0 35.1 2090160.0 0.0 0.0 0.0 0.0 0.0
134.0 34.94 2091400.0 50.0 0.0 11856.0 35.2 5.2
135.0 33.16 2092888.0 0.0 0.0 0.0 0.0 0.0
136.0 34.86 2093848.0 0.0 0.0 0.0 0.0 0.0
137.0 34.86 2094964.0 0.0 0.0 0.0 0.0 0.0
138.0 34.44 2096328.0 0.0 0.0 0.0 0.0 0.0
139.0 32.48 2087736.0 50.0 0.0 12168.0 28.16 4.8
140.0 33.16 2089028.0 0.0 0.0 0.0 0.0 0.0
141.0 33.84 2090392.0 0.0 0.0 0.0 0.0 0.0
142.0 33.92 2091632.0 0.0 0.0 0.0 0.0 0.0
143.0 34.09 2093244.0 0.0 0.0 0.0 0.0 0.0
144.0 32.99 2095240.0 60.0 0.0 14832.0 36.33 6.0
145.0 33.25 2096712.0 0.0 0.0 0.0 0.0 0.0
146.0 31.7 2087948.0 0.0 0.0 0.0 0.0 0.0
147.0 34.01 2089528.0 0.0 0.0 0.0 0.0 0.0
148.0 34.09 2090880.0 0.0 0.0 0.0 0.0 0.0
149.0 34.45 2092452.0 57.0 0.0 13640.0 28.7 4.8
150.0 34.52 2093440.0 0.0 0.0 0.0 0.0 0.0
151.0 33.25 2094928.0 0.0 0.0 0.0 0.0 0.0
152.0 32.99 2096292.0 0.0 0.0 0.0 0.0 0.0
153.0 35.19 2097408.0 0.0 0.0 0.0 0.0 0.0
154.0 34.61 2098512.0 52.0 0.0 12648.0 28.38 4.4
155.0 33.25 2088880.0 9.0 0.0 144.0 0.0 0.0
156.0 33.93 2090344.0 0.0 0.0 0.0 0.0 0.0
157.0 32.91 2091460.0 0.0 0.0 0.0 0.0 0.0
158.0 33.75 2092964.0 0.0 0.0 0.0 0.0 0.0
159.0 33.16 2095000.0 59.0 0.0 14272.0 39.39 7.2
160.0 33.25 2096364.0 0.0 0.0 0.0 0.0 0.0
161.0 33.84 2097992.0 0.0 0.0 0.0 0.0 0.0
162.0 33.16 2088392.0 0.0 0.0 0.0 0.0 0.0
163.0 35.7 2089564.0 0.0 0.0 0.0 0.0 0.0
164.0 35.28 2091372.0 56.0 0.0 13192.0 32.36 5.6
165.0 34.27 2092172.0 0.0 0.0 0.0 0.0 0.0
166.0 35.11 2093568.0 0.0 0.0 0.0 0.0 0.0
167.0 34.62 2094436.0 0.0 0.0 0.0 0.0 0.0
168.0 34.95 2095552.0 0.0 0.0 0.0 0.0 0.0
169.0 35.86 2097620.0 0.0 0.0 0.0 0.0 1.6
170.0 34.52 2098192.0 46.0 0.0 11080.0 31.04 3.2
171.0 22.84 3449320.0 0.0 0.0 0.0 0.0 0.0
172.0 12.25 6003756.0 0.0 0.0 0.0 0.0 0.0
173.0 25.06 6004872.0 1.0 8.0 0.0 4.0 0.4
174.0 24.94 6006188.0 5.0 0.0 952.0 0.0 1.6
175.0 24.44 6006104.0 38.0 0.0 8992.0 27.89 2.0
176.0 24.94 6006664.0 0.0 0.0 0.0 0.0 0.0
177.0 24.75 6007284.0 0.0 0.0 0.0 0.0 0.0
178.0 25.06 6008028.0 0.0 0.0 0.0 0.0 0.0
179.0 25.0 6008860.0 3.0 0.0 576.0 0.0 0.4
180.0 24.81 6009448.0 21.0 0.0 5032.0 15.81 1.6
181.0 25.0 6009820.0 0.0 0.0 0.0 0.0 0.0
182.0 25.0 6010440.0 0.0 0.0 0.0 0.0 0.0
183.0 24.75 6010812.0 0.0 0.0 0.0 0.0 0.0
184.0 25.0 6011308.0 0.0 0.0 0.0 0.0 0.0
185.0 24.94 6011520.0 21.0 0.0 4472.0 12.76 2.0
186.0 25.0 6012140.0 0.0 0.0 0.0 0.0 0.0
187.0 25.0 6012636.0 0.0 0.0 0.0 0.0 0.0
188.0 25.0 6013132.0 0.0 0.0 0.0 0.0 0.0
189.0 24.88 6014124.0 0.0 0.0 0.0 0.0 0.0
190.0 25.0 6014556.0 36.0 0.0 5552.0 13.44 3.2
191.0 24.81 6014928.0 0.0 0.0 0.0 0.0 0.0
192.0 25.06 6015300.0 0.0 0.0 0.0 0.0 0.0
193.0 25.0 6015672.0 0.0 0.0 0.0 0.0 0.0
194.0 25.0 6016044.0 0.0 0.0 0.0 0.0 0.0
195.0 24.94 6016352.0 17.0 0.0 3696.0 7.06 1.6
196.0 25.0 6016944.0 0.0 0.0 0.0 0.0 0.0
197.0 24.94 6017316.0 0.0 0.0 0.0 0.0 0.0
198.0 25.0 6017688.0 0.0 0.0 0.0 0.0 0.0
199.0 25.25 6018184.0 0.0 0.0 0.0 0.0 0.0
200.0 24.75 6018556.0 19.0 0.0 3896.0 13.26 2.0
201.0 25.0 6018928.0 0.0 0.0 0.0 0.0 0.0
202.0 25.0 6019424.0 0.0 0.0 0.0 0.0 0.0
203.0 25.06 6019796.0 0.0 0.0 0.0 0.0 0.0
204.0 24.94 6020416.0 0.0 0.0 0.0 0.0 0.0
205.0 25.06 6020944.0 20.0 0.0 4472.0 17.2 2.4
206.0 25.0 6021472.0 0.0 0.0 0.0 0.0 0.0
207.0 25.0 6021844.0 0.0 0.0 0.0 0.0 0.0
208.0 24.75 6022092.0 0.0 0.0 0.0 0.0 0.0
209.0 25.06 6022712.0 0.0 0.0 0.0 0.0 0.0
210.0 24.88 6023144.0 18.0 0.0 3688.0 10.44 1.6
211.0 25.0 6023516.0 0.0 0.0 0.0 0.0 0.0
212.0 25.25 6024260.0 0.0 0.0 0.0 0.0 0.0
213.0 24.75 6025128.0 0.0 0.0 0.0 0.0 0.0
214.0 25.06 6025252.0 0.0 0.0 0.0 0.0 0.0
215.0 25.0 6026060.0 22.0 0.0 4824.0 13.27 2.8
216.0 25.0 6026216.0 0.0 0.0 0.0 0.0 0.0
217.0 24.94 6026464.0 0.0 0.0 0.0 0.0 0.0
218.0 24.81 6027084.0 0.0 0.0 0.0 0.0 0.0
219.0 25.06 6027456.0 0.0 0.0 0.0 0.0 0.0
220.0 24.75 6027952.0 18.0 0.0 3696.0 6.89 1.2
221.0 24.94 6028200.0 0.0 0.0 0.0 0.0 0.0
222.0 25.06 6028200.0 0.0 0.0 0.0 0.0 0.0
223.0 25.0 6028572.0 0.0 0.0 0.0 0.0 0.0
224.0 24.88 6028820.0 0.0 0.0 0.0 0.0 0.0
225.0 25.25 6028816.0 23.0 0.0 2832.0 2.96 1.2
226.0 25.0 6029188.0 0.0 0.0 0.0 0.0 0.0
227.0 24.75 6029436.0 0.0 0.0 0.0 0.0 0.0
228.0 25.06 6029808.0 0.0 0.0 0.0 0.0 0.0
229.0 25.0 6030056.0 0.0 0.0 0.0 0.0 0.0
230.0 25.0 6030332.0 14.0 0.0 2568.0 9.43 1.6
231.0 25.0 6030456.0 0.0 0.0 0.0 0.0 0.0
232.0 25.0 6031324.0 0.0 0.0 0.0 0.0 0.0
233.0 25.0 6031696.0 0.0 0.0 0.0 0.0 0.0
234.0 25.0 6031820.0 0.0 0.0 0.0 0.0 0.0
235.0 25.0 6031912.0 14.0 0.0 3024.0 5.14 0.8
236.0 24.94 6032412.0 0.0 0.0 0.0 0.0 0.0
237.0 25.19 6032536.0 0.0 0.0 0.0 0.0 0.0
238.0 25.0 6032908.0 0.0 0.0 0.0 0.0 0.0
239.0 25.0 6033280.0 0.0 0.0 0.0 0.0 0.0
240.0 24.87 6033404.0 14.0 0.0 2488.0 6.86 1.2
241.0 25.0 6033652.0 0.0 0.0 0.0 0.0 0.0
242.0 24.94 6033900.0 0.0 0.0 0.0 0.0 0.0
243.0 24.75 6034148.0 0.0 0.0 0.0 0.0 0.0
244.0 25.25 6034396.0 0.0 0.0 0.0 0.0 0.0
245.0 25.0 6034392.0 14.0 0.0 2712.0 5.71 1.2
246.0 24.69 6034704.0 0.0 0.0 0.0 0.0 0.0
247.0 24.81 6034952.0 0.0 0.0 0.0 0.0 0.0
248.0 25.19 6035200.0 0.0 0.0 0.0 0.0 0.0
249.0 24.81 6035448.0 0.0 0.0 0.0 0.0 0.0
250.0 25.0 6035880.0 13.0 0.0 2312.0 3.69 0.8
251.0 24.94 6036128.0 0.0 0.0 0.0 0.0 0.0
252.0 25.06 6036376.0 0.0 0.0 0.0 0.0 0.0
253.0 25.0 6036624.0 0.0 0.0 0.0 0.0 0.0
254.0 24.75 6036748.0 0.0 0.0 0.0 0.0 0.0
255.0 25.0 6036872.0 13.0 0.0 2600.0 9.23 1.6
256.0 24.75 6037248.0 0.0 0.0 0.0 0.0 0.0
257.0 18.7 6269392.0 2.0 16.0 0.0 0.0 0.0
258.0 0.0 7150504.0 7.0 56.0 0.0 0.0 0.0
259.0 0.0 7872736.0 1069.0 40.0 271208.0 127.76 97.2
260.0 0.0 8260776.0 1343.0 24.0 281376.0 129.19 100.0
261.0 0.0 8468720.0 1150.0 16.0 288936.0 251.64 100.0
262.0 0.0 8664636.0 1104.0 8.0 278352.0 268.72 100.0
263.0 0.0 8880948.0 1115.0 16.0 281656.0 275.01 100.0
264.0 0.0 9086120.0 1114.0 16.0 280520.0 267.01 100.0
265.0 0.0 9244776.0 1103.0 8.0 278528.0 275.64 100.0
266.0 0.0 9358060.0 1103.0 8.0 278544.0 269.03 100.0
267.0 0.0 9467208.0 957.0 8.0 241656.0 315.76 100.0
268.0 0.0 9583024.0 1018.0 8.0 257032.0 303.21 100.0
269.0 0.0 9676688.0 936.0 0.0 236536.0 309.58 100.0
270.0 0.0 9811104.0 1113.0 16.0 280592.0 282.3 100.0
271.0 0.0 9929572.0 1071.0 0.0 270352.0 275.28 100.0
272.0 0.0 6138256.0 1104.0 32.0 278528.0 280.42 100.0
273.0 1.51 8835312.0 1090.0 0.0 278488.0 155.91 100.0
274.0 0.0 10057048.0 1025.0 0.0 262144.0 137.99 100.0
275.0 0.0 10056964.0 1058.0 0.0 270568.0 132.33 100.0
276.0 0.0 10057016.0 1089.0 0.0 278528.0 130.29 100.0
277.0 0.76 10060408.0 1093.0 0.0 279424.0 198.02 100.4
278.0 19.89 10068676.0 1033.0 0.0 263960.0 141.62 100.0
279.0 19.21 10077156.0 1087.0 0.0 277432.0 125.88 99.6
280.0 18.01 10080920.0 1025.0 0.0 262376.0 149.6 100.0
281.0 19.44 10083304.0 1036.0 0.0 265216.0 144.85 100.0
282.0 19.33 10085316.0 1108.0 0.0 283648.0 136.06 100.0
283.0 19.11 10089092.0 1024.0 0.0 262144.0 148.02 100.0
284.0 18.54 10091544.0 1057.0 0.0 270096.0 161.12 100.0
285.0 20.6 10094632.0 1023.0 0.0 260336.0 305.61 100.0
286.0 20.94 10093908.0 1070.0 0.0 272136.0 283.6 100.0
287.0 19.39 10100084.0 993.0 0.0 250736.0 284.43 100.0
288.0 15.3 4452264.0 139.0 0.0 33072.0 88.29 10.4
289.0 17.5 2136356.0 0.0 0.0 0.0 0.0 0.0
290.0 24.06 2128844.0 0.0 0.0 0.0 0.0 0.0
291.0 24.0 2133024.0 0.0 0.0 0.0 0.0 0.0
292.0 23.31 2136444.0 21.0 8.0 3240.0 24.19 3.2
293.0 23.37 2132204.0 201.0 0.0 47096.0 98.23 16.0
294.0 24.56 2118352.0 0.0 0.0 0.0 0.0 0.0
295.0 24.56 2103684.0 0.0 0.0 0.0 0.0 0.0
