0.0 20.36 1480324.0 0.0 0.0 0.0 0.0 0.0
1.0 22.11 1486712.0 0.0 0.0 0.0 0.0 0.0
2.0 15.95 1492696.0 0.0 0.0 0.0 0.0 0.0
3.0 31.89 1527420.0 0.0 0.0 0.0 0.0 0.0
4.0 35.98 1553560.0 0.0 0.0 0.0 0.0 0.0
5.0 48.92 1545740.0 0.0 0.0 0.0 0.0 0.0
6.0 18.09 1617960.0 0.0 0.0 0.0 0.0 0.0
7.0 20.96 1660024.0 0.0 0.0 0.0 0.0 0.0
8.0 23.81 1646956.0 0.0 0.0 0.0 0.0 0.0
9.0 22.75 1650516.0 0.0 0.0 0.0 0.0 0.0
10.0 22.75 1661880.0 0.0 0.0 0.0 0.0 0.0
11.0 23.81 1655492.0 0.0 0.0 0.0 0.0 0.0
12.0 23.37 1681780.0 0.0 0.0 0.0 0.0 0.0
13.0 24.5 1784684.0 0.0 0.0 0.0 0.0 0.0
14.0 24.69 1810112.0 0.0 0.0 0.0 0.0 0.0
15.0 24.62 1839500.0 0.0 0.0 0.0 0.0 0.0
16.0 22.44 1774172.0 0.0 0.0 0.0 0.0 0.0
17.0 24.06 1851540.0 0.0 0.0 0.0 0.0 0.0
18.0 24.25 1915336.0 0.0 0.0 0.0 0.0 0.0
19.0 24.81 1936292.0 0.0 0.0 0.0 0.0 0.0
20.0 24.94 1940880.0 0.0 0.0 0.0 0.0 0.0
21.0 24.81 1958984.0 0.0 0.0 0.0 0.0 0.0
22.0 24.75 1981244.0 0.0 0.0 0.0 0.0 0.0
23.0 24.25 1666552.0 0.0 0.0 0.0 0.0 0.0
24.0 22.19 1679880.0 0.0 0.0 0.0 0.0 0.0
25.0 24.06 1774380.0 0.0 0.0 0.0 0.0 0.0
26.0 24.5 1803244.0 0.0 0.0 0.0 0.0 0.0
27.0 23.87 1677224.0 0.0 0.0 0.0 0.0 0.0
28.0 23.94 1660960.0 0.0 0.0 0.0 0.0 0.0
29.0 23.25 1753308.0 0.0 0.0 0.0 0.0 0.0
30.0 23.56 1702740.0 0.0 0.0 0.0 0.0 0.0
31.0 24.25 1774728.0 0.0 0.0 0.0 0.0 0.0
32.0 24.56 1800504.0 0.0 0.0 0.0 0.0 0.0
33.0 22.64 1760100.0 0.0 0.0 0.0 0.0 0.0
34.0 24.81 1802004.0 0.0 0.0 0.0 0.0 0.0
35.0 24.44 1828060.0 0.0 0.0 0.0 0.0 0.0
36.0 23.5 1694816.0 0.0 0.0 0.0 0.0 0.0
37.0 24.0 1774564.0 0.0 0.0 0.0 0.0 0.0
38.0 23.12 1720228.0 0.0 0.0 0.0 0.0 0.0
39.0 23.94 1769148.0 0.0 0.0 0.0 0.0 0.0
40.0 22.25 1684804.0 0.0 0.0 0.0 0.0 0.0
41.0 22.92 1704124.0 0.0 0.0 0.0 0.0 0.0
42.0 24.69 1706324.0 0.0 0.0 0.0 0.0 0.0
43.0 23.75 1717220.0 0.0 0.0 0.0 0.0 0.0
44.0 10.66 1729956.0 3.0 24.0 0.0 0.0 0.0
45.0 4.03 1810532.0 0.0 0.0 0.0 0.0 0.0
46.0 15.13 2011052.0 6.0 48.0 0.0 0.0 0.0
