0.0 24.8 1477940.0 0.0 0.0 0.0 0.0 0.0
1.0 20.91 1493912.0 0.0 0.0 0.0 0.0 0.0
2.0 21.75 1496916.0 0.0 0.0 0.0 0.0 0.0
3.0 8.0 1487840.0 0.0 0.0 0.0 0.0 0.0
4.0 25.59 1521220.0 0.0 0.0 0.0 0.0 0.0
5.0 36.72 1570344.0 0.0 0.0 0.0 0.0 0.0
6.0 49.59 1551400.0 0.0 0.0 0.0 0.0 0.0
7.0 19.8 1614168.0 0.0 0.0 0.0 0.0 0.0
8.0 16.46 1654768.0 0.0 0.0 0.0 0.0 0.0
9.0 23.87 1660944.0 0.0 0.0 0.0 0.0 0.0
10.0 23.25 1655536.0 0.0 0.0 0.0 0.0 0.0
11.0 23.5 1657444.0 0.0 0.0 0.0 0.0 0.0
12.0 24.25 1685780.0 0.0 0.0 0.0 0.0 0.0
13.0 23.56 1663288.0 0.0 0.0 0.0 0.0 0.0
14.0 23.44 1765508.0 0.0 0.0 0.0 0.0 0.0
15.0 24.31 1808208.0 0.0 0.0 0.0 0.0 0.0
16.0 24.25 1831808.0 0.0 0.0 0.0 0.0 0.0
17.0 23.31 1752372.0 0.0 0.0 0.0 0.0 0.0
18.0 24.44 1840836.0 0.0 0.0 0.0 0.0 0.0
19.0 24.31 1900604.0 0.0 0.0 0.0 0.0 0.0
20.0 24.25 1942268.0 0.0 0.0 0.0 0.0 0.0
21.0 24.75 1946484.0 0.0 0.0 0.0 0.0 0.0
22.0 24.94 1962620.0 0.0 0.0 0.0 0.0 0.0
23.0 24.81 1983832.0 0.0 0.0 0.0 0.0 0.0
24.0 24.5 1955780.0 0.0 0.0 0.0 0.0 0.0
25.0 22.75 1680436.0 0.0 0.0 0.0 0.0 0.0
26.0 24.0 1779736.0 0.0 0.0 0.0 0.0 0.0
27.0 24.69 1808472.0 0.0 0.0 0.0 0.0 0.0
28.0 23.0 1678532.0 0.0 0.0 0.0 0.0 0.0
29.0 24.06 1754948.0 0.0 0.0 0.0 0.0 0.0
30.0 23.69 1758644.0 0.0 0.0 0.0 0.0 0.0
31.0 23.81 1705296.0 0.0 0.0 0.0 0.0 0.0
32.0 24.06 1780072.0 0.0 0.0 0.0 0.0 0.0
33.0 24.44 1807972.0 0.0 0.0 0.0 0.0 0.0
34.0 22.81 1770376.0 0.0 0.0 0.0 0.0 0.0
35.0 24.44 1809980.0 0.0 0.0 0.0 0.0 0.0
36.0 24.5 1835552.0 0.0 0.0 0.0 0.0 0.0
37.0 24.06 1716888.0 0.0 0.0 0.0 0.0 0.0
38.0 24.69 1787852.0 0.0 0.0 0.0 0.0 0.0
39.0 23.25 1752048.0 0.0 0.0 0.0 0.0 0.0
40.0 23.69 1688844.0 0.0 0.0 0.0 0.0 0.0
41.0 22.22 1707172.0 0.0 0.0 0.0 0.0 0.0
42.0 24.69 1711216.0 0.0 0.0 0.0 0.0 0.0
43.0 24.56 1713132.0 0.0 0.0 0.0 0.0 0.0
44.0 21.75 1727764.0 0.0 0.0 0.0 0.0 0.0
45.0 7.32 1783352.0 3.0 24.0 0.0 0.0 0.0
46.0 4.13 1962104.0 6.0 48.0 0.0 2.0 1.2
47.0 74.75 2142316.0 0.0 0.0 0.0 0.0 0.0
48.0 73.92 2292556.0 0.0 0.0 0.0 0.0 0.0
49.0 71.29 2541072.0 0.0 0.0 0.0 0.0 0.0
50.0 48.87 2070468.0 1379.0 0.0 344832.0 115.97 86.8
51.0 83.33 2173500.0 697.0 16.0 175904.0 85.55 40.0
52.0 67.77 2326736.0 0.0 0.0 0.0 0.0 0.0
53.0 73.07 2579952.0 0.0 0.0 0.0 0.0 0.0
54.0 58.48 2106280.0 0.0 0.0 0.0 0.0 0.0
55.0 72.98 2330724.0 169.0 0.0 38576.0 55.22 10.0
56.0 67.17 2360680.0 0.0 0.0 0.0 0.0 0.0
57.0 56.68 2615176.0 0.0 0.0 0.0 0.0 0.0
58.0 64.39 2178776.0 0.0 0.0 0.0 0.0 0.0
59.0 75.38 2327276.0 0.0 0.0 0.0 0.0 0.0
60.0 75.69 2559072.0 189.0 0.0 45216.0 51.96 10.4
61.0 60.3 2116816.0 0.0 0.0 0.0 0.0 0.0
62.0 75.76 2233480.0 0.0 0.0 0.0 0.0 0.0
63.0 65.82 2164220.0 0.0 0.0 0.0 0.0 0.0
64.0 73.62 2344296.0 0.0 0.0 0.0 0.0 0.0
65.0 53.44 2072296.0 181.0 0.0 41200.0 52.95 10.4
66.0 79.95 2235584.0 1.0 8.0 0.0 0.0 0.0
67.0 72.25 2390572.0 0.0 0.0 0.0 0.0 0.0
68.0 64.32 2162876.0 0.0 0.0 0.0 0.0 0.0
69.0 74.94 2323496.0 0.0 0.0 0.0 0.0 0.0
70.0 68.26 2057864.0 170.0 0.0 40240.0 53.55 10.0
71.0 70.63 2245132.0 0.0 0.0 0.0 0.0 0.0
72.0 76.2 2394240.0 0.0 0.0 0.0 0.0 0.0
73.0 59.9 2166064.0 0.0 0.0 0.0 0.0 0.0
74.0 79.9 2305504.0 0.0 0.0 0.0 0.0 0.0
75.0 59.9 2078000.0 181.0 0.0 42520.0 56.64 11.6
76.0 31.63 2087996.0 0.0 0.0 0.0 0.0 0.0
77.0 34.77 2088888.0 0.0 0.0 0.0 0.0 0.0
78.0 35.2 2090128.0 0.0 0.0 0.0 0.0 0.0
79.0 35.03 2091136.0 0.0 0.0 0.0 0.0 0.0
80.0 35.19 2092568.0 76.0 0.0 17904.0 29.37 4.8
81.0 35.28 2093684.0 0.0 0.0 0.0 0.0 0.0
82.0 35.86 2094652.0 0.0 0.0 0.0 0.0 0.0
83.0 35.7 2096144.0 0.0 0.0 0.0 0.0 0.0
84.0 35.2 2097384.0 0.0 0.0 0.0 0.0 0.0
85.0 34.95 2098476.0 73.0 0.0 12704.0 17.42 5.6
86.0 34.77 2099576.0 0.0 0.0 0.0 0.0 0.0
87.0 35.37 2100568.0 0.0 0.0 0.0 0.0 0.0
88.0 35.1 2101684.0 0.0 0.0 0.0 0.0 0.0
89.0 35.53 2102800.0 0.0 0.0 0.0 0.0 0.0
90.0 32.91 2089240.0 45.0 0.0 10888.0 26.84 3.6
91.0 35.61 2089984.0 0.0 0.0 0.0 0.0 0.0
92.0 34.86 2091120.0 0.0 0.0 0.0 0.0 0.0
93.0 35.53 2092236.0 0.0 0.0 0.0 0.0 0.0
94.0 34.95 2093476.0 0.0 0.0 0.0 0.0 0.0
95.0 35.7 2094932.0 49.0 0.0 11656.0 19.1 3.2
96.0 35.37 2096172.0 0.0 0.0 0.0 0.0 0.0
97.0 34.78 2097288.0 0.0 0.0 0.0 0.0 0.0
98.0 34.18 2098404.0 0.0 0.0 0.0 0.0 0.0
99.0 34.7 2099496.0 0.0 0.0 0.0 0.0 0.0
100.0 35.2 2100688.0 47.0 0.0 11240.0 21.7 3.2
101.0 35.19 2101728.0 0.0 0.0 0.0 0.0 0.0
102.0 36.59 2102844.0 0.0 0.0 0.0 0.0 0.0
103.0 34.78 2104084.0 0.0 0.0 0.0 0.0 0.0
104.0 33.59 2089936.0 0.0 0.0 0.0 0.0 0.0
105.0 35.79 2091136.0 49.0 8.0 11312.0 16.98 2.8
106.0 35.61 2092440.0 0.0 0.0 0.0 0.0 0.0
107.0 35.19 2093416.0 0.0 0.0 0.0 0.0 0.0
108.0 35.61 2094532.0 0.0 0.0 0.0 0.0 0.0
109.0 34.69 2095648.0 0.0 0.0 0.0 0.0 0.0
110.0 33.92 2097316.0 46.0 0.0 11248.0 23.04 3.6
111.0 33.59 2098644.0 0.0 0.0 0.0 0.0 0.0
112.0 34.26 2100396.0 0.0 0.0 0.0 0.0 0.0
113.0 33.84 2101480.0 0.0 0.0 0.0 0.0 0.0
114.0 35.7 2102784.0 0.0 0.0 0.0 0.0 0.0
115.0 33.93 2104468.0 57.0 0.0 14000.0 24.21 3.6
116.0 34.34 2106080.0 0.0 0.0 0.0 0.0 0.0
117.0 31.71 2090944.0 0.0 0.0 0.0 0.0 0.0
118.0 35.44 2092076.0 0.0 0.0 0.0 0.0 0.0
119.0 35.2 2093068.0 0.0 0.0 0.0 0.0 0.0
120.0 34.36 2094744.0 71.0 0.0 13200.0 23.72 4.8
121.0 35.95 2096108.0 0.0 0.0 0.0 0.0 0.0
122.0 35.62 2097224.0 0.0 0.0 0.0 0.0 0.0
123.0 35.7 2098464.0 0.0 0.0 0.0 0.0 0.0
124.0 34.78 2099644.0 0.0 0.0 0.0 0.0 0.0
125.0 35.11 2101020.0 48.0 0.0 11792.0 20.83 3.2
126.0 34.62 2101996.0 0.0 0.0 0.0 0.0 0.0
127.0 34.87 2103236.0 0.0 0.0 0.0 0.0 0.0
128.0 35.1 2104368.0 0.0 0.0 0.0 0.0 0.0
129.0 35.2 2105608.0 0.0 0.0 0.0 0.0 0.0
130.0 33.25 2092168.0 48.0 0.0 11848.0 21.25 3.2
131.0 35.28 2092872.0 0.0 0.0 0.0 0.0 0.0
132.0 32.64 2094236.0 0.0 0.0 0.0 0.0 0.0
133.0 33.33 2095352.0 0.0 0.0 0.0 0.0 0.0
134.0 32.32 2091916.0 0.0 0.0 0.0 0.0 0.0
135.0 34.01 2093192.0 57.0 0.0 13696.0 20.14 3.2
136.0 31.87 2094448.0 0.0 0.0 0.0 0.0 0.0
137.0 35.32 2095936.0 0.0 0.0 0.0 0.0 0.0
138.0 32.74 2097300.0 0.0 0.0 0.0 0.0 0.0
139.0 31.69 2098912.0 0.0 0.0 0.0 0.0 0.0
140.0 31.4 2100752.0 58.0 0.0 14312.0 26.97 4.0
141.0 34.34 2102380.0 0.0 0.0 0.0 0.0 0.0
142.0 34.48 2092648.0 0.0 0.0 0.0 0.0 0.0
143.0 32.22 2094136.0 0.0 0.0 0.0 0.0 0.0
144.0 32.65 2095104.0 0.0 0.0 0.0 0.0 0.0
145.0 32.74 2096196.0 57.0 0.0 13848.0 28.14 4.0
146.0 33.08 2097876.0 0.0 0.0 0.0 0.0 0.0
147.0 34.01 2099488.0 0.0 0.0 0.0 0.0 0.0
148.0 34.1 2100092.0 0.0 0.0 0.0 0.0 0.0
149.0 34.68 2101332.0 0.0 0.0 0.0 0.0 0.0
150.0 34.67 2086988.0 53.0 0.0 12832.0 22.72 3.6
151.0 35.37 2093080.0 0.0 0.0 0.0 0.0 0.0
152.0 37.95 2094744.0 0.0 0.0 0.0 0.0 0.0
153.0 33.59 2096232.0 0.0 0.0 0.0 0.0 0.0
154.0 34.09 2097712.0 0.0 0.0 0.0 0.0 0.0
155.0 32.99 2098796.0 72.0 0.0 13776.0 19.78 3.6
156.0 34.66 2100036.0 0.0 0.0 0.0 0.0 0.0
157.0 34.59 2101492.0 0.0 0.0 0.0 0.0 0.0
158.0 31.71 2093004.0 0.0 0.0 0.0 0.0 0.0
159.0 34.28 2093680.0 0.0 0.0 0.0 0.0 0.0
160.0 34.61 2094656.0 55.0 0.0 12968.0 25.75 4.0
161.0 35.61 2096040.0 0.0 0.0 0.0 0.0 0.0
162.0 34.94 2097280.0 0.0 0.0 0.0 0.0 0.0
163.0 34.86 2098396.0 0.0 0.0 0.0 0.0 0.0
164.0 35.61 2099512.0 0.0 0.0 0.0 0.0 0.0
165.0 34.78 2100788.0 46.0 0.0 11080.0 21.57 3.2
166.0 34.27 2102028.0 0.0 0.0 0.0 0.0 0.0
167.0 34.86 2102908.0 0.0 0.0 0.0 0.0 0.0
168.0 33.76 2093892.0 0.0 0.0 0.0 0.0 0.0
169.0 33.33 2095244.0 0.0 0.0 0.0 0.0 0.0
170.0 32.91 2096848.0 52.0 0.0 12320.0 22.0 4.0
171.0 32.91 2098280.0 0.0 0.0 0.0 0.0 0.0
172.0 34.44 2099148.0 0.0 0.0 0.0 0.0 0.0
173.0 35.28 2100264.0 0.0 0.0 0.0 0.0 0.0
174.0 34.27 2101504.0 0.0 0.0 0.0 0.0 0.0
175.0 34.01 2102932.0 49.0 0.0 11776.0 22.45 3.2
176.0 35.03 2086460.0 0.0 0.0 0.0 0.0 0.0
