0.0 17.59 1504748.0 0.0 0.0 0.0 0.0 0.0
1.0 19.3 1481244.0 0.0 0.0 0.0 0.0 0.0
2.0 11.08 1497688.0 0.0 0.0 0.0 0.0 0.0
3.0 36.79 1530476.0 0.0 0.0 0.0 0.0 0.0
4.0 43.62 1549552.0 0.0 0.0 0.0 0.0 0.0
5.0 33.69 1576716.0 0.0 0.0 0.0 0.0 0.0
6.0 21.36 1620692.0 0.0 0.0 0.0 0.0 0.0
7.0 20.51 1662944.0 0.0 0.0 0.0 0.0 0.0
8.0 23.56 1652700.0 0.0 0.0 0.0 0.0 0.0
9.0 22.06 1655208.0 0.0 0.0 0.0 0.0 0.0
10.0 23.81 1666772.0 0.0 0.0 0.0 0.0 0.0
11.0 24.25 1662648.0 0.0 0.0 0.0 0.0 0.0
12.0 23.81 1692964.0 0.0 0.0 0.0 0.0 0.0
13.0 23.81 1793420.0 0.0 0.0 0.0 0.0 0.0
14.0 24.44 1816532.0 0.0 0.0 0.0 0.0 0.0
15.0 24.06 1664056.0 0.0 0.0 0.0 0.0 0.0
16.0 22.75 1792196.0 0.0 0.0 0.0 0.0 0.0
17.0 24.25 1870504.0 0.0 0.0 0.0 0.0 0.0
18.0 24.06 1935492.0 0.0 0.0 0.0 0.0 0.0
19.0 25.0 1943692.0 0.0 0.0 0.0 0.0 0.0
20.0 24.69 1951892.0 0.0 0.0 0.0 0.0 0.0
21.0 25.06 1971996.0 0.0 0.0 0.0 0.0 0.0
22.0 24.44 1994116.0 0.0 0.0 0.0 0.0 0.0
23.0 23.56 1684972.0 0.0 0.0 0.0 0.0 0.0
24.0 23.0 1727892.0 0.0 0.0 0.0 0.0 0.0
25.0 24.69 1791832.0 0.0 0.0 0.0 0.0 0.0
26.0 24.81 1817356.0 0.0 0.0 0.0 0.0 0.0
27.0 23.81 1734644.0 0.0 0.0 0.0 0.0 0.0
28.0 24.0 1722544.0 0.0 0.0 0.0 0.0 0.0
29.0 24.25 1770656.0 0.0 0.0 0.0 0.0 0.0
30.0 23.56 1763272.0 0.0 0.0 0.0 0.0 0.0
31.0 24.32 1793916.0 0.0 0.0 0.0 0.0 0.0
32.0 23.68 1712364.0 0.0 0.0 0.0 0.0 0.0
33.0 23.5 1794144.0 0.0 0.0 0.0 0.0 0.0
34.0 24.5 1822008.0 0.0 0.0 0.0 0.0 0.0
35.0 24.19 1678100.0 0.0 0.0 0.0 0.0 0.0
36.0 23.56 1771492.0 0.0 0.0 0.0 0.0 0.0
37.0 23.5 1700464.0 0.0 0.0 0.0 0.0 0.0
38.0 23.87 1767800.0 0.0 0.0 0.0 0.0 0.0
39.0 23.25 1666068.0 0.0 0.0 0.0 0.0 0.0
40.0 22.42 1708672.0 0.0 0.0 0.0 0.0 0.0
41.0 25.0 1710620.0 0.0 0.0 0.0 0.0 0.0
42.0 24.0 1690228.0 0.0 0.0 0.0 0.0 0.0
43.0 12.06 1730052.0 3.0 24.0 0.0 1.33 0.4
44.0 0.28 1772180.0 0.0 0.0 0.0 0.0 0.0
45.0 0.56 1812716.0 0.0 0.0 0.0 0.0 0.0
46.0 10.42 1999856.0 6.0 48.0 0.0 0.67 0.4
47.0 81.11 2159692.0 0.0 0.0 0.0 0.0 0.0
48.0 70.53 2314036.0 590.0 0.0 148248.0 111.25 38.8
49.0 68.61 2514000.0 1420.0 8.0 356272.0 107.54 82.8
50.0 52.54 2065496.0 0.0 0.0 0.0 0.0 0.0
51.0 78.68 2174992.0 1.0 8.0 0.0 0.0 0.0
52.0 67.0 2323604.0 0.0 0.0 0.0 0.0 0.0
53.0 64.56 2575036.0 183.0 0.0 44048.0 55.93 11.2
54.0 57.18 2082608.0 0.0 0.0 0.0 0.0 0.0
55.0 78.43 2303752.0 0.0 0.0 0.0 0.0 0.0
56.0 64.5 2371780.0 0.0 0.0 0.0 0.0 0.0
57.0 66.67 2582672.0 0.0 0.0 0.0 0.0 0.0
58.0 63.45 2119444.0 163.0 0.0 38792.0 54.82 10.4
59.0 68.09 2328488.0 0.0 0.0 0.0 0.0 0.0
60.0 64.97 2352500.0 0.0 0.0 0.0 0.0 0.0
61.0 58.33 2024020.0 0.0 0.0 0.0 0.0 0.0
62.0 74.87 2202776.0 0.0 0.0 0.0 0.0 0.0
63.0 57.11 2118904.0 180.0 0.0 42464.0 59.4 11.6
64.0 82.46 2304100.0 0.0 0.0 0.0 0.0 0.0
65.0 68.34 2363564.0 0.0 0.0 0.0 0.0 0.0
66.0 62.09 2149828.0 0.0 0.0 0.0 0.0 0.0
67.0 75.94 2355472.0 1.0 8.0 0.0 0.0 0.0
68.0 64.9 2392168.0 171.0 0.0 40440.0 58.74 11.2
69.0 65.16 2224932.0 0.0 0.0 0.0 0.0 0.0
70.0 75.25 2369432.0 0.0 0.0 0.0 0.0 0.0
71.0 52.91 2110732.0 0.0 0.0 0.0 0.0 0.0
72.0 82.03 2256324.0 0.0 0.0 0.0 0.0 0.0
73.0 73.93 2404436.0 169.0 0.0 39576.0 56.07 11.2
74.0 62.88 2181360.0 0.0 0.0 0.0 0.0 0.0
75.0 75.68 2401432.0 0.0 0.0 0.0 0.0 0.0
76.0 55.03 2084008.0 0.0 0.0 0.0 0.0 0.0
77.0 31.23 2085868.0 0.0 0.0 0.0 0.0 0.0
78.0 34.09 2087588.0 135.0 0.0 31752.0 51.7 9.6
79.0 34.18 2089012.0 0.0 0.0 0.0 0.0 0.0
80.0 33.92 2090580.0 0.0 0.0 0.0 0.0 0.0
81.0 34.69 2091572.0 0.0 0.0 0.0 0.0 0.0
82.0 35.28 2092828.0 0.0 0.0 0.0 0.0 0.0
83.0 34.61 2094564.0 83.0 0.0 14168.0 17.16 6.0
84.0 35.86 2095560.0 0.0 0.0 0.0 0.0 0.0
85.0 35.03 2096956.0 0.0 0.0 0.0 0.0 0.0
86.0 35.03 2097964.0 0.0 0.0 0.0 0.0 0.0
87.0 35.61 2099344.0 0.0 0.0 0.0 0.0 0.0
88.0 35.35 2100240.0 46.0 0.0 11272.0 21.57 3.2
89.0 34.44 2080048.0 0.0 0.0 0.0 0.0 0.0
90.0 35.45 2087112.0 0.0 0.0 0.0 0.0 0.0
91.0 34.54 2087580.0 0.0 0.0 0.0 0.0 0.0
92.0 34.78 2088944.0 0.0 0.0 0.0 0.0 0.0
93.0 35.62 2090624.0 50.0 0.0 11864.0 20.0 3.2
94.0 35.53 2091740.0 0.0 0.0 0.0 0.0 0.0
95.0 35.11 2093104.0 0.0 0.0 0.0 0.0 0.0
96.0 34.95 2094220.0 0.0 0.0 0.0 0.0 0.0
97.0 35.01 2095488.0 0.0 0.0 0.0 0.0 0.0
98.0 34.45 2097028.0 47.0 0.0 11368.0 22.47 3.2
99.0 35.03 2097876.0 0.0 0.0 0.0 0.0 0.0
100.0 36.18 2099132.0 0.0 0.0 0.0 0.0 0.0
101.0 34.36 2100264.0 0.0 0.0 0.0 0.0 0.0
102.0 35.68 2101644.0 0.0 0.0 0.0 0.0 0.0
103.0 35.04 2102872.0 46.0 0.0 11112.0 22.09 3.2
104.0 33.08 2087760.0 1.0 8.0 0.0 0.0 0.0
105.0 35.7 2088828.0 0.0 0.0 0.0 0.0 0.0
106.0 35.19 2090368.0 0.0 0.0 0.0 0.0 0.0
107.0 34.95 2091308.0 0.0 0.0 0.0 0.0 0.0
108.0 34.52 2092768.0 50.0 0.0 11816.0 21.52 3.2
109.0 35.53 2093680.0 0.0 0.0 0.0 0.0 0.0
110.0 35.28 2094952.0 0.0 0.0 0.0 0.0 0.0
111.0 35.2 2096084.0 0.0 0.0 0.0 0.0 0.0
112.0 34.95 2097232.0 0.0 0.0 0.0 0.0 0.0
113.0 35.28 2098836.0 47.0 0.0 11432.0 22.21 3.6
114.0 35.11 2100432.0 0.0 0.0 0.0 0.0 0.0
115.0 35.04 2101424.0 0.0 0.0 0.0 0.0 0.0
116.0 35.53 2102540.0 0.0 0.0 0.0 0.0 0.0
117.0 34.86 2103780.0 0.0 0.0 0.0 0.0 0.0
118.0 32.14 2089260.0 21.0 0.0 5088.0 19.24 2.4
119.0 35.11 2089924.0 44.0 0.0 6984.0 17.45 2.0
120.0 34.51 2091232.0 0.0 0.0 0.0 0.0 0.0
121.0 34.51 2092720.0 0.0 0.0 0.0 0.0 0.0
122.0 33.5 2093712.0 0.0 0.0 0.0 0.0 0.0
123.0 33.25 2095200.0 0.0 0.0 0.0 0.0 0.0
124.0 36.18 2096848.0 56.0 0.0 13488.0 26.07 4.4
125.0 35.77 2097680.0 0.0 0.0 0.0 0.0 0.0
126.0 35.61 2099044.0 0.0 0.0 0.0 0.0 0.0
127.0 34.53 2100284.0 0.0 0.0 0.0 0.0 0.0
128.0 35.61 2101400.0 0.0 0.0 0.0 0.0 0.0
129.0 34.61 2102652.0 47.0 0.0 11440.0 20.6 3.2
130.0 35.52 2103892.0 0.0 0.0 0.0 0.0 0.0
131.0 31.96 2090392.0 0.0 0.0 0.0 0.0 0.0
132.0 35.53 2090748.0 0.0 0.0 0.0 0.0 0.0
133.0 34.95 2091740.0 0.0 0.0 0.0 0.0 0.0
134.0 35.13 2093296.0 50.0 0.0 11760.0 19.44 3.2
135.0 34.68 2094156.0 0.0 0.0 0.0 0.0 0.0
136.0 31.62 2090940.0 0.0 0.0 0.0 0.0 0.0
137.0 33.67 2092056.0 0.0 0.0 0.0 0.0 0.0
138.0 35.52 2092924.0 0.0 0.0 0.0 0.0 0.0
139.0 34.53 2093828.0 51.0 0.0 12248.0 25.49 3.6
140.0 34.94 2095192.0 0.0 0.0 0.0 0.0 0.0
141.0 34.95 2096556.0 0.0 0.0 0.0 0.0 0.0
142.0 34.77 2097672.0 0.0 0.0 0.0 0.0 0.0
143.0 35.44 2098912.0 0.0 0.0 0.0 0.0 0.0
144.0 34.69 2100152.0 48.0 0.0 11472.0 21.17 3.2
145.0 34.01 2090324.0 0.0 0.0 0.0 0.0 0.0
146.0 32.31 2091952.0 0.0 0.0 0.0 0.0 0.0
147.0 34.51 2093316.0 0.0 0.0 0.0 0.0 0.0
148.0 32.9 2094804.0 0.0 0.0 0.0 0.0 0.0
149.0 36.36 2095912.0 55.0 0.0 13208.0 23.2 3.6
150.0 33.08 2097524.0 0.0 0.0 0.0 0.0 0.0
151.0 32.73 2098904.0 0.0 0.0 0.0 0.0 0.0
152.0 33.59 2100516.0 0.0 0.0 0.0 0.0 0.0
153.0 32.14 2091384.0 0.0 0.0 0.0 0.0 0.0
154.0 33.08 2093316.0 65.0 0.0 14088.0 19.32 3.6
155.0 32.99 2094804.0 0.0 0.0 0.0 0.0 0.0
156.0 34.87 2095428.0 0.0 0.0 0.0 0.0 0.0
157.0 34.35 2096544.0 0.0 0.0 0.0 0.0 0.0
158.0 34.77 2097660.0 0.0 0.0 0.0 0.0 0.0
159.0 33.85 2099332.0 51.0 0.0 12280.0 22.12 3.2
160.0 34.44 2100448.0 0.0 0.0 0.0 0.0 0.0
161.0 35.26 2101688.0 0.0 0.0 0.0 0.0 0.0
162.0 32.65 2092504.0 0.0 0.0 0.0 0.0 0.0
163.0 34.01 2093396.0 0.0 0.0 0.0 0.0 0.0
164.0 34.69 2094744.0 52.0 0.0 12576.0 23.54 3.6
165.0 34.52 2095668.0 0.0 0.0 0.0 0.0 0.0
166.0 34.77 2097064.0 0.0 0.0 0.0 0.0 0.0
167.0 32.99 2098196.0 0.0 0.0 0.0 0.0 0.0
168.0 33.84 2099560.0 0.0 0.0 0.0 0.0 0.0
169.0 33.33 2101520.0 52.0 0.0 12488.0 21.54 3.6
170.0 32.06 2092696.0 0.0 0.0 0.0 0.0 0.0
171.0 35.77 2092984.0 0.0 0.0 0.0 0.0 0.0
172.0 34.1 2093976.0 0.0 0.0 0.0 0.0 0.0
173.0 34.94 2095340.0 0.0 0.0 0.0 0.0 0.0
174.0 34.44 2096956.0 51.0 0.0 12296.0 26.51 4.0
175.0 35.1 2097912.0 0.0 0.0 0.0 0.0 0.0
176.0 35.61 2099028.0 0.0 0.0 0.0 0.0 0.0
177.0 34.18 2100284.0 0.0 0.0 0.0 0.0 0.0
178.0 35.61 2101276.0 0.0 0.0 0.0 0.0 0.0
179.0 19.14 4034680.0 47.0 0.0 11304.0 20.85 3.6
180.0 15.0 6007088.0 1.0 8.0 0.0 4.0 0.4
181.0 24.94 6008048.0 0.0 0.0 0.0 0.0 0.0
182.0 25.06 6008792.0 0.0 0.0 0.0 0.0 0.0
183.0 24.94 6009412.0 0.0 0.0 0.0 0.0 0.0
184.0 25.0 6010260.0 44.0 0.0 8024.0 11.27 2.4
185.0 24.75 6010756.0 0.0 0.0 0.0 0.0 0.0
186.0 25.19 6011252.0 0.0 0.0 0.0 0.0 0.0
187.0 24.75 6011872.0 0.0 0.0 0.0 0.0 0.0
188.0 24.75 6012244.0 0.0 0.0 0.0 0.0 0.0
189.0 25.06 6013012.0 24.0 0.0 5472.0 13.17 1.6
190.0 25.25 6013384.0 0.0 0.0 0.0 0.0 0.0
191.0 24.69 6013716.0 0.0 0.0 0.0 0.0 0.0
192.0 24.75 6014212.0 0.0 0.0 0.0 0.0 0.0
193.0 25.0 6014708.0 0.0 0.0 0.0 0.0 0.0
194.0 24.94 6015044.0 20.0 0.0 4400.0 8.8 1.6
195.0 25.06 6015540.0 0.0 0.0 0.0 0.0 0.0
196.0 24.75 6016408.0 0.0 0.0 0.0 0.0 0.0
197.0 25.0 6016780.0 0.0 0.0 0.0 0.0 0.0
198.0 25.0 6017184.0 0.0 0.0 0.0 0.0 0.0
199.0 25.06 6017836.0 23.0 0.0 5104.0 11.13 1.6
200.0 25.0 6018208.0 0.0 0.0 0.0 0.0 0.0
201.0 25.0 6018580.0 0.0 0.0 0.0 0.0 0.0
202.0 24.75 6018952.0 0.0 0.0 0.0 0.0 0.0
203.0 25.0 6019448.0 0.0 0.0 0.0 0.0 0.0
204.0 25.06 6019692.0 20.0 0.0 4024.0 8.0 1.2
205.0 25.0 6020064.0 0.0 0.0 0.0 0.0 0.0
206.0 24.87 6020436.0 0.0 0.0 0.0 0.0 0.0
207.0 24.94 6020932.0 0.0 0.0 0.0 0.0 0.0
208.0 25.0 6021304.0 0.0 0.0 0.0 0.0 0.0
209.0 25.06 6021988.0 18.0 0.0 4032.0 11.33 1.6
210.0 24.75 6022360.0 0.0 0.0 0.0 0.0 0.0
211.0 25.0 6022856.0 0.0 0.0 0.0 0.0 0.0
212.0 25.06 6023476.0 0.0 0.0 0.0 0.0 0.0
213.0 25.0 6023848.0 0.0 0.0 0.0 0.0 0.0
214.0 24.81 6024128.0 20.0 0.0 4232.0 7.4 1.2
215.0 24.94 6024500.0 0.0 0.0 0.0 0.0 0.0
216.0 25.0 6024996.0 0.0 0.0 0.0 0.0 0.0
217.0 25.0 6025368.0 0.0 0.0 0.0 0.0 0.0
218.0 24.81 6025864.0 0.0 0.0 0.0 0.0 0.0
219.0 24.75 6026824.0 31.0 0.0 4328.0 6.84 2.0
220.0 25.06 6027196.0 0.0 0.0 0.0 0.0 0.0
221.0 24.94 6027568.0 0.0 0.0 0.0 0.0 0.0
222.0 24.94 6028064.0 0.0 0.0 0.0 0.0 0.0
223.0 25.06 6028312.0 0.0 0.0 0.0 0.0 0.0
224.0 24.44 6028652.0 21.0 0.0 4552.0 14.67 2.0
225.0 25.0 6029148.0 0.0 0.0 0.0 0.0 0.0
226.0 25.0 6029644.0 0.0 0.0 0.0 0.0 0.0
227.0 25.0 6030140.0 0.0 0.0 0.0 0.0 0.0
228.0 24.94 6030356.0 0.0 0.0 0.0 0.0 0.0
229.0 25.0 6030728.0 18.0 0.0 3488.0 4.0 0.8
230.0 25.06 6030852.0 0.0 0.0 0.0 0.0 0.0
231.0 24.94 6031100.0 0.0 0.0 0.0 0.0 0.0
232.0 25.0 6031596.0 0.0 0.0 0.0 0.0 0.0
233.0 25.0 6031844.0 0.0 0.0 0.0 0.0 0.0
234.0 25.0 6031996.0 13.0 0.0 2600.0 6.15 0.8
235.0 24.75 6032244.0 0.0 0.0 0.0 0.0 0.0
236.0 25.0 6032368.0 0.0 0.0 0.0 0.0 0.0
237.0 25.0 6032864.0 0.0 0.0 0.0 0.0 0.0
238.0 25.0 6033112.0 0.0 0.0 0.0 0.0 0.0
239.0 24.69 6033828.0 16.0 0.0 3008.0 5.0 0.8
240.0 25.0 6033952.0 0.0 0.0 0.0 0.0 0.0
241.0 25.0 6034200.0 0.0 0.0 0.0 0.0 0.0
242.0 24.94 6034572.0 0.0 0.0 0.0 0.0 0.0
243.0 25.06 6034944.0 0.0 0.0 0.0 0.0 0.0
244.0 25.0 6035032.0 14.0 0.0 2520.0 5.14 0.8
245.0 25.06 6035528.0 0.0 0.0 0.0 0.0 0.0
246.0 25.0 6035528.0 0.0 0.0 0.0 0.0 0.0
247.0 25.0 6035776.0 0.0 0.0 0.0 0.0 0.0
248.0 25.0 6036148.0 0.0 0.0 0.0 0.0 0.0
249.0 24.81 6036584.0 15.0 0.0 2712.0 2.93 0.8
250.0 25.06 6036832.0 0.0 0.0 0.0 0.0 0.0
251.0 25.0 6037204.0 0.0 0.0 0.0 0.0 0.0
252.0 25.0 6037328.0 0.0 0.0 0.0 0.0 0.0
253.0 24.81 6037576.0 0.0 0.0 0.0 0.0 0.0
254.0 25.0 6037884.0 12.0 0.0 2448.0 6.0 0.8
255.0 24.94 6038132.0 0.0 0.0 0.0 0.0 0.0
256.0 25.0 6038504.0 0.0 0.0 0.0 0.0 0.0
257.0 24.81 6038876.0 0.0 0.0 0.0 0.0 0.0
258.0 24.75 6039000.0 0.0 0.0 0.0 0.0 0.0
259.0 25.06 6039436.0 17.0 0.0 2984.0 4.24 0.8
260.0 25.0 6039684.0 0.0 0.0 0.0 0.0 0.0
261.0 25.0 6039932.0 0.0 0.0 0.0 0.0 0.0
262.0 25.0 6040056.0 0.0 0.0 0.0 0.0 0.0
263.0 16.5 6357440.0 2.0 16.0 0.0 0.0 0.0
264.0 0.0 7151104.0 911.0 48.0 231424.0 84.21 56.8
265.0 0.0 7868448.0 1686.0 48.0 424192.0 134.65 100.0
266.0 0.0 8393712.0 1668.0 32.0 417904.0 180.56 100.0
267.0 0.0 8706320.0 1691.0 24.0 423352.0 160.05 100.0
268.0 0.0 8914152.0 1675.0 8.0 428184.0 83.59 100.0
269.0 0.0 9125992.0 1709.0 16.0 436840.0 81.91 100.0
270.0 0.0 9343004.0 1698.0 16.0 433408.0 81.69 100.0
271.0 0.0 9568960.0 1700.0 16.0 434328.0 80.72 100.0
272.0 0.0 9803020.0 1712.0 16.0 437096.0 79.86 100.0
273.0 0.0 10035576.0 1710.0 8.0 437248.0 79.86 100.0
274.0 1.53 8484604.0 1699.0 8.0 434176.0 82.65 100.4
275.0 9.16 10070932.0 1634.0 0.0 417944.0 92.73 100.0
276.0 18.36 10084064.0 1763.0 0.0 429848.0 100.21 100.0
277.0 20.45 10086084.0 1720.0 0.0 436248.0 135.07 100.0
278.0 20.83 10084604.0 1681.0 0.0 430296.0 80.99 100.0
279.0 20.96 10087836.0 1632.0 0.0 417792.0 83.52 100.0
280.0 18.93 10088636.0 1696.0 0.0 434176.0 80.12 100.0
281.0 19.55 10091196.0 1706.0 0.0 436144.0 110.96 100.0
282.0 19.1 10089584.0 1264.0 16.0 318128.0 88.95 77.6
283.0 19.44 10091692.0 0.0 0.0 0.0 0.0 0.0
284.0 19.67 10093032.0 0.0 0.0 0.0 0.0 0.0
285.0 20.94 10097832.0 0.0 0.0 0.0 0.0 0.0
286.0 18.06 4888868.0 0.0 0.0 0.0 0.0 0.0
287.0 16.5 2138208.0 126.0 0.0 27656.0 43.3 7.6
288.0 24.06 2137876.0 0.0 0.0 0.0 0.0 0.0
289.0 24.06 2135024.0 0.0 0.0 0.0 0.0 0.0
290.0 23.75 2131796.0 0.0 0.0 0.0 0.0 0.0
291.0 23.87 2133732.0 1.0 8.0 0.0 0.0 0.0
292.0 24.43 2120372.0 230.0 0.0 52648.0 68.71 13.2
293.0 24.81 2107696.0 0.0 0.0 0.0 0.0 0.0
294.0 6.77 2111364.0 0.0 0.0 0.0 0.0 0.0
295.0 3.17 2131540.0 0.0 0.0 0.0 0.0 0.0
296.0 3.32 2160284.0 0.0 0.0 0.0 0.0 0.0
297.0 3.3 2185524.0 64.0 0.0 12160.0 14.12 2.8
298.0 2.33 2208528.0 0.0 0.0 0.0 0.0 0.0
299.0 0.52 2214372.0 0.0 0.0 0.0 0.0 0.0
300.0 1.05 2223624.0 0.0 0.0 0.0 0.0 0.0
301.0 3.55 2248160.0 0.0 0.0 0.0 0.0 0.0
302.0 2.13 2260152.0 0.0 0.0 0.0 0.0 0.0
303.0 16.8 2375204.0 0.0 0.0 0.0 0.0 0.0
304.0 16.23 2488196.0 0.0 0.0 0.0 0.0 0.0
305.0 3.27 2491412.0 0.0 0.0 0.0 0.0 0.0
306.0 22.17 2551792.0 0.0 0.0 0.0 0.0 0.0
307.0 24.31 2584408.0 0.0 0.0 0.0 0.0 0.0
308.0 23.75 2539732.0 0.0 0.0 0.0 0.0 0.0
309.0 23.31 2573456.0 0.0 0.0 0.0 0.0 0.0
310.0 24.44 2601648.0 0.0 0.0 0.0 0.0 0.0
311.0 24.0 2516824.0 0.0 0.0 0.0 0.0 0.0
312.0 24.56 2565308.0 0.0 0.0 0.0 0.0 0.0
313.0 23.5 2511340.0 0.0 0.0 0.0 0.0 0.0
314.0 23.06 2536496.0 0.0 0.0 0.0 0.0 0.0
315.0 24.5 2537916.0 0.0 0.0 0.0 0.0 0.0
316.0 22.81 2503028.0 0.0 0.0 0.0 0.0 0.0
317.0 24.19 2571360.0 50.0 0.0 448.0 60.32 10.4
318.0 23.12 2563252.0 0.0 0.0 0.0 0.0 0.0
319.0 23.75 2569168.0 0.0 0.0 0.0 0.0 0.0
320.0 24.25 2595468.0 0.0 0.0 0.0 0.0 0.0
321.0 23.5 2567140.0 0.0 0.0 0.0 0.0 0.0
322.0 22.86 2570992.0 0.0 0.0 0.0 0.0 0.0
323.0 24.5 2611660.0 0.0 0.0 0.0 0.0 0.0
324.0 24.75 2637608.0 0.0 0.0 0.0 0.0 0.0
325.0 24.44 2535364.0 0.0 0.0 0.0 0.0 0.0
326.0 23.37 2588068.0 0.0 0.0 0.0 0.0 0.0
327.0 23.25 2574532.0 0.0 0.0 0.0 0.0 0.0
328.0 24.44 2612840.0 0.0 0.0 0.0 0.0 0.0
329.0 23.81 2560708.0 0.0 0.0 0.0 0.0 0.0
330.0 24.44 2608820.0 0.0 0.0 0.0 0.0 0.0
331.0 24.75 2638168.0 0.0 0.0 0.0 0.0 0.0
332.0 23.75 2593452.0 0.0 0.0 0.0 0.0 0.0
333.0 24.56 2625872.0 0.0 0.0 0.0 0.0 0.0
334.0 24.87 2652344.0 0.0 0.0 0.0 0.0 0.0
335.0 23.56 2552732.0 0.0 0.0 0.0 0.0 0.0
336.0 23.0 2599640.0 0.0 0.0 0.0 0.0 0.0
337.0 23.75 2583796.0 0.0 0.0 0.0 0.0 0.0
338.0 23.56 2559972.0 0.0 0.0 0.0 0.0 0.0
339.0 23.75 2566348.0 0.0 0.0 0.0 0.0 0.0
340.0 24.06 2575084.0 0.0 0.0 0.0 0.0 0.0
341.0 24.12 2537836.0 0.0 0.0 0.0 0.0 0.0
342.0 22.94 2619340.0 0.0 0.0 0.0 0.0 0.0
343.0 24.56 2647388.0 0.0 0.0 0.0 0.0 0.0
344.0 24.5 2686776.0 0.0 0.0 0.0 0.0 0.0
345.0 23.5 2620872.0 0.0 0.0 0.0 0.0 0.0
346.0 24.81 2653356.0 0.0 0.0 0.0 0.0 0.0
347.0 24.69 2680488.0 0.0 0.0 0.0 0.0 0.0
348.0 22.11 2589468.0 0.0 0.0 0.0 0.0 0.0
349.0 24.44 2629796.0 0.0 0.0 0.0 0.0 0.0
350.0 25.06 2660100.0 0.0 0.0 0.0 0.0 0.0
351.0 22.0 2600528.0 0.0 0.0 0.0 0.0 0.0
352.0 23.88 2634352.0 0.0 0.0 0.0 0.0 0.0
353.0 23.56 2633380.0 0.0 0.0 0.0 0.0 0.0
354.0 24.25 2671644.0 0.0 0.0 0.0 0.0 0.0
355.0 24.81 2700568.0 0.0 0.0 0.0 0.0 0.0
356.0 24.19 2727104.0 0.0 0.0 0.0 0.0 0.0
357.0 23.56 2589364.0 0.0 0.0 0.0 0.0 0.0
358.0 22.25 2599420.0 0.0 0.0 0.0 0.0 0.0
359.0 24.0 2669896.0 0.0 0.0 0.0 0.0 0.0
360.0 24.75 2698788.0 0.0 0.0 0.0 0.0 0.0
361.0 24.75 2724332.0 0.0 0.0 0.0 0.0 0.0
362.0 24.25 2589168.0 0.0 0.0 0.0 0.0 0.0
363.0 22.56 2637424.0 0.0 0.0 0.0 0.0 0.0
364.0 24.44 2667792.0 0.0 0.0 0.0 0.0 0.0
365.0 22.81 2638956.0 0.0 0.0 0.0 0.0 0.0
366.0 24.5 2677576.0 0.0 0.0 0.0 0.0 0.0
367.0 24.75 2710576.0 0.0 0.0 0.0 0.0 0.0
368.0 22.0 2619124.0 0.0 0.0 0.0 0.0 0.0
369.0 24.25 2674320.0 0.0 0.0 0.0 0.0 0.0
370.0 24.5 2706340.0 0.0 0.0 0.0 0.0 0.0
371.0 22.81 2638300.0 0.0 0.0 0.0 0.0 0.0
372.0 24.5 2683884.0 0.0 0.0 0.0 0.0 0.0
373.0 24.25 2716752.0 0.0 0.0 0.0 0.0 0.0
374.0 23.5 2616368.0 0.0 0.0 0.0 0.0 0.0
375.0 23.75 2677868.0 0.0 0.0 0.0 0.0 0.0
376.0 24.75 2710092.0 0.0 0.0 0.0 0.0 0.0
377.0 24.75 2739484.0 0.0 0.0 0.0 0.0 0.0
378.0 22.5 2672536.0 0.0 0.0 0.0 0.0 0.0
379.0 24.5 2705476.0 0.0 0.0 0.0 0.0 0.0
380.0 24.5 2735404.0 0.0 0.0 0.0 0.0 0.0
381.0 23.31 2643996.0 0.0 0.0 0.0 0.0 0.0
382.0 24.25 2685936.0 0.0 0.0 0.0 0.0 0.0
383.0 24.56 2720324.0 0.0 0.0 0.0 0.0 0.0
384.0 23.31 2680004.0 0.0 0.0 0.0 0.0 0.0
385.0 24.75 2713204.0 0.0 0.0 0.0 0.0 0.0
386.0 19.14 2622096.0 0.0 0.0 0.0 0.0 0.0
387.0 0.5 2622372.0 0.0 0.0 0.0 0.0 0.0
388.0 15.74 2624152.0 0.0 0.0 0.0 0.0 0.0
389.0 17.01 2624764.0 0.0 0.0 0.0 0.0 0.0
390.0 15.7 2685872.0 0.0 0.0 0.0 0.0 0.0
391.0 22.56 2659848.0 0.0 0.0 0.0 0.0 0.0
392.0 22.36 2662180.0 0.0 0.0 0.0 0.0 0.0
393.0 23.5 2664024.0 0.0 0.0 0.0 0.0 0.0
394.0 23.06 2686528.0 0.0 0.0 0.0 0.0 0.0
395.0 23.75 2734232.0 0.0 0.0 0.0 0.0 0.0
396.0 24.0 2759652.0 0.0 0.0 0.0 0.0 0.0
397.0 23.5 2648856.0 0.0 0.0 0.0 0.0 0.0
398.0 22.75 2714428.0 0.0 0.0 0.0 0.0 0.0
399.0 22.61 2685064.0 0.0 0.0 0.0 0.0 0.0
400.0 23.31 2746892.0 0.0 0.0 0.0 0.0 0.0
401.0 24.0 2820368.0 0.0 0.0 0.0 0.0 0.0
402.0 24.5 2844468.0 0.0 0.0 0.0 0.0 0.0
403.0 24.62 2867656.0 0.0 0.0 0.0 0.0 0.0
404.0 23.25 2702496.0 0.0 0.0 0.0 0.0 0.0
405.0 23.75 2681536.0 0.0 0.0 0.0 0.0 0.0
406.0 23.19 2763128.0 0.0 0.0 0.0 0.0 0.0
407.0 22.86 2729528.0 0.0 0.0 0.0 0.0 0.0
408.0 22.94 2672648.0 0.0 0.0 0.0 0.0 0.0
409.0 24.0 2762228.0 0.0 0.0 0.0 0.0 0.0
410.0 22.5 2719860.0 0.0 0.0 0.0 0.0 0.0
411.0 23.31 2726096.0 0.0 0.0 0.0 0.0 0.0
412.0 23.69 2795780.0 0.0 0.0 0.0 0.0 0.0
413.0 24.56 2826904.0 0.0 0.0 0.0 0.0 0.0
414.0 23.44 2728680.0 0.0 0.0 0.0 0.0 0.0
415.0 24.0 2797656.0 0.0 0.0 0.0 0.0 0.0
416.0 24.56 2821340.0 0.0 0.0 0.0 0.0 0.0
417.0 23.13 2680536.0 0.0 0.0 0.0 0.0 0.0
418.0 23.56 2708528.0 0.0 0.0 0.0 0.0 0.0
419.0 23.69 2687864.0 0.0 0.0 0.0 0.0 0.0
420.0 24.31 2775212.0 0.0 0.0 0.0 0.0 0.0
421.0 24.69 2801888.0 0.0 0.0 0.0 0.0 0.0
422.0 18.89 2652620.0 0.0 0.0 0.0 0.0 0.0
423.0 0.25 2655800.0 0.0 0.0 0.0 0.0 0.0
424.0 19.8 2705852.0 0.0 0.0 0.0 0.0 0.0
425.0 23.12 2662884.0 0.0 0.0 0.0 0.0 0.0
426.0 24.5 2668096.0 0.0 0.0 0.0 0.0 0.0
427.0 24.56 2673732.0 0.0 0.0 0.0 0.0 0.0
428.0 24.31 2679316.0 0.0 0.0 0.0 0.0 0.0
429.0 23.5 2684284.0 0.0 0.0 0.0 0.0 0.0
430.0 22.36 2688088.0 247.0 0.0 51272.0 49.36 12.0
431.0 19.95 2736068.0 1.0 8.0 0.0 0.0 0.0
432.0 11.03 11908904.0 0.0 0.0 0.0 0.0 0.0
433.0 49.62 11910440.0 0.0 0.0 0.0 0.0 0.0
434.0 50.0 11912680.0 0.0 0.0 0.0 0.0 0.0
435.0 49.63 11921380.0 235.0 0.0 57312.0 66.96 15.2
436.0 49.5 11918604.0 189.0 0.0 47104.0 90.98 11.2
437.0 50.0 11920464.0 0.0 0.0 0.0 0.0 0.0
438.0 49.87 11922448.0 0.0 0.0 0.0 0.0 0.0
439.0 50.0 11924820.0 0.0 0.0 0.0 0.0 0.0
440.0 47.75 11927056.0 87.0 0.0 21760.0 32.87 5.6
441.0 50.13 11929256.0 0.0 0.0 0.0 0.0 0.0
442.0 49.62 11931488.0 0.0 0.0 0.0 0.0 0.0
443.0 49.88 11933596.0 0.0 0.0 0.0 0.0 0.0
444.0 50.13 11935332.0 0.0 0.0 0.0 0.0 0.0
445.0 47.75 11937360.0 87.0 0.0 21648.0 34.39 5.6
446.0 49.75 11939652.0 0.0 0.0 0.0 0.0 0.0
447.0 50.13 11942008.0 0.0 0.0 0.0 0.0 0.0
448.0 49.63 11944240.0 0.0 0.0 0.0 0.0 0.0
449.0 31.83 2843872.0 1.0 8.0 0.0 0.0 0.0
450.0 37.16 2853064.0 0.0 0.0 0.0 0.0 0.0
451.0 47.25 2884400.0 353.0 0.0 90128.0 71.86 21.2
452.0 44.11 2907988.0 354.0 0.0 89736.0 89.24 20.8
453.0 49.63 2931032.0 0.0 0.0 0.0 0.0 0.0
454.0 49.37 2953972.0 0.0 0.0 0.0 0.0 0.0
455.0 27.75 2981568.0 0.0 0.0 0.0 0.0 0.0
456.0 25.0 2981568.0 0.0 0.0 0.0 0.0 0.0
457.0 24.94 2981568.0 0.0 0.0 0.0 0.0 0.0
458.0 24.81 3012184.0 0.0 0.0 0.0 0.0 0.0
459.0 41.65 3063504.0 0.0 0.0 0.0 0.0 0.0
460.0 49.0 3063892.0 9.0 0.0 776.0 1.33 0.4
461.0 49.75 3063992.0 30.0 0.0 576.0 0.13 0.4
462.0 50.0 3064100.0 0.0 0.0 0.0 0.0 0.0
463.0 49.75 3064224.0 0.0 0.0 0.0 0.0 0.0
464.0 49.75 3064100.0 0.0 0.0 0.0 0.0 0.0
465.0 49.63 3063972.0 8.0 0.0 1224.0 3.0 0.8
466.0 49.75 3063972.0 0.0 0.0 0.0 0.0 0.0
467.0 49.87 3064096.0 0.0 0.0 0.0 0.0 0.0
468.0 35.75 2838344.0 0.0 0.0 0.0 0.0 0.0
469.0 26.7 2893824.0 0.0 0.0 0.0 0.0 0.0
470.0 50.51 2944328.0 98.0 0.0 21320.0 36.12 6.0
471.0 51.02 2952772.0 0.0 0.0 0.0 0.0 0.0
472.0 50.5 2953836.0 0.0 0.0 0.0 0.0 0.0
473.0 50.13 2954432.0 0.0 0.0 0.0 0.0 0.0
474.0 50.25 2954680.0 0.0 0.0 0.0 0.0 0.0
475.0 50.13 2955076.0 0.0 0.0 0.0 0.0 0.0
476.0 50.25 2955572.0 0.0 0.0 0.0 0.0 0.0
477.0 50.5 2956192.0 0.0 0.0 0.0 0.0 0.0
478.0 50.13 2956988.0 0.0 0.0 0.0 0.0 0.0
479.0 42.96 2850776.0 0.0 0.0 0.0 0.0 0.0
480.0 23.76 3312592.0 0.0 0.0 0.0 0.0 0.0
481.0 43.5 3261512.0 0.0 0.0 0.0 0.0 0.0
482.0 50.25 3262132.0 0.0 0.0 0.0 0.0 0.0
483.0 50.0 3263124.0 0.0 0.0 0.0 0.0 0.0
484.0 50.13 3263744.0 0.0 0.0 0.0 0.0 0.0
485.0 49.75 3267128.0 26.0 0.0 5216.0 6.46 1.2
486.0 50.13 3267948.0 0.0 0.0 0.0 0.0 0.0
487.0 50.0 3268196.0 0.0 0.0 0.0 0.0 0.0
488.0 50.0 3269188.0 0.0 0.0 0.0 0.0 0.0
489.0 49.75 3272536.0 0.0 0.0 0.0 0.0 0.0
490.0 50.0 3272784.0 0.0 0.0 0.0 0.0 0.0
491.0 50.13 3273280.0 0.0 0.0 0.0 0.0 0.0
492.0 49.88 3274396.0 0.0 0.0 0.0 0.0 0.0
493.0 50.12 3275388.0 0.0 0.0 0.0 0.0 0.0
494.0 33.17 3275884.0 0.0 0.0 0.0 0.0 0.0
495.0 48.38 3282116.0 0.0 0.0 0.0 0.0 0.0
496.0 50.25 3282488.0 13.0 0.0 184.0 0.31 0.4
497.0 50.0 3282488.0 0.0 0.0 0.0 0.0 0.0
498.0 50.13 3282504.0 0.0 0.0 0.0 0.0 0.0
499.0 50.0 3282472.0 0.0 0.0 0.0 0.0 0.0
500.0 50.0 3282596.0 0.0 0.0 0.0 0.0 0.0
501.0 50.12 3282596.0 0.0 0.0 0.0 0.0 0.0
502.0 50.13 3282720.0 0.0 0.0 0.0 0.0 0.0
503.0 50.13 3282720.0 0.0 0.0 0.0 0.0 0.0
504.0 50.12 3282844.0 0.0 0.0 0.0 0.0 0.0
505.0 50.0 3283000.0 0.0 0.0 0.0 0.0 0.0
506.0 49.88 3282784.0 0.0 0.0 0.0 0.0 0.0
507.0 50.13 3282784.0 0.0 0.0 0.0 0.0 0.0
508.0 42.64 2881512.0 0.0 0.0 0.0 0.0 0.0
509.0 50.13 2881976.0 0.0 0.0 0.0 0.0 0.0
510.0 50.0 2882720.0 0.0 0.0 0.0 0.0 0.0
511.0 50.0 2884332.0 0.0 0.0 0.0 0.0 0.0
512.0 50.0 2884580.0 0.0 0.0 0.0 0.0 0.0
513.0 43.97 2883300.0 5.0 0.0 400.0 0.8 0.4
514.0 25.06 2883400.0 0.0 0.0 0.0 0.0 0.0
515.0 31.06 3193940.0 1.0 8.0 0.0 0.0 0.0
516.0 51.9 2927116.0 0.0 0.0 0.0 0.0 0.0
517.0 51.39 2908424.0 0.0 0.0 0.0 0.0 0.0
518.0 47.45 2928472.0 211.0 0.0 38592.0 39.7 10.4
519.0 49.11 2917048.0 177.0 8.0 43384.0 92.7 10.4
520.0 52.01 2933056.0 0.0 0.0 0.0 0.0 0.0
521.0 50.38 3344736.0 0.0 0.0 0.0 0.0 0.0
522.0 72.29 3059276.0 0.0 0.0 0.0 0.0 0.0
523.0 93.47 2955288.0 27.0 0.0 976.0 0.0 0.0
524.0 50.63 2947184.0 0.0 0.0 0.0 0.0 0.0
525.0 46.35 3346052.0 0.0 0.0 0.0 0.0 0.0
526.0 49.62 2930756.0 0.0 0.0 0.0 0.0 0.0
527.0 81.45 3516484.0 0.0 0.0 0.0 0.0 0.0
528.0 95.97 3626716.0 0.0 0.0 0.0 0.0 0.0
529.0 85.46 3309868.0 41.0 0.0 4624.0 9.27 2.0
530.0 46.72 3328736.0 0.0 0.0 0.0 0.0 0.0
531.0 79.65 3341888.0 0.0 0.0 0.0 0.0 0.0
532.0 75.69 3320400.0 0.0 0.0 0.0 0.0 0.0
533.0 47.37 3311268.0 0.0 0.0 0.0 0.0 0.0
534.0 74.18 3437576.0 0.0 0.0 0.0 0.0 0.0
535.0 92.02 3635860.0 29.0 0.0 2248.0 10.76 1.6
536.0 79.95 3314256.0 0.0 0.0 0.0 0.0 0.0
537.0 46.5 3313604.0 0.0 0.0 0.0 0.0 0.0
538.0 49.12 2940208.0 0.0 0.0 0.0 0.0 0.0
539.0 75.82 3000512.0 0.0 0.0 0.0 0.0 0.0
540.0 89.72 3269400.0 0.0 0.0 0.0 0.0 0.0
541.0 79.2 3281696.0 147.0 0.0 31480.0 46.56 7.6
542.0 71.32 3297528.0 0.0 0.0 0.0 0.0 0.0
543.0 70.25 3615336.0 0.0 0.0 0.0 0.0 0.0
544.0 70.0 3628488.0 0.0 0.0 0.0 0.0 0.0
545.0 82.62 3889652.0 0.0 0.0 0.0 0.0 0.0
546.0 71.93 4181188.0 19.0 0.0 480.0 0.0 0.0
547.0 70.0 4289288.0 0.0 0.0 0.0 0.0 0.0
548.0 61.81 4397784.0 46.0 0.0 10496.0 18.61 2.8
549.0 49.88 4657880.0 0.0 0.0 0.0 0.0 0.0
550.0 56.0 4650136.0 0.0 0.0 0.0 0.0 0.0
551.0 50.5 4042512.0 1.0 0.0 8.0 0.0 0.0
552.0 47.75 4494988.0 0.0 0.0 0.0 0.0 0.0
553.0 49.87 4037564.0 0.0 0.0 0.0 0.0 0.0
554.0 48.62 4056012.0 0.0 0.0 0.0 0.0 0.0
555.0 80.55 4225484.0 0.0 0.0 0.0 0.0 0.0
556.0 88.03 4372856.0 43.56 0.0 6526.73 3.64 1.19
557.0 85.39 3303844.0 0.0 0.0 0.0 0.0 0.0
558.0 68.18 3523328.0 0.0 0.0 0.0 0.0 0.0
559.0 62.09 3937344.0 0.0 0.0 0.0 0.0 0.0
560.0 59.9 3723212.0 0.0 0.0 0.0 0.0 0.0
561.0 64.75 4133048.0 0.0 0.0 0.0 0.0 0.0
562.0 92.73 4315556.0 0.0 0.0 0.0 0.0 0.0
563.0 93.75 4427124.0 38.0 0.0 4320.0 4.21 1.2
564.0 68.09 4112180.0 0.0 0.0 0.0 0.0 0.0
565.0 66.58 4507788.0 0.0 0.0 0.0 0.0 0.0
566.0 48.88 4219520.0 0.0 0.0 0.0 0.0 0.0
567.0 71.0 4390592.0 0.0 0.0 0.0 0.0 0.0
568.0 91.73 4644488.0 0.0 0.0 0.0 0.0 0.0
569.0 86.72 4658424.0 39.0 0.0 5336.0 2.77 0.8
570.0 61.81 4326784.0 0.0 0.0 0.0 0.0 0.0
571.0 49.5 4350476.0 0.0 0.0 0.0 0.0 0.0
572.0 49.75 4350576.0 0.0 0.0 0.0 0.0 0.0
573.0 49.5 4323912.0 0.0 0.0 0.0 0.0 0.0
574.0 47.5 4721288.0 0.0 0.0 0.0 0.0 0.0
575.0 50.13 4721772.0 13.0 0.0 1296.0 0.0 0.0
576.0 50.0 4721772.0 0.0 0.0 0.0 0.0 0.0
577.0 49.63 4330064.0 0.0 0.0 0.0 0.0 0.0
578.0 49.25 4330924.0 0.0 0.0 0.0 0.0 0.0
579.0 49.62 4349264.0 0.0 0.0 0.0 0.0 0.0
580.0 49.25 4338284.0 1.0 8.0 0.0 4.0 0.4
581.0 60.0 4347856.0 13.0 0.0 152.0 0.0 0.0
582.0 79.7 4498644.0 106.0 0.0 22376.0 16.68 3.6
583.0 87.47 4667652.0 0.0 0.0 0.0 0.0 0.0
584.0 73.5 3503904.0 0.0 0.0 0.0 0.0 0.0
585.0 66.5 3768316.0 0.0 0.0 0.0 0.0 0.0
586.0 88.75 3553512.0 0.0 0.0 0.0 0.0 0.0
587.0 71.86 3818688.0 0.0 0.0 0.0 0.0 0.0
588.0 87.44 4280372.0 36.0 0.0 3544.0 6.78 1.6
589.0 97.74 4420484.0 0.0 0.0 0.0 0.0 0.0
590.0 98.75 4424248.0 0.0 0.0 0.0 0.0 0.0
591.0 50.75 4120520.0 1.0 0.0 8.0 0.0 0.0
592.0 49.75 4093332.0 0.0 0.0 0.0 0.0 0.0
593.0 49.12 4117644.0 0.0 0.0 0.0 0.0 0.0
594.0 49.87 4114508.0 0.0 0.0 0.0 0.0 0.0
595.0 51.39 4118608.0 6.0 0.0 192.0 0.67 0.4
596.0 48.1 4114408.0 0.0 0.0 0.0 0.0 0.0
597.0 50.76 4135868.0 0.0 0.0 0.0 0.0 0.0
598.0 50.25 4121180.0 0.0 0.0 0.0 0.0 0.0
599.0 70.05 3053284.0 0.0 0.0 0.0 0.0 0.0
600.0 80.96 3631980.0 10.0 0.0 240.0 0.8 0.4
601.0 90.89 3260544.0 1.0 0.0 8.0 0.0 0.0
602.0 85.29 3659032.0 0.0 0.0 0.0 0.0 0.0
603.0 51.89 3315384.0 0.0 0.0 0.0 0.0 0.0
604.0 21.05 2884568.0 0.0 0.0 0.0 0.0 0.0
