0.0 19.7 1497388.0 0.0 0.0 0.0 0.0 0.0
1.0 22.31 1497304.0 0.0 0.0 0.0 0.0 0.0
2.0 18.46 1503900.0 0.0 0.0 0.0 0.0 0.0
3.0 32.54 1530036.0 0.0 0.0 0.0 0.0 0.0
4.0 51.17 1584244.0 0.0 0.0 0.0 0.0 0.0
5.0 25.0 1611660.0 0.0 0.0 0.0 0.0 0.0
6.0 18.64 1646124.0 0.0 0.0 0.0 0.0 0.0
7.0 23.87 1652572.0 0.0 0.0 0.0 0.0 0.0
8.0 23.75 1662300.0 0.0 0.0 0.0 0.0 0.0
9.0 22.36 1658452.0 0.0 0.0 0.0 0.0 0.0
10.0 23.37 1670820.0 0.0 0.0 0.0 0.0 0.0
11.0 24.0 1667976.0 0.0 0.0 0.0 0.0 0.0
12.0 22.81 1721020.0 0.0 0.0 0.0 0.0 0.0
13.0 23.0 1797496.0 0.0 0.0 0.0 0.0 0.0
14.0 24.44 1817956.0 0.0 0.0 0.0 0.0 0.0
15.0 22.81 1670820.0 0.0 0.0 0.0 0.0 0.0
16.0 22.94 1799124.0 0.0 0.0 0.0 0.0 0.0
17.0 24.0 1872052.0 0.0 0.0 0.0 0.0 0.0
18.0 24.25 1934920.0 0.0 0.0 0.0 0.0 0.0
19.0 24.75 1939136.0 0.0 0.0 0.0 0.0 0.0
20.0 24.81 1945584.0 0.0 0.0 0.0 0.0 0.0
21.0 24.69 1965736.0 0.0 0.0 0.0 0.0 0.0
22.0 24.81 1986072.0 0.0 0.0 0.0 0.0 0.0
23.0 23.81 1671340.0 0.0 0.0 0.0 0.0 0.0
24.0 22.75 1685256.0 0.0 0.0 0.0 0.0 0.0
25.0 23.69 1777272.0 0.0 0.0 0.0 0.0 0.0
26.0 24.69 1804732.0 0.0 0.0 0.0 0.0 0.0
27.0 24.12 1674524.0 0.0 0.0 0.0 0.0 0.0
28.0 23.75 1752096.0 0.0 0.0 0.0 0.0 0.0
29.0 22.86 1752208.0 0.0 0.0 0.0 0.0 0.0
30.0 23.69 1695556.0 0.0 0.0 0.0 0.0 0.0
31.0 23.56 1775140.0 0.0 0.0 0.0 0.0 0.0
32.0 24.75 1800188.0 0.0 0.0 0.0 0.0 0.0
33.0 22.75 1748652.0 0.0 0.0 0.0 0.0 0.0
34.0 24.56 1799524.0 0.0 0.0 0.0 0.0 0.0
35.0 24.75 1827188.0 0.0 0.0 0.0 0.0 0.0
36.0 23.44 1685088.0 0.0 0.0 0.0 0.0 0.0
37.0 23.56 1774080.0 0.0 0.0 0.0 0.0 0.0
38.0 23.5 1711012.0 0.0 0.0 0.0 0.0 0.0
39.0 24.18 1769480.0 0.0 0.0 0.0 0.0 0.0
40.0 22.31 1665652.0 0.0 0.0 0.0 0.0 0.0
41.0 22.42 1706648.0 0.0 0.0 0.0 0.0 0.0
42.0 24.75 1708748.0 0.0 0.0 0.0 0.0 0.0
43.0 24.81 1689792.0 0.0 0.0 0.0 0.0 0.0
44.0 13.28 1728596.0 3.0 24.0 0.0 0.0 0.0
45.0 3.53 1781504.0 0.0 0.0 0.0 0.0 0.0
46.0 2.34 1950452.0 6.0 48.0 0.0 0.0 0.0
