0.0 20.71 1486268.0 0.0 0.0 0.0 0.0 0.0
1.0 22.69 1490396.0 0.0 0.0 0.0 0.0 0.0
2.0 18.16 1499880.0 0.0 0.0 0.0 0.0 0.0
3.0 28.83 1525996.0 0.0 0.0 0.0 0.0 0.0
4.0 46.15 1580464.0 0.0 0.0 0.0 0.0 0.0
5.0 27.97 1601740.0 0.0 0.0 0.0 0.0 0.0
6.0 20.51 1642292.0 0.0 0.0 0.0 0.0 0.0
7.0 22.61 1652356.0 0.0 0.0 0.0 0.0 0.0
8.0 23.81 1656512.0 0.0 0.0 0.0 0.0 0.0
9.0 22.31 1651876.0 0.0 0.0 0.0 0.0 0.0
10.0 24.25 1666632.0 0.0 0.0 0.0 0.0 0.0
11.0 24.5 1663708.0 0.0 0.0 0.0 0.0 0.0
12.0 23.56 1708596.0 0.0 0.0 0.0 0.0 0.0
13.0 23.75 1795568.0 0.0 0.0 0.0 0.0 0.0
14.0 24.5 1816252.0 0.0 0.0 0.0 0.0 0.0
15.0 23.56 1665456.0 0.0 0.0 0.0 0.0 0.0
16.0 22.81 1798888.0 0.0 0.0 0.0 0.0 0.0
17.0 24.69 1872276.0 0.0 0.0 0.0 0.0 0.0
18.0 24.19 1937144.0 0.0 0.0 0.0 0.0 0.0
19.0 24.75 1940476.0 0.0 0.0 0.0 0.0 0.0
20.0 24.75 1948552.0 0.0 0.0 0.0 0.0 0.0
21.0 24.75 1969136.0 0.0 0.0 0.0 0.0 0.0
22.0 24.56 1991336.0 0.0 0.0 0.0 0.0 0.0
23.0 22.94 1686952.0 0.0 0.0 0.0 0.0 0.0
24.0 22.75 1729512.0 0.0 0.0 0.0 0.0 0.0
25.0 24.0 1787980.0 0.0 0.0 0.0 0.0 0.0
26.0 24.75 1813648.0 0.0 0.0 0.0 0.0 0.0
27.0 23.94 1731600.0 0.0 0.0 0.0 0.0 0.0
28.0 23.75 1716764.0 0.0 0.0 0.0 0.0 0.0
29.0 24.62 1765228.0 0.0 0.0 0.0 0.0 0.0
30.0 23.56 1755492.0 0.0 0.0 0.0 0.0 0.0
31.0 24.94 1787236.0 0.0 0.0 0.0 0.0 0.0
32.0 23.44 1700844.0 0.0 0.0 0.0 0.0 0.0
33.0 24.31 1788368.0 0.0 0.0 0.0 0.0 0.0
34.0 24.56 1815688.0 0.0 0.0 0.0 0.0 0.0
35.0 24.25 1669568.0 0.0 0.0 0.0 0.0 0.0
36.0 23.25 1762408.0 0.0 0.0 0.0 0.0 0.0
37.0 23.75 1689128.0 0.0 0.0 0.0 0.0 0.0
38.0 24.44 1762080.0 0.0 0.0 0.0 0.0 0.0
39.0 23.56 1727184.0 0.0 0.0 0.0 0.0 0.0
40.0 17.59 1702188.0 0.0 0.0 0.0 0.0 0.0
41.0 24.87 1705296.0 0.0 0.0 0.0 0.0 0.0
42.0 24.75 1707436.0 0.0 0.0 0.0 0.0 0.0
43.0 18.18 1698876.0 3.0 24.0 0.0 0.0 0.0
44.0 4.74 1763888.0 0.0 0.0 0.0 0.0 0.0
45.0 2.84 1806028.0 0.0 0.0 0.0 0.0 0.0
46.0 1.03 1948156.0 6.0 48.0 0.0 0.0 0.0
