0.0 22.05 1492748.0 0.0 0.0 0.0 0.0 0.0
1.0 20.35 1494504.0 0.0 0.0 0.0 0.0 0.0
2.0 22.56 1496940.0 0.0 0.0 0.0 0.0 0.0
3.0 20.31 1507288.0 0.0 0.0 0.0 0.0 0.0
4.0 32.72 1538868.0 0.0 0.0 0.0 0.0 0.0
5.0 56.28 1546148.0 0.0 0.0 0.0 0.0 0.0
6.0 14.86 1608576.0 0.0 0.0 0.0 0.0 0.0
7.0 19.8 1654776.0 0.0 0.0 0.0 0.0 0.0
8.0 23.87 1659400.0 0.0 0.0 0.0 0.0 0.0
9.0 22.5 1651568.0 0.0 0.0 0.0 0.0 0.0
10.0 23.12 1652620.0 0.0 0.0 0.0 0.0 0.0
11.0 24.69 1647724.0 0.0 0.0 0.0 0.0 0.0
12.0 24.37 1645376.0 0.0 0.0 0.0 0.0 0.0
13.0 23.94 1780096.0 0.0 0.0 0.0 0.0 0.0
14.0 24.81 1808524.0 0.0 0.0 0.0 0.0 0.0
15.0 24.81 1833772.0 0.0 0.0 0.0 0.0 0.0
16.0 23.25 1767040.0 0.0 0.0 0.0 0.0 0.0
17.0 24.19 1847632.0 0.0 0.0 0.0 0.0 0.0
18.0 24.31 1913052.0 0.0 0.0 0.0 0.0 0.0
19.0 24.5 1939660.0 0.0 0.0 0.0 0.0 0.0
20.0 24.94 1944372.0 0.0 0.0 0.0 0.0 0.0
21.0 25.06 1963964.0 0.0 0.0 0.0 0.0 0.0
22.0 24.69 1985664.0 0.0 0.0 0.0 0.0 0.0
23.0 24.06 1680000.0 0.0 0.0 0.0 0.0 0.0
24.0 22.56 1700732.0 0.0 0.0 0.0 0.0 0.0
25.0 22.94 1782936.0 0.0 0.0 0.0 0.0 0.0
26.0 25.0 1809712.0 0.0 0.0 0.0 0.0 0.0
27.0 23.0 1703332.0 0.0 0.0 0.0 0.0 0.0
28.0 23.31 1691348.0 0.0 0.0 0.0 0.0 0.0
29.0 23.75 1760736.0 0.0 0.0 0.0 0.0 0.0
30.0 23.25 1735696.0 0.0 0.0 0.0 0.0 0.0
31.0 24.81 1784236.0 0.0 0.0 0.0 0.0 0.0
32.0 24.19 1683140.0 0.0 0.0 0.0 0.0 0.0
33.0 23.56 1782524.0 0.0 0.0 0.0 0.0 0.0
34.0 24.69 1812240.0 0.0 0.0 0.0 0.0 0.0
35.0 24.94 1837104.0 0.0 0.0 0.0 0.0 0.0
36.0 23.56 1753948.0 0.0 0.0 0.0 0.0 0.0
37.0 23.75 1679408.0 0.0 0.0 0.0 0.0 0.0
38.0 24.25 1761280.0 0.0 0.0 0.0 0.0 0.0
39.0 23.81 1724932.0 0.0 0.0 0.0 0.0 0.0
40.0 16.08 1703588.0 0.0 0.0 0.0 0.0 0.0
41.0 24.75 1706824.0 0.0 0.0 0.0 0.0 0.0
42.0 24.94 1708932.0 0.0 0.0 0.0 0.0 0.0
43.0 20.45 1697736.0 3.0 24.0 0.0 0.0 0.0
44.0 0.29 1752856.0 0.0 0.0 0.0 0.0 0.0
45.0 1.34 1791348.0 0.0 0.0 0.0 0.0 0.0
46.0 0.81 1948876.0 6.0 48.0 0.0 0.0 0.0
47.0 35.34 2047192.0 0.0 0.0 0.0 0.0 0.0
48.0 80.95 2239552.0 0.0 0.0 0.0 0.0 1.2
49.0 74.24 2323576.0 869.0 0.0 217056.0 231.23 100.0
50.0 57.04 1971120.0 893.07 0.0 224308.91 178.16 99.01
51.0 61.46 2125076.0 238.0 8.0 59664.0 146.72 23.6
52.0 72.11 2296292.0 1.0 8.0 0.0 0.0 0.0
53.0 67.17 2375596.0 7.0 0.0 640.0 0.0 0.8
54.0 57.87 2004148.0 181.0 0.0 44032.0 100.2 18.0
55.0 75.95 2163768.0 0.0 0.0 0.0 0.0 0.0
56.0 70.53 2334660.0 0.0 0.0 0.0 0.0 0.0
57.0 69.87 2562804.0 0.0 0.0 0.0 0.0 0.0
58.0 56.25 2094408.0 1.0 0.0 56.0 0.0 0.0
59.0 81.91 2221368.0 170.0 0.0 40256.0 84.16 16.4
60.0 73.93 2351084.0 0.0 0.0 0.0 0.0 0.0
61.0 60.85 2021588.0 0.0 0.0 0.0 0.0 0.0
62.0 72.47 2196596.0 0.0 0.0 0.0 0.0 0.0
63.0 59.64 2086532.0 0.0 0.0 0.0 0.0 0.0
64.0 78.26 2225176.0 183.0 0.0 42392.0 90.62 17.6
65.0 70.15 2376380.0 0.0 0.0 0.0 0.0 0.0
66.0 65.58 2144500.0 0.0 0.0 0.0 0.0 0.0
67.0 71.11 2358952.0 1.0 8.0 0.0 0.0 0.0
68.0 60.1 2057736.0 0.0 0.0 0.0 0.0 0.0
69.0 70.13 2228092.0 176.0 0.0 42512.0 96.52 18.8
70.0 76.07 2381528.0 0.0 0.0 0.0 0.0 0.0
71.0 55.39 2150312.0 0.0 0.0 0.0 0.0 0.0
72.0 79.09 2253400.0 0.0 0.0 0.0 0.0 0.0
73.0 72.61 2398492.0 0.0 0.0 0.0 0.0 0.0
74.0 61.38 2217436.0 178.0 0.0 42752.0 112.38 21.2
75.0 73.68 2402224.0 0.0 0.0 0.0 0.0 0.0
76.0 51.77 2081244.0 0.0 0.0 0.0 0.0 0.0
77.0 35.26 2082576.0 0.0 0.0 0.0 0.0 0.0
78.0 34.68 2083444.0 0.0 0.0 0.0 0.0 0.0
79.0 33.08 2085444.0 108.0 0.0 25296.0 65.07 11.2
80.0 33.42 2086168.0 0.0 0.0 0.0 0.0 0.0
81.0 33.59 2087656.0 0.0 0.0 0.0 0.0 0.0
82.0 34.69 2088788.0 0.0 0.0 0.0 0.0 0.0
83.0 34.69 2090028.0 0.0 0.0 0.0 0.0 0.0
84.0 34.1 2091664.0 88.0 0.0 14352.0 22.5 8.8
85.0 35.61 2092960.0 0.0 0.0 0.0 0.0 0.0
86.0 34.68 2094092.0 0.0 0.0 0.0 0.0 0.0
87.0 34.61 2095208.0 0.0 0.0 0.0 0.0 0.0
88.0 35.03 2096200.0 0.0 0.0 0.0 0.0 0.0
89.0 32.82 2082336.0 47.0 0.0 11568.0 33.87 5.2
90.0 33.33 2084680.0 0.0 0.0 0.0 0.0 0.0
91.0 35.03 2085796.0 0.0 0.0 0.0 0.0 0.0
92.0 35.2 2086808.0 0.0 0.0 0.0 0.0 0.0
93.0 35.11 2088064.0 0.0 0.0 0.0 0.0 0.0
94.0 35.2 2089164.0 52.0 0.0 12376.0 27.77 5.2
95.0 34.36 2090560.0 0.0 0.0 0.0 0.0 0.0
96.0 34.61 2091800.0 0.0 0.0 0.0 0.0 0.0
97.0 34.78 2092916.0 0.0 0.0 0.0 0.0 0.0
98.0 35.26 2094032.0 0.0 0.0 0.0 0.0 0.0
99.0 35.62 2095508.0 47.0 0.0 11536.0 37.53 5.6
100.0 34.77 2096824.0 0.0 0.0 0.0 0.0 0.0
101.0 35.53 2097940.0 0.0 0.0 0.0 0.0 0.0
102.0 35.93 2099056.0 0.0 0.0 0.0 0.0 0.0
103.0 34.01 2083916.0 0.0 0.0 0.0 0.0 0.0
104.0 34.02 2085416.0 49.0 8.0 11456.0 33.31 5.6
105.0 36.02 2086380.0 0.0 0.0 0.0 0.0 0.0
106.0 34.87 2087620.0 0.0 0.0 0.0 0.0 0.0
107.0 35.53 2088488.0 0.0 0.0 0.0 0.0 0.0
108.0 35.35 2089712.0 0.0 0.0 0.0 0.0 0.0
109.0 35.28 2091328.0 49.0 0.0 11664.0 37.06 6.4
110.0 35.03 2092568.0 0.0 0.0 0.0 0.0 0.0
111.0 34.53 2093684.0 0.0 0.0 0.0 0.0 0.0
112.0 35.86 2094816.0 0.0 0.0 0.0 0.0 0.0
113.0 35.2 2096180.0 0.0 0.0 0.0 0.0 0.0
114.0 34.78 2097672.0 47.0 0.0 11440.0 37.62 6.0
115.0 36.04 2098928.0 0.0 0.0 0.0 0.0 0.0
116.0 35.53 2100152.0 0.0 0.0 0.0 0.0 0.0
117.0 34.85 2082336.0 0.0 0.0 0.0 0.0 0.0
118.0 34.25 2086704.0 0.0 0.0 0.0 0.0 0.0
119.0 35.35 2087444.0 66.0 0.0 12080.0 28.48 6.4
120.0 33.93 2088684.0 0.0 0.0 0.0 0.0 0.0
121.0 34.95 2089924.0 0.0 0.0 0.0 0.0 0.0
122.0 34.69 2090792.0 0.0 0.0 0.0 0.0 0.0
123.0 33.85 2092512.0 0.0 0.0 0.0 0.0 0.0
124.0 35.28 2093936.0 50.0 0.0 12264.0 38.96 6.4
125.0 34.61 2095020.0 0.0 0.0 0.0 0.0 0.0
126.0 35.28 2096136.0 0.0 0.0 0.0 0.0 0.0
127.0 34.53 2097360.0 0.0 0.0 0.0 0.0 0.0
128.0 35.37 2098228.0 0.0 0.0 0.0 0.0 0.0
129.0 35.44 2099592.0 46.0 0.0 11344.0 32.96 5.2
130.0 34.62 2100708.0 0.0 0.0 0.0 0.0 0.0
131.0 33.75 2086100.0 0.0 0.0 0.0 0.0 0.0
132.0 32.21 2087440.0 0.0 0.0 0.0 0.0 0.0
133.0 34.01 2088508.0 0.0 0.0 0.0 0.0 0.0
134.0 31.4 2090400.0 56.0 0.0 13288.0 34.79 5.6
135.0 34.09 2086616.0 0.0 0.0 0.0 0.0 0.0
136.0 33.25 2087236.0 0.0 0.0 0.0 0.0 0.0
137.0 33.5 2088600.0 0.0 0.0 0.0 0.0 0.0
138.0 34.53 2089716.0 0.0 0.0 0.0 0.0 0.0
139.0 35.19 2091084.0 55.0 0.0 13240.0 35.13 5.6
140.0 34.44 2092076.0 0.0 0.0 0.0 0.0 0.0
141.0 35.11 2093580.0 0.0 0.0 0.0 0.0 0.0
142.0 35.44 2094944.0 0.0 0.0 0.0 0.0 0.0
143.0 35.19 2096184.0 0.0 0.0 0.0 0.0 0.0
144.0 33.59 2086440.0 47.0 0.0 11440.0 33.19 5.2
145.0 35.03 2087480.0 0.0 0.0 0.0 0.0 0.0
146.0 34.44 2088596.0 0.0 0.0 0.0 0.0 0.0
147.0 34.77 2089960.0 0.0 0.0 0.0 0.0 0.0
148.0 34.94 2091076.0 0.0 0.0 0.0 0.0 0.0
149.0 34.76 2092300.0 47.0 0.0 11048.0 33.7 5.6
150.0 35.44 2093168.0 0.0 0.0 0.0 0.0 0.0
151.0 35.04 2094408.0 0.0 0.0 0.0 0.0 0.0
152.0 34.26 2095524.0 0.0 0.0 0.0 0.0 0.0
153.0 34.69 2096640.0 0.0 0.0 0.0 0.0 0.0
154.0 33.42 2088532.0 64.0 0.0 11432.0 23.56 5.2
155.0 35.26 2089680.0 0.0 0.0 0.0 0.0 0.0
156.0 34.86 2090636.0 0.0 0.0 0.0 0.0 0.0
157.0 35.11 2091504.0 0.0 0.0 0.0 0.0 0.0
158.0 35.61 2092744.0 0.0 0.0 0.0 0.0 0.0
159.0 34.1 2094484.0 48.0 0.0 11368.0 28.58 5.6
160.0 34.01 2094784.0 0.0 0.0 0.0 0.0 0.0
161.0 33.5 2096024.0 0.0 0.0 0.0 0.0 0.0
162.0 33.16 2097528.0 0.0 0.0 0.0 0.0 0.0
163.0 33.92 2087816.0 0.0 0.0 0.0 0.0 0.0
164.0 33.85 2089896.0 55.0 0.0 13336.0 36.87 6.4
165.0 35.13 2090928.0 0.0 0.0 0.0 0.0 0.0
166.0 35.84 2092088.0 0.0 0.0 0.0 0.0 0.0
167.0 35.04 2093204.0 0.0 0.0 0.0 0.0 0.0
168.0 35.44 2094444.0 0.0 0.0 0.0 0.0 0.0
169.0 34.86 2095312.0 45.54 0.0 10954.46 32.17 4.75
170.0 35.28 2096552.0 0.0 0.0 0.0 0.0 0.0
171.0 35.37 2097760.0 0.0 0.0 0.0 0.0 0.0
172.0 35.11 2099248.0 0.0 0.0 0.0 0.0 0.0
173.0 33.42 2089748.0 0.0 0.0 0.0 0.0 0.0
174.0 35.28 2090708.0 50.0 0.0 11512.0 33.92 5.6
175.0 34.86 2091956.0 0.0 0.0 0.0 0.0 0.0
176.0 34.77 2092760.0 0.0 0.0 0.0 0.0 0.0
177.0 35.68 2094000.0 0.0 0.0 0.0 0.0 0.0
178.0 34.94 2095116.0 0.0 0.0 0.0 0.0 0.0
179.0 33.76 2096672.0 45.0 0.0 11056.0 34.49 6.0
180.0 33.59 2097664.0 0.0 0.0 0.0 0.0 0.0
181.0 30.89 2349124.0 0.0 0.0 0.0 0.0 0.0
182.0 7.73 6003216.0 0.0 0.0 0.0 0.0 0.0
183.0 24.81 6004532.0 1.0 8.0 0.0 0.0 0.0
184.0 23.94 6005920.0 45.0 0.0 10416.0 32.71 4.8
185.0 24.75 6006472.0 0.0 0.0 0.0 0.0 0.0
186.0 25.0 6007076.0 0.0 0.0 0.0 0.0 0.0
187.0 25.0 6007572.0 0.0 0.0 0.0 0.0 0.0
188.0 25.0 6007944.0 0.0 0.0 0.0 0.0 0.0
189.0 24.94 6008864.0 40.0 0.0 5840.0 14.3 2.8
190.0 25.19 6009448.0 0.0 0.0 0.0 0.0 0.0
191.0 25.06 6010424.0 0.0 0.0 0.0 0.0 0.0
192.0 24.94 6010628.0 0.0 0.0 0.0 0.0 0.0
193.0 25.0 6010876.0 0.0 0.0 0.0 0.0 0.0
194.0 25.06 6011248.0 21.0 0.0 4600.0 15.81 2.4
195.0 25.0 6012144.0 0.0 0.0 0.0 0.0 0.0
196.0 24.75 6012268.0 0.0 0.0 0.0 0.0 0.0
197.0 25.06 6012888.0 0.0 0.0 0.0 0.0 0.0
198.0 25.0 6013384.0 0.0 0.0 0.0 0.0 0.0
199.0 24.94 6014408.0 21.0 0.0 4472.0 12.38 2.0
200.0 24.87 6014748.0 0.0 0.0 0.0 0.0 0.0
201.0 25.0 6015120.0 0.0 0.0 0.0 0.0 0.0
202.0 25.0 6015368.0 0.0 0.0 0.0 0.0 0.0
203.0 25.0 6015740.0 0.0 0.0 0.0 0.0 0.0
204.0 25.13 6016112.0 21.0 0.0 4520.0 14.29 2.0
205.0 25.0 6016448.0 0.0 0.0 0.0 0.0 0.0
206.0 24.94 6016948.0 0.0 0.0 0.0 0.0 0.0
207.0 25.0 6017460.0 0.0 0.0 0.0 0.0 0.0
208.0 25.0 6017584.0 0.0 0.0 0.0 0.0 0.0
209.0 25.0 6018080.0 19.0 0.0 3944.0 17.47 2.4
210.0 24.81 6018388.0 0.0 0.0 0.0 0.0 0.0
211.0 25.0 6018760.0 0.0 0.0 0.0 0.0 0.0
212.0 24.81 6019380.0 0.0 0.0 0.0 0.0 0.0
213.0 25.0 6019628.0 0.0 0.0 0.0 0.0 0.0
214.0 24.94 6020372.0 18.0 0.0 4072.0 8.0 1.6
215.0 25.06 6020712.0 0.0 0.0 0.0 0.0 0.0
216.0 25.0 6020868.0 0.0 0.0 0.0 0.0 0.0
217.0 24.75 6021240.0 0.0 0.0 0.0 0.0 0.0
218.0 25.0 6021736.0 0.0 0.0 0.0 0.0 0.0
219.0 24.5 6022388.0 21.0 0.0 3904.0 20.95 3.2
220.0 24.75 6022688.0 0.0 0.0 0.0 0.0 0.0
221.0 25.0 6022760.0 0.0 0.0 0.0 0.0 0.0
222.0 25.0 6023380.0 0.0 0.0 0.0 0.0 0.0
223.0 25.0 6024000.0 0.0 0.0 0.0 0.0 0.0
224.0 25.0 6024780.0 22.0 0.0 5056.0 19.45 3.2
225.0 25.0 6025012.0 0.0 0.0 0.0 0.0 0.0
226.0 24.94 6025384.0 0.0 0.0 0.0 0.0 0.0
227.0 25.0 6025756.0 0.0 0.0 0.0 0.0 0.0
228.0 25.0 6026376.0 0.0 0.0 0.0 0.0 0.0
229.0 25.0 6026748.0 17.0 0.0 3416.0 8.0 1.6
230.0 24.94 6027176.0 0.0 0.0 0.0 0.0 0.0
231.0 25.0 6027300.0 0.0 0.0 0.0 0.0 0.0
232.0 25.0 6027548.0 0.0 0.0 0.0 0.0 0.0
233.0 24.75 6027920.0 0.0 0.0 0.0 0.0 0.0
234.0 25.0 6028168.0 16.0 0.0 3064.0 5.5 1.6
235.0 25.0 6028352.0 0.0 0.0 0.0 0.0 0.0
236.0 25.19 6028600.0 0.0 0.0 0.0 0.0 0.0
237.0 25.0 6028848.0 0.0 0.0 0.0 0.0 0.0
238.0 25.0 6029220.0 0.0 0.0 0.0 0.0 0.0
239.0 24.94 6029468.0 14.0 0.0 2584.0 8.29 1.6
240.0 25.0 6029872.0 0.0 0.0 0.0 0.0 0.0
241.0 25.06 6030120.0 0.0 0.0 0.0 0.0 0.0
242.0 25.0 6030368.0 0.0 0.0 0.0 0.0 0.0
243.0 25.0 6030740.0 0.0 0.0 0.0 0.0 0.0
244.0 25.0 6031456.0 15.0 0.0 3096.0 13.6 2.0
245.0 24.81 6031548.0 0.0 0.0 0.0 0.0 0.0
246.0 25.0 6031812.0 0.0 0.0 0.0 0.0 0.0
247.0 24.75 6031936.0 0.0 0.0 0.0 0.0 0.0
248.0 25.0 6032184.0 0.0 0.0 0.0 0.0 0.0
249.0 24.81 6032308.0 17.0 0.0 2336.0 1.41 0.8
250.0 25.0 6032552.0 0.0 0.0 0.0 0.0 0.0
251.0 25.0 6032800.0 0.0 0.0 0.0 0.0 0.0
252.0 25.0 6033048.0 0.0 0.0 0.0 0.0 0.0
253.0 24.81 6033296.0 0.0 0.0 0.0 0.0 0.0
254.0 25.0 6033544.0 14.0 0.0 2640.0 4.29 1.2
255.0 25.0 6033668.0 0.0 0.0 0.0 0.0 0.0
256.0 25.06 6034040.0 0.0 0.0 0.0 0.0 0.0
257.0 25.0 6034412.0 0.0 0.0 0.0 0.0 0.0
258.0 25.0 6034660.0 0.0 0.0 0.0 0.0 0.0
259.0 24.81 6034908.0 12.0 0.0 2328.0 5.67 1.2
260.0 25.0 6035032.0 0.0 0.0 0.0 0.0 0.0
261.0 24.75 6035156.0 0.0 0.0 0.0 0.0 0.0
262.0 25.0 6035900.0 0.0 0.0 0.0 0.0 0.0
263.0 25.06 6036148.0 0.0 0.0 0.0 0.0 0.0
264.0 24.94 6036428.0 15.0 0.0 2864.0 11.73 2.0
265.0 24.94 6036524.0 0.0 0.0 0.0 0.0 0.0
266.0 25.0 6036772.0 0.0 0.0 0.0 0.0 0.0
267.0 25.0 6037020.0 0.0 0.0 0.0 0.0 0.0
268.0 25.0 6037268.0 0.0 0.0 0.0 0.0 0.0
269.0 4.5 6814424.0 19.0 48.0 3072.0 19.16 3.6
270.0 0.0 7401268.0 956.0 32.0 243464.0 149.63 100.0
271.0 0.0 7780416.0 919.0 24.0 230864.0 322.08 100.0
272.0 0.0 8143856.0 951.0 24.0 239616.0 313.98 100.0
273.0 0.0 8500848.0 930.0 24.0 234488.0 327.94 100.0
274.0 0.0 8706848.0 881.0 16.0 222200.0 341.21 100.0
275.0 0.0 8910824.0 910.0 8.0 229432.0 330.67 100.4
276.0 0.0 9106552.0 745.0 16.0 189040.0 252.07 100.0
277.0 0.0 9207692.0 610.0 8.0 155648.0 242.89 100.0
278.0 0.0 9299272.0 638.0 8.0 162904.0 241.32 100.0
279.0 0.26 9387552.0 740.0 0.0 189352.0 203.71 100.0
280.0 0.0 9478752.0 834.0 8.0 212992.0 181.63 100.0
281.0 0.0 9580096.0 930.0 8.0 237568.0 156.99 100.0
282.0 0.0 9679764.0 930.0 8.0 237568.0 158.81 100.0
283.0 0.26 9777976.0 961.0 0.0 245760.0 155.5 100.0
284.0 0.0 9875476.0 930.0 8.0 237568.0 158.09 100.0
285.0 0.0 9974224.0 738.0 8.0 188416.0 189.06 100.0
286.0 1.8 6335244.0 679.21 7.92 173457.43 216.22 99.01
287.0 0.0 9211908.0 784.0 0.0 200616.0 186.68 100.0
288.0 12.97 10067836.0 789.0 0.0 201728.0 186.23 100.0
289.0 19.78 10070616.0 805.0 0.0 205824.0 164.47 100.0
290.0 19.1 10071860.0 793.0 0.0 202752.0 144.18 100.0
291.0 18.75 10076556.0 757.0 0.0 193624.0 129.94 100.0
292.0 18.64 10079280.0 800.0 0.0 204712.0 91.64 100.0
293.0 18.64 10081232.0 750.0 0.0 190264.0 393.55 100.0
294.0 18.44 10083704.0 749.0 0.0 191488.0 179.09 100.0
295.0 19.51 10086488.0 725.0 0.0 185432.0 148.03 100.0
296.0 18.63 10092928.0 681.0 0.0 174000.0 154.43 100.0
297.0 15.15 10100464.0 792.0 0.0 165856.0 159.56 100.0
298.0 18.99 10101860.0 713.0 0.0 181120.0 273.58 100.0
299.0 6.23 6135180.0 709.0 0.0 170072.0 529.33 100.0
300.0 0.0 6134076.0 803.0 0.0 173560.0 285.96 100.0
301.0 0.0 6135248.0 732.0 0.0 156616.0 202.64 100.0
302.0 0.0 6134272.0 713.0 0.0 157640.0 204.89 100.0
303.0 0.0 6134572.0 745.0 0.0 153696.0 192.7 100.0
304.0 0.0 6135336.0 734.0 0.0 157616.0 203.19 100.0
305.0 0.0 6134716.0 743.0 0.0 155656.0 200.27 100.0
306.0 0.0 6135188.0 747.0 0.0 156552.0 204.11 100.0
307.0 0.0 6136072.0 707.0 0.0 148464.0 200.72 100.0
308.0 0.0 6135576.0 669.0 0.0 145648.0 453.51 100.0
309.0 0.0 6135056.0 692.0 0.0 148392.0 219.65 100.0
310.0 0.0 6135372.0 731.0 0.0 153632.0 209.94 100.0
311.0 8.29 2133960.0 341.0 16.0 71352.0 184.54 48.4
312.0 24.44 2133060.0 0.0 0.0 0.0 0.0 0.0
313.0 24.25 2135084.0 0.0 0.0 0.0 0.0 0.0
314.0 24.0 2127212.0 0.0 0.0 0.0 0.0 0.0
315.0 23.31 2130924.0 1.0 8.0 0.0 0.0 0.0
316.0 19.3 2122268.0 257.0 0.0 57296.0 131.69 31.2
317.0 24.56 2111368.0 0.0 0.0 0.0 0.0 0.0
318.0 18.55 2101420.0 0.0 0.0 0.0 0.0 0.0
319.0 1.63 2114600.0 0.0 0.0 0.0 0.0 0.0
320.0 3.59 2144692.0 0.0 0.0 0.0 0.0 0.0
321.0 3.32 2169304.0 0.0 0.0 0.0 0.0 0.0
322.0 4.79 2201032.0 81.0 0.0 14376.0 51.21 7.6
323.0 1.03 2208356.0 0.0 0.0 0.0 0.0 0.0
324.0 0.8 2219604.0 0.0 0.0 0.0 0.0 0.0
325.0 1.91 2234116.0 0.0 0.0 0.0 0.0 0.0
326.0 3.96 2258168.0 0.0 0.0 0.0 0.0 0.0
327.0 1.52 2265528.0 0.0 0.0 0.0 0.0 0.0
328.0 24.4 2434408.0 0.0 0.0 0.0 0.0 0.0
329.0 7.65 2486612.0 0.0 0.0 0.0 0.0 0.0
330.0 11.65 2501288.0 0.0 0.0 0.0 0.0 0.0
331.0 24.56 2563232.0 0.0 0.0 0.0 0.0 0.0
332.0 24.25 2491080.0 0.0 0.0 0.0 0.0 0.0
333.0 24.0 2526736.0 0.0 0.0 0.0 0.0 0.0
334.0 24.25 2580248.0 0.0 0.0 0.0 0.0 0.0
335.0 24.81 2607632.0 0.0 0.0 0.0 0.0 0.0
336.0 23.5 2547000.0 0.0 0.0 0.0 0.0 0.0
337.0 24.0 2502728.0 0.0 0.0 0.0 0.0 0.0
338.0 24.0 2517728.0 0.0 0.0 0.0 0.0 0.0
339.0 22.86 2547004.0 0.0 0.0 0.0 0.0 0.0
340.0 23.31 2529472.0 0.0 0.0 0.0 0.0 0.0
341.0 23.5 2545392.0 0.0 0.0 0.0 0.0 0.0
342.0 23.81 2528792.0 0.0 0.0 0.0 0.0 0.0
343.0 24.31 2513552.0 48.0 0.0 480.0 111.17 18.4
344.0 24.0 2575156.0 0.0 0.0 0.0 0.0 0.0
345.0 23.5 2513360.0 0.0 0.0 0.0 0.0 0.0
346.0 24.31 2575212.0 0.0 0.0 0.0 0.0 0.0
347.0 22.61 2588392.0 0.0 0.0 0.0 0.0 0.0
348.0 24.5 2618500.0 0.0 0.0 0.0 0.0 0.0
349.0 24.5 2644424.0 0.0 0.0 0.0 0.0 0.0
350.0 23.25 2549640.0 0.0 0.0 0.0 0.0 0.0
351.0 24.87 2593452.0 0.0 0.0 0.0 0.0 0.0
352.0 24.06 2581132.0 0.0 0.0 0.0 0.0 0.0
353.0 24.31 2615852.0 0.0 0.0 0.0 0.0 0.0
354.0 23.94 2581380.0 0.0 0.0 0.0 0.0 0.0
355.0 24.5 2616348.0 0.0 0.0 0.0 0.0 0.0
356.0 24.25 2533472.0 0.0 0.0 0.0 0.0 0.0
357.0 24.25 2602880.0 0.0 0.0 0.0 0.0 0.0
358.0 24.56 2628480.0 0.0 0.0 0.0 0.0 0.0
359.0 24.25 2654684.0 0.0 0.0 0.0 0.0 0.0
360.0 24.0 2551040.0 0.0 0.0 0.0 0.0 0.0
361.0 24.5 2601572.0 0.0 0.0 0.0 0.0 0.0
362.0 21.89 2582416.0 0.0 0.0 0.0 0.0 0.0
363.0 23.56 2561492.0 0.0 0.0 0.0 0.0 0.0
364.0 24.0 2564600.0 0.0 0.0 0.0 0.0 0.0
365.0 24.0 2575028.0 0.0 0.0 0.0 0.0 0.0
366.0 24.06 2542372.0 0.0 0.0 0.0 0.0 0.0
367.0 23.25 2617308.0 0.0 0.0 0.0 0.0 0.0
368.0 24.75 2644728.0 0.0 0.0 0.0 0.0 0.0
369.0 24.94 2683852.0 0.0 0.0 0.0 0.0 0.0
370.0 22.69 2617760.0 0.0 0.0 0.0 0.0 0.0
371.0 24.5 2651592.0 0.0 0.0 0.0 0.0 0.0
372.0 24.75 2678156.0 0.0 0.0 0.0 0.0 0.0
373.0 22.56 2586032.0 0.0 0.0 0.0 0.0 0.0
374.0 24.5 2627752.0 0.0 0.0 0.0 0.0 0.0
375.0 24.69 2657636.0 0.0 0.0 0.0 0.0 0.0
376.0 22.56 2598724.0 0.0 0.0 0.0 0.0 0.0
377.0 24.5 2631412.0 0.0 0.0 0.0 0.0 0.0
378.0 23.75 2630156.0 0.0 0.0 0.0 0.0 0.0
379.0 24.06 2669092.0 0.0 0.0 0.0 0.0 0.0
380.0 25.0 2697580.0 0.0 0.0 0.0 0.0 0.0
381.0 24.81 2722948.0 0.0 0.0 0.0 0.0 0.0
382.0 23.75 2585460.0 0.0 0.0 0.0 0.0 0.0
383.0 21.55 2596748.0 0.0 0.0 0.0 0.0 0.0
384.0 23.56 2669196.0 0.0 0.0 0.0 0.0 0.0
385.0 24.5 2698300.0 0.0 0.0 0.0 0.0 0.0
386.0 24.69 2723996.0 0.0 0.0 0.0 0.0 0.0
387.0 23.62 2583244.0 0.0 0.0 0.0 0.0 0.0
388.0 22.25 2633892.0 0.0 0.0 0.0 0.0 0.0
389.0 24.81 2664244.0 0.0 0.0 0.0 0.0 0.0
390.0 23.0 2634064.0 0.0 0.0 0.0 0.0 0.0
391.0 24.5 2672128.0 0.0 0.0 0.0 0.0 0.0
392.0 24.75 2705432.0 0.0 0.0 0.0 0.0 0.0
393.0 22.81 2608012.0 0.0 0.0 0.0 0.0 0.0
394.0 24.25 2669176.0 0.0 0.0 0.0 0.0 0.0
395.0 24.75 2700936.0 0.0 0.0 0.0 0.0 0.0
396.0 22.56 2621336.0 0.0 0.0 0.0 0.0 0.0
397.0 24.5 2678364.0 0.0 0.0 0.0 0.0 0.0
398.0 24.44 2710096.0 0.0 0.0 0.0 0.0 0.0
399.0 23.56 2613820.0 0.0 0.0 0.0 0.0 0.0
400.0 23.31 2673500.0 0.0 0.0 0.0 0.0 0.0
401.0 24.69 2704408.0 0.0 0.0 0.0 0.0 0.0
402.0 24.5 2732820.0 0.0 0.0 0.0 0.0 0.0
403.0 23.06 2662916.0 0.0 0.0 0.0 0.0 0.0
404.0 24.56 2699444.0 0.0 0.0 0.0 0.0 0.0
405.0 24.0 2731016.0 0.0 0.0 0.0 0.0 0.0
406.0 23.25 2621944.0 0.0 0.0 0.0 0.0 0.0
407.0 24.25 2678768.0 0.0 0.0 0.0 0.0 0.0
408.0 24.75 2711332.0 0.0 0.0 0.0 0.0 0.0
409.0 23.06 2670612.0 0.0 0.0 0.0 0.0 0.0
410.0 24.69 2705360.0 0.0 0.0 0.0 0.0 0.0
411.0 23.5 2619932.0 0.0 0.0 0.0 0.0 0.0
412.0 1.51 2619132.0 0.0 0.0 0.0 0.0 0.0
413.0 12.28 2625024.0 0.0 0.0 0.0 0.0 0.0
414.0 17.01 2622508.0 0.0 0.0 0.0 0.0 0.0
415.0 14.92 2671464.0 0.0 0.0 0.0 0.0 0.0
416.0 22.5 2643628.0 0.0 0.0 0.0 0.0 0.0
417.0 22.61 2644780.0 0.0 0.0 0.0 0.0 0.0
418.0 22.56 2645436.0 0.0 0.0 0.0 0.0 0.0
419.0 22.89 2670564.0 0.0 0.0 0.0 0.0 0.0
420.0 23.81 2731024.0 0.0 0.0 0.0 0.0 0.0
421.0 24.75 2755840.0 0.0 0.0 0.0 0.0 0.0
422.0 24.25 2646096.0 0.0 0.0 0.0 0.0 0.0
423.0 22.36 2707208.0 0.0 0.0 0.0 0.0 0.0
424.0 22.86 2662920.0 0.0 0.0 0.0 0.0 0.0
425.0 24.0 2718704.0 0.0 0.0 0.0 0.0 0.0
426.0 23.75 2811192.0 0.0 0.0 0.0 0.0 0.0
427.0 24.19 2838224.0 0.0 0.0 0.0 0.0 0.0
428.0 24.87 2861660.0 0.0 0.0 0.0 0.0 0.0
429.0 22.5 2673172.0 0.0 0.0 0.0 0.0 0.0
430.0 23.75 2641132.0 0.0 0.0 0.0 0.0 0.0
431.0 23.25 2754048.0 0.0 0.0 0.0 0.0 0.0
432.0 23.75 2702484.0 0.0 0.0 0.0 0.0 0.0
433.0 24.5 2769548.0 0.0 0.0 0.0 0.0 0.0
434.0 23.06 2751792.0 0.0 0.0 0.0 0.0 0.0
435.0 23.44 2693940.0 0.0 0.0 0.0 0.0 0.0
436.0 23.06 2699636.0 0.0 0.0 0.0 0.0 0.0
437.0 23.81 2786932.0 0.0 0.0 0.0 0.0 0.0
438.0 24.94 2816416.0 0.0 0.0 0.0 0.0 0.0
439.0 24.0 2698432.0 0.0 0.0 0.0 0.0 0.0
440.0 23.81 2787676.0 0.0 0.0 0.0 0.0 0.0
441.0 24.56 2812124.0 0.0 0.0 0.0 0.0 0.0
442.0 24.25 2656712.0 0.0 0.0 0.0 0.0 0.0
443.0 23.56 2676964.0 0.0 0.0 0.0 0.0 0.0
444.0 23.94 2750352.0 0.0 0.0 0.0 0.0 0.0
445.0 22.81 2759828.0 0.0 0.0 0.0 0.0 0.0
446.0 25.0 2790056.0 0.0 0.0 0.0 0.0 0.0
447.0 23.19 2691512.0 0.0 0.0 0.0 0.0 0.0
448.0 4.8 2651080.0 0.0 0.0 0.0 0.0 0.0
449.0 12.37 2695244.0 0.0 0.0 0.0 0.0 0.0
450.0 24.25 2683956.0 0.0 0.0 0.0 0.0 0.0
451.0 23.37 2665940.0 0.0 0.0 0.0 0.0 0.0
452.0 23.75 2670736.0 0.0 0.0 0.0 0.0 0.0
453.0 24.0 2675396.0 0.0 0.0 0.0 0.0 0.0
454.0 23.81 2681376.0 0.0 0.0 0.0 0.0 0.0
455.0 23.75 2685524.0 0.0 0.0 0.0 0.0 0.0
456.0 16.75 2723704.0 250.0 8.0 51280.0 75.71 17.2
457.0 10.55 11167488.0 0.0 0.0 0.0 0.0 0.0
458.0 46.63 11908108.0 0.0 0.0 0.0 0.0 0.0
459.0 50.13 11910204.0 0.0 0.0 0.0 0.0 0.0
460.0 49.88 11912560.0 0.0 0.0 0.0 0.0 0.0
461.0 49.5 11915480.0 424.0 0.0 104640.0 117.0 39.6
462.0 50.0 11917524.0 0.0 0.0 0.0 0.0 0.0
463.0 49.87 11919888.0 0.0 0.0 0.0 0.0 0.0
464.0 49.87 11921748.0 0.0 0.0 0.0 0.0 0.0
465.0 49.75 11924104.0 0.0 0.0 0.0 0.0 0.0
466.0 47.12 11926280.0 87.0 0.0 21784.0 46.85 8.0
467.0 50.13 11928388.0 0.0 0.0 0.0 0.0 0.0
468.0 50.0 11930648.0 0.0 0.0 0.0 0.0 0.0
469.0 49.88 11932384.0 0.0 0.0 0.0 0.0 0.0
470.0 50.0 11934740.0 0.0 0.0 0.0 0.0 0.0
471.0 45.48 11936452.0 87.0 0.0 21640.0 62.11 10.0
472.0 49.62 11937816.0 0.0 0.0 0.0 0.0 0.0
473.0 49.37 11939056.0 0.0 0.0 0.0 0.0 0.0
474.0 49.37 11940420.0 0.0 0.0 0.0 0.0 0.0
475.0 49.49 11941784.0 0.0 0.0 0.0 0.0 0.0
476.0 37.75 2810856.0 54.0 8.0 13016.0 40.22 6.0
477.0 31.25 2842336.0 0.0 0.0 0.0 0.0 0.0
478.0 46.37 2870856.0 0.0 0.0 0.0 0.0 0.0
479.0 48.87 2916720.0 0.0 0.0 0.0 0.0 0.0
480.0 44.75 2922864.0 0.0 0.0 0.0 0.0 0.0
481.0 49.38 2950552.0 419.0 0.0 106768.0 129.49 42.8
482.0 35.59 2980116.0 288.0 0.0 73104.0 158.04 30.0
483.0 25.06 2980400.0 0.0 0.0 0.0 0.0 0.0
484.0 24.94 2980400.0 0.0 0.0 0.0 0.0 0.0
485.0 25.0 2980524.0 0.0 0.0 0.0 0.0 0.0
486.0 31.25 3063036.0 23.0 0.0 560.0 0.7 0.8
487.0 49.75 3062836.0 8.0 0.0 744.0 1.0 0.4
488.0 49.5 3063208.0 0.0 0.0 0.0 0.0 0.0
489.0 49.38 3063332.0 0.0 0.0 0.0 0.0 0.0
490.0 49.37 3063596.0 0.0 0.0 0.0 0.0 0.0
491.0 50.12 3063596.0 0.0 0.0 0.0 0.0 0.0
492.0 49.87 3063860.0 8.0 0.0 1272.0 10.0 1.6
493.0 49.88 3063860.0 0.0 0.0 0.0 0.0 0.0
494.0 49.87 3063860.0 0.0 0.0 0.0 0.0 0.0
495.0 39.9 3017440.0 0.0 0.0 0.0 0.0 0.0
496.0 22.81 2862960.0 0.0 0.0 0.0 0.0 0.0
497.0 50.0 2944432.0 0.0 0.0 0.0 0.0 0.0
498.0 49.75 2947984.0 100.0 8.0 21320.0 60.48 10.4
499.0 49.87 2949772.0 0.0 0.0 0.0 0.0 0.0
500.0 50.38 2951536.0 0.0 0.0 0.0 0.0 0.0
501.0 50.0 2952452.0 0.0 0.0 0.0 0.0 0.0
502.0 50.13 2952972.0 0.0 0.0 0.0 0.0 0.0
503.0 49.88 2953096.0 0.0 0.0 0.0 0.0 0.0
504.0 50.13 2953592.0 0.0 0.0 0.0 0.0 0.0
505.0 50.13 2953768.0 0.0 0.0 0.0 0.0 0.0
506.0 50.0 2953892.0 0.0 0.0 0.0 0.0 0.0
507.0 50.13 2954512.0 0.0 0.0 0.0 0.0 0.0
508.0 50.0 2954512.0 0.0 0.0 0.0 0.0 0.0
509.0 50.13 2955132.0 0.0 0.0 0.0 0.0 0.0
510.0 50.13 2955256.0 0.0 0.0 0.0 0.0 0.0
511.0 50.25 2956124.0 0.0 0.0 0.0 0.0 0.0
512.0 50.13 2956940.0 0.0 0.0 0.0 0.0 0.0
513.0 39.49 2849396.0 0.0 0.0 0.0 0.0 0.0
514.0 23.86 3258732.0 0.0 0.0 0.0 0.0 0.0
515.0 49.12 3259188.0 0.0 0.0 0.0 0.0 0.0
516.0 50.12 3259924.0 0.0 0.0 0.0 0.0 0.0
517.0 50.13 3261040.0 0.0 0.0 0.0 0.0 0.0
518.0 50.0 3261908.0 0.0 0.0 0.0 0.0 0.0
519.0 50.0 3264140.0 26.0 0.0 5232.0 9.69 2.0
520.0 49.88 3264960.0 0.0 0.0 0.0 0.0 0.0
521.0 50.0 3265456.0 12.0 0.0 184.0 0.0 0.0
522.0 50.25 3266076.0 0.0 0.0 0.0 0.0 0.0
523.0 50.0 3270564.0 0.0 0.0 0.0 0.0 0.0
524.0 50.0 3270604.0 0.0 0.0 0.0 0.0 0.0
525.0 50.13 3270728.0 0.0 0.0 0.0 0.0 0.0
526.0 50.0 3271472.0 0.0 0.0 0.0 0.0 0.0
527.0 49.88 3272216.0 0.0 0.0 0.0 0.0 0.0
528.0 50.0 3272836.0 0.0 0.0 0.0 0.0 0.0
529.0 36.5 3279316.0 0.0 0.0 0.0 0.0 0.0
530.0 50.0 3279456.0 0.0 0.0 0.0 0.0 0.0
531.0 50.13 3279580.0 0.0 0.0 0.0 0.0 0.0
532.0 49.88 3279704.0 0.0 0.0 0.0 0.0 0.0
533.0 50.13 3279672.0 0.0 0.0 0.0 0.0 0.0
534.0 50.0 3279672.0 0.0 0.0 0.0 0.0 0.0
535.0 50.25 3279796.0 0.0 0.0 0.0 0.0 0.0
536.0 49.88 3279796.0 0.0 0.0 0.0 0.0 0.0
537.0 50.25 3279920.0 0.0 0.0 0.0 0.0 0.0
538.0 50.0 3279920.0 0.0 0.0 0.0 0.0 0.0
539.0 50.0 3279952.0 0.0 0.0 0.0 0.0 0.0
540.0 50.0 3279984.0 0.0 0.0 0.0 0.0 0.0
541.0 50.13 3279984.0 0.0 0.0 0.0 0.0 0.0
542.0 50.0 3279984.0 0.0 0.0 0.0 0.0 0.0
543.0 44.11 2875748.0 0.0 0.0 0.0 0.0 0.0
544.0 49.75 2880808.0 0.0 0.0 0.0 0.0 0.0
545.0 50.25 2881560.0 0.0 0.0 0.0 0.0 0.0
546.0 50.0 2882336.0 0.0 0.0 0.0 0.0 0.0
547.0 49.88 2883948.0 0.0 0.0 0.0 0.0 0.0
548.0 49.88 2884848.0 0.0 0.0 0.0 0.0 0.0
549.0 25.31 2881500.0 6.0 0.0 424.0 0.0 0.0
550.0 26.82 2921728.0 1.0 8.0 0.0 0.0 0.0
551.0 54.16 2975252.0 0.0 0.0 0.0 0.0 0.0
552.0 45.45 2945340.0 0.0 0.0 0.0 0.0 0.0
553.0 47.85 2941304.0 0.0 0.0 0.0 0.0 0.0
554.0 54.57 3305272.0 385.0 0.0 81816.0 111.75 36.4
555.0 54.94 3009600.0 0.0 0.0 0.0 0.0 0.0
556.0 51.77 2931712.0 0.0 0.0 0.0 0.0 0.0
557.0 51.13 2946848.0 0.0 0.0 0.0 0.0 0.0
558.0 55.89 3009524.0 0.0 0.0 0.0 0.0 0.0
559.0 97.99 3080308.0 29.0 0.0 1024.0 9.38 1.6
560.0 59.6 2952408.0 0.0 0.0 0.0 0.0 0.0
561.0 46.73 2957028.0 0.0 0.0 0.0 0.0 0.0
562.0 68.26 3418276.0 0.0 0.0 0.0 0.0 0.0
563.0 92.73 3619528.0 0.0 0.0 0.0 0.0 0.0
564.0 97.74 3625020.0 40.0 0.0 4600.0 20.9 4.0
565.0 55.92 3699868.0 0.0 0.0 0.0 0.0 0.0
566.0 66.67 3392464.0 0.0 0.0 0.0 0.0 0.0
567.0 79.5 3447672.0 0.0 0.0 0.0 0.0 0.0
568.0 55.16 3767072.0 0.0 0.0 0.0 0.0 0.0
569.0 57.64 3340968.0 0.0 0.0 0.0 0.0 0.0
570.0 89.28 3598656.0 29.0 0.0 2256.0 11.17 2.0
571.0 89.75 3634836.0 0.0 0.0 0.0 0.0 0.0
572.0 52.14 3257516.0 0.0 0.0 0.0 0.0 0.0
573.0 48.5 2929188.0 0.0 0.0 0.0 0.0 0.0
574.0 74.87 2991480.0 0.0 0.0 0.0 0.0 0.0
575.0 90.0 3248684.0 0.0 0.0 0.0 0.0 0.0
576.0 79.4 3290032.0 0.0 0.0 0.0 0.0 0.0
577.0 75.94 3300044.0 175.0 0.0 38072.0 81.07 14.8
578.0 65.5 3327784.0 0.0 0.0 0.0 0.0 0.0
579.0 80.75 3565412.0 0.0 0.0 0.0 0.0 0.0
580.0 61.0 3628416.0 0.0 0.0 0.0 0.0 0.0
581.0 62.5 3610756.0 24.0 0.0 472.0 0.0 0.0
582.0 91.23 3863416.0 0.0 0.0 0.0 0.0 0.0
583.0 83.96 3876948.0 0.0 0.0 0.0 0.0 0.0
584.0 75.31 4002268.0 0.0 0.0 0.0 0.0 0.0
585.0 53.27 4400324.0 59.0 0.0 12888.0 28.75 5.2
586.0 50.62 4553988.0 1.0 0.0 8.0 0.0 0.0
587.0 51.0 4827364.0 0.0 0.0 0.0 0.0 0.0
588.0 49.38 5180240.0 0.0 0.0 0.0 0.0 0.0
589.0 51.13 5179868.0 0.0 0.0 0.0 0.0 0.0
590.0 52.38 4083224.0 0.0 0.0 0.0 0.0 0.0
591.0 49.12 4080492.0 0.0 0.0 0.0 0.0 0.0
592.0 47.12 4558156.0 0.0 0.0 0.0 0.0 0.0
593.0 48.5 4383408.0 0.0 0.0 0.0 0.0 0.0
594.0 70.25 4470064.0 0.0 0.0 0.0 0.0 0.0
595.0 91.96 4701212.0 0.0 0.0 0.0 0.0 0.0
596.0 78.5 4710964.0 44.0 0.0 6600.0 8.0 2.4
597.0 85.71 4985384.0 0.0 0.0 0.0 0.0 0.0
598.0 71.32 5015228.0 0.0 0.0 0.0 0.0 0.0
599.0 81.2 5557068.0 0.0 0.0 0.0 0.0 0.0
600.0 93.47 4114952.0 0.0 0.0 0.0 0.0 0.0
601.0 89.14 4104672.0 0.0 0.0 0.0 0.0 0.0
602.0 57.39 4498228.0 0.0 0.0 0.0 0.0 0.0
603.0 72.18 4107936.0 0.0 0.0 0.0 0.0 0.0
604.0 65.0 4206748.0 0.0 0.0 0.0 0.0 0.0
605.0 89.72 4528312.0 37.0 0.0 4448.0 5.51 2.0
606.0 70.03 4287124.0 0.0 0.0 0.0 0.0 0.0
607.0 47.63 4777264.0 0.0 0.0 0.0 0.0 0.0
608.0 50.0 4320372.0 0.0 0.0 0.0 0.0 0.0
609.0 61.11 4367600.0 0.0 0.0 0.0 0.0 0.0
610.0 88.38 4639140.0 0.0 0.0 0.0 0.0 0.0
611.0 90.25 4650824.0 40.0 0.0 5352.0 7.5 1.6
612.0 68.92 4317608.0 0.0 0.0 0.0 0.0 0.0
613.0 49.62 4329704.0 0.0 0.0 0.0 0.0 0.0
614.0 49.25 4345020.0 0.0 0.0 0.0 0.0 0.0
615.0 49.75 4345036.0 0.0 0.0 0.0 0.0 0.0
616.0 49.75 4345160.0 11.0 0.0 104.0 0.0 0.0
617.0 49.37 4340248.0 8.91 0.0 570.3 0.0 0.0
618.0 47.62 4716848.0 0.0 0.0 0.0 0.0 0.0
619.0 49.88 4717528.0 0.0 0.0 0.0 0.0 0.0
620.0 50.13 4717348.0 0.0 0.0 0.0 0.0 0.0
621.0 49.5 4324716.0 1.0 0.0 8.0 0.0 0.0
622.0 49.5 4330968.0 9.0 0.0 936.0 0.44 0.4
623.0 49.75 4345740.0 0.0 0.0 0.0 0.0 0.0
624.0 51.13 2931088.0 0.0 0.0 0.0 0.0 0.0
625.0 57.71 3316776.0 0.0 0.0 0.0 0.0 0.0
626.0 76.38 3082552.0 0.0 0.0 0.0 0.0 0.0
627.0 93.23 3308876.0 0.0 0.0 0.0 0.0 0.0
628.0 89.45 3576724.0 135.0 0.0 25720.0 37.63 8.4
629.0 97.24 3856836.0 0.0 0.0 0.0 0.0 0.0
630.0 84.52 3873772.0 0.0 0.0 0.0 0.0 0.0
631.0 85.71 3562868.0 0.0 0.0 0.0 0.0 0.0
632.0 67.93 3838360.0 0.0 0.0 0.0 0.0 0.0
633.0 69.17 4116184.0 0.0 0.0 0.0 0.0 0.0
634.0 74.37 4106848.0 10.0 0.0 240.0 1.2 0.4
635.0 56.6 4094460.0 0.0 0.0 0.0 0.0 0.0
636.0 49.75 4486308.0 0.0 0.0 0.0 0.0 0.0
637.0 54.18 4100032.0 0.0 0.0 0.0 0.0 0.0
638.0 49.75 4100736.0 0.0 0.0 0.0 0.0 0.0
639.0 50.0 4104536.0 0.0 0.0 0.0 0.0 0.0
640.0 49.24 4099932.0 8.0 0.0 200.0 0.5 0.4
641.0 50.51 4123340.0 0.0 0.0 0.0 0.0 0.0
642.0 36.68 4106360.0 0.0 0.0 0.0 0.0 0.0
643.0 42.61 3012636.0 0.0 0.0 0.0 0.0 0.0
644.0 63.66 3231068.0 0.0 0.0 0.0 0.0 0.0
645.0 66.17 3248132.0 8.0 0.0 224.0 0.5 0.4
646.0 64.5 3283500.0 1.0 0.0 8.0 0.0 0.0
