0.0 19.28 1480612.0 0.0 0.0 0.0 0.0 0.0
1.0 22.81 1483600.0 0.0 0.0 0.0 0.0 0.0
2.0 18.53 1493672.0 0.0 0.0 0.0 0.0 0.0
3.0 34.31 1525708.0 0.0 0.0 0.0 0.0 0.0
4.0 44.62 1546844.0 0.0 0.0 0.0 0.0 0.0
5.0 31.69 1586760.0 0.0 0.0 0.0 0.0 0.0
6.0 22.42 1616572.0 0.0 0.0 0.0 0.0 0.0
7.0 20.0 1658508.0 0.0 0.0 0.0 0.0 0.0
8.0 24.06 1662064.0 0.0 0.0 0.0 0.0 0.0
9.0 22.61 1647932.0 0.0 0.0 0.0 0.0 0.0
10.0 23.12 1657648.0 0.0 0.0 0.0 0.0 0.0
11.0 24.5 1652584.0 0.0 0.0 0.0 0.0 0.0
12.0 23.75 1657744.0 0.0 0.0 0.0 0.0 0.0
13.0 24.0 1779300.0 0.0 0.0 0.0 0.0 0.0
14.0 24.69 1806556.0 0.0 0.0 0.0 0.0 0.0
15.0 24.56 1831976.0 0.0 0.0 0.0 0.0 0.0
16.0 23.0 1765704.0 0.0 0.0 0.0 0.0 0.0
17.0 24.0 1844472.0 0.0 0.0 0.0 0.0 0.0
18.0 24.0 1910144.0 0.0 0.0 0.0 0.0 0.0
19.0 24.75 1936572.0 0.0 0.0 0.0 0.0 0.0
20.0 24.69 1942128.0 0.0 0.0 0.0 0.0 0.0
21.0 24.75 1961720.0 0.0 0.0 0.0 0.0 0.0
22.0 24.75 1983636.0 0.0 0.0 0.0 0.0 0.0
23.0 24.25 1679648.0 0.0 0.0 0.0 0.0 0.0
24.0 23.25 1702556.0 0.0 0.0 0.0 0.0 0.0
25.0 24.06 1782920.0 0.0 0.0 0.0 0.0 0.0
26.0 24.25 1809736.0 0.0 0.0 0.0 0.0 0.0
27.0 23.56 1704356.0 0.0 0.0 0.0 0.0 0.0
28.0 22.75 1690392.0 0.0 0.0 0.0 0.0 0.0
29.0 24.25 1759844.0 0.0 0.0 0.0 0.0 0.0
30.0 23.56 1737632.0 0.0 0.0 0.0 0.0 0.0
31.0 24.19 1784688.0 0.0 0.0 0.0 0.0 0.0
32.0 24.0 1687724.0 0.0 0.0 0.0 0.0 0.0
33.0 24.0 1785064.0 0.0 0.0 0.0 0.0 0.0
34.0 24.5 1814036.0 0.0 0.0 0.0 0.0 0.0
35.0 24.69 1838976.0 0.0 0.0 0.0 0.0 0.0
36.0 23.75 1754824.0 0.0 0.0 0.0 0.0 0.0
37.0 22.11 1660152.0 0.0 0.0 0.0 0.0 0.0
38.0 20.6 1754984.0 0.0 0.0 0.0 0.0 0.0
39.0 23.81 1700796.0 0.0 0.0 0.0 0.0 0.0
40.0 22.56 1702888.0 0.0 0.0 0.0 0.0 0.0
41.0 24.75 1705712.0 0.0 0.0 0.0 0.0 0.0
42.0 24.81 1708344.0 0.0 0.0 0.0 0.0 0.0
43.0 19.2 1697260.0 0.0 0.0 0.0 0.0 0.0
44.0 3.87 1750604.0 3.0 24.0 0.0 1.33 0.4
45.0 4.4 1816836.0 1.0 8.0 0.0 4.0 0.4
