0.0 20.75 1493032.0 0.0 0.0 0.0 0.0 0.0
1.0 22.56 1495572.0 0.0 0.0 0.0 0.0 0.0
2.0 20.05 1505472.0 0.0 0.0 0.0 0.0 0.0
3.0 29.32 1530108.0 0.0 0.0 0.0 0.0 0.0
4.0 55.29 1543564.0 0.0 0.0 0.0 0.0 0.0
5.0 17.15 1607000.0 0.0 0.0 0.0 0.0 0.0
6.0 22.17 1644428.0 0.0 0.0 0.0 0.0 0.0
7.0 21.5 1648964.0 0.0 0.0 0.0 0.0 0.0
8.0 24.06 1651044.0 0.0 0.0 0.0 0.0 0.0
9.0 23.12 1649672.0 0.0 0.0 0.0 0.0 0.0
10.0 23.56 1667920.0 0.0 0.0 0.0 0.0 0.0
11.0 24.25 1662120.0 0.0 0.0 0.0 0.0 0.0
12.0 23.5 1704124.0 0.0 0.0 0.0 0.0 0.0
13.0 24.06 1793308.0 0.0 0.0 0.0 0.0 0.0
14.0 24.5 1813724.0 0.0 0.0 0.0 0.0 0.0
15.0 24.44 1647812.0 0.0 0.0 0.0 0.0 0.0
16.0 23.06 1792136.0 0.0 0.0 0.0 0.0 0.0
17.0 24.19 1868160.0 0.0 0.0 0.0 0.0 0.0
18.0 23.69 1933756.0 0.0 0.0 0.0 0.0 0.0
19.0 25.06 1937492.0 0.0 0.0 0.0 0.0 0.0
20.0 24.94 1944808.0 0.0 0.0 0.0 0.0 0.0
21.0 24.81 1965872.0 0.0 0.0 0.0 0.0 0.0
22.0 24.81 1987448.0 0.0 0.0 0.0 0.0 0.0
23.0 23.25 1670896.0 0.0 0.0 0.0 0.0 0.0
24.0 22.75 1709556.0 0.0 0.0 0.0 0.0 0.0
25.0 24.31 1784936.0 0.0 0.0 0.0 0.0 0.0
26.0 24.5 1810480.0 0.0 0.0 0.0 0.0 0.0
27.0 23.0 1713744.0 0.0 0.0 0.0 0.0 0.0
28.0 23.37 1697272.0 0.0 0.0 0.0 0.0 0.0
29.0 23.75 1763884.0 0.0 0.0 0.0 0.0 0.0
30.0 23.0 1739268.0 0.0 0.0 0.0 0.0 0.0
31.0 24.25 1784536.0 0.0 0.0 0.0 0.0 0.0
32.0 23.25 1687244.0 0.0 0.0 0.0 0.0 0.0
33.0 24.5 1783528.0 0.0 0.0 0.0 0.0 0.0
34.0 24.94 1813072.0 0.0 0.0 0.0 0.0 0.0
35.0 24.81 1837748.0 0.0 0.0 0.0 0.0 0.0
36.0 22.5 1748520.0 0.0 0.0 0.0 0.0 0.0
37.0 23.69 1666192.0 0.0 0.0 0.0 0.0 0.0
38.0 23.75 1758532.0 0.0 0.0 0.0 0.0 0.0
39.0 23.25 1717016.0 0.0 0.0 0.0 0.0 0.0
40.0 22.22 1703440.0 0.0 0.0 0.0 0.0 0.0
41.0 24.75 1705424.0 0.0 0.0 0.0 0.0 0.0
42.0 24.75 1707908.0 0.0 0.0 0.0 0.0 0.0
43.0 16.67 1699316.0 3.0 24.0 0.0 0.0 0.0
44.0 1.88 1757364.0 0.0 0.0 0.0 0.0 0.0
45.0 1.3 1788964.0 0.0 0.0 0.0 0.0 0.0
46.0 2.07 1948236.0 6.0 48.0 0.0 0.67 0.4
47.0 31.16 2051304.0 0.0 0.0 0.0 0.0 0.0
