0.0 21.37 1503452.0 0.0 0.0 0.0 0.0 0.0
1.0 17.79 1502960.0 0.0 0.0 0.0 0.0 0.0
2.0 19.3 1481012.0 0.0 0.0 0.0 0.0 0.0
3.0 13.3 1501920.0 0.0 0.0 0.0 0.0 0.0
4.0 31.81 1529660.0 0.0 0.0 0.0 0.0 0.0
5.0 51.87 1547128.0 0.0 0.0 0.0 0.0 0.0
6.0 27.13 1607192.0 0.0 0.0 0.0 0.0 0.0
7.0 21.66 1646292.0 0.0 0.0 0.0 0.0 0.0
8.0 21.36 1653376.0 0.0 0.0 0.0 0.0 0.0
9.0 23.5 1655616.0 0.0 0.0 0.0 0.0 0.0
10.0 23.31 1655124.0 0.0 0.0 0.0 0.0 0.0
11.0 23.81 1670716.0 0.0 0.0 0.0 0.0 0.0
12.0 24.94 1668400.0 0.0 0.0 0.0 0.0 0.0
13.0 23.56 1713680.0 0.0 0.0 0.0 0.0 0.0
14.0 24.19 1798620.0 0.0 0.0 0.0 0.0 0.0
15.0 24.81 1819816.0 0.0 0.0 0.0 0.0 0.0
16.0 23.75 1688040.0 0.0 0.0 0.0 0.0 0.0
17.0 23.81 1809700.0 0.0 0.0 0.0 0.0 0.0
18.0 24.19 1878752.0 0.0 0.0 0.0 0.0 0.0
19.0 24.12 1939428.0 0.0 0.0 0.0 0.0 0.0
20.0 24.75 1944032.0 0.0 0.0 0.0 0.0 0.0
21.0 24.88 1954696.0 0.0 0.0 0.0 0.0 0.0
22.0 24.5 1975156.0 0.0 0.0 0.0 0.0 0.0
23.0 24.75 1949460.0 0.0 0.0 0.0 0.0 0.0
24.0 22.81 1717320.0 0.0 0.0 0.0 0.0 0.0
25.0 23.0 1767176.0 0.0 0.0 0.0 0.0 0.0
26.0 24.0 1802548.0 0.0 0.0 0.0 0.0 0.0
27.0 23.94 1668364.0 0.0 0.0 0.0 0.0 0.0
28.0 23.0 1750012.0 0.0 0.0 0.0 0.0 0.0
29.0 23.25 1753904.0 0.0 0.0 0.0 0.0 0.0
30.0 24.37 1690372.0 0.0 0.0 0.0 0.0 0.0
31.0 23.5 1776384.0 0.0 0.0 0.0 0.0 0.0
32.0 24.94 1805056.0 0.0 0.0 0.0 0.0 0.0
33.0 22.81 1762672.0 0.0 0.0 0.0 0.0 0.0
34.0 24.19 1807028.0 0.0 0.0 0.0 0.0 0.0
35.0 24.5 1833620.0 0.0 0.0 0.0 0.0 0.0
36.0 23.81 1712884.0 0.0 0.0 0.0 0.0 0.0
37.0 24.0 1785408.0 0.0 0.0 0.0 0.0 0.0
38.0 23.44 1749468.0 0.0 0.0 0.0 0.0 0.0
39.0 23.81 1689920.0 0.0 0.0 0.0 0.0 0.0
40.0 13.0 1663176.0 0.0 0.0 0.0 0.0 0.0
41.0 17.72 1707088.0 0.0 0.0 0.0 0.0 0.0
42.0 24.94 1709972.0 0.0 0.0 0.0 0.0 0.0
43.0 24.81 1712936.0 0.0 0.0 0.0 0.0 0.0
44.0 16.28 1724208.0 3.0 24.0 0.0 0.0 0.0
45.0 3.46 1786940.0 0.0 0.0 0.0 0.0 0.0
46.0 2.37 1952468.0 6.0 48.0 0.0 0.0 0.0
47.0 65.32 2135060.0 0.0 0.0 0.0 0.0 0.0
48.0 67.75 2279544.0 0.0 0.0 0.0 0.0 0.0
49.0 72.18 2404440.0 359.0 0.0 89816.0 89.08 24.8
50.0 46.85 1973836.0 1569.0 8.0 393584.0 117.58 100.0
51.0 71.72 2152864.0 123.0 8.0 30432.0 93.17 7.2
52.0 73.74 2302748.0 0.0 0.0 0.0 0.0 0.0
53.0 74.62 2576816.0 0.0 0.0 0.0 0.0 0.0
54.0 60.05 2091564.0 72.0 0.0 17480.0 58.61 10.8
55.0 80.2 2253208.0 101.0 0.0 24144.0 204.87 17.6
56.0 75.44 2348816.0 0.0 0.0 0.0 0.0 0.0
57.0 59.75 2010776.0 0.0 0.0 0.0 0.0 0.0
58.0 75.25 2182568.0 0.0 0.0 0.0 0.0 0.0
59.0 69.95 2336296.0 74.0 0.0 17040.0 48.0 10.4
60.0 62.56 2537192.0 122.0 0.0 29960.0 198.3 19.6
61.0 53.4 2111016.0 0.0 0.0 0.0 0.0 0.0
62.0 78.95 2212244.0 0.0 0.0 0.0 0.0 0.0
63.0 64.39 2151572.0 0.0 0.0 0.0 0.0 0.0
64.0 73.82 2356632.0 72.0 0.0 15872.0 50.67 10.4
65.0 55.42 2049732.0 105.0 0.0 24224.0 171.16 14.8
66.0 77.61 2236420.0 1.0 8.0 0.0 0.0 0.0
67.0 73.23 2381184.0 0.0 0.0 0.0 0.0 0.0
68.0 62.72 2158404.0 0.0 0.0 0.0 0.0 0.0
69.0 76.57 2360072.0 54.0 0.0 12288.0 51.56 10.4
70.0 62.66 2549688.0 125.0 0.0 29152.0 187.33 18.4
71.0 65.32 2212440.0 0.0 0.0 0.0 0.0 0.0
72.0 72.73 2383316.0 0.0 0.0 0.0 0.0 0.0
73.0 54.02 2098796.0 0.0 0.0 0.0 0.0 0.0
74.0 70.28 2256336.0 90.0 0.0 19904.0 49.33 10.4
75.0 65.06 2402248.0 76.0 0.0 18240.0 170.63 12.4
76.0 42.36 2084684.0 0.0 0.0 0.0 0.0 0.0
77.0 33.42 2085924.0 0.0 0.0 0.0 0.0 0.0
78.0 34.42 2087408.0 0.0 0.0 0.0 0.0 0.0
79.0 34.1 2089412.0 99.0 0.0 24016.0 33.37 6.0
80.0 32.56 2090616.0 0.0 0.0 0.0 0.0 0.0
81.0 33.85 2092168.0 0.0 0.0 0.0 0.0 0.0
82.0 36.36 2093408.0 0.0 0.0 0.0 0.0 0.0
83.0 34.18 2095144.0 0.0 0.0 0.0 0.0 0.0
84.0 36.59 2098008.0 37.0 0.0 9032.0 18.49 4.8
85.0 34.09 2098560.0 57.0 0.0 7032.0 30.53 6.0
86.0 33.84 2100072.0 0.0 0.0 0.0 0.0 0.0
87.0 32.82 2086200.0 0.0 0.0 0.0 0.0 0.0
88.0 34.77 2086704.0 0.0 0.0 0.0 0.0 0.0
89.0 35.03 2087784.0 52.0 0.0 12584.0 23.92 4.8
90.0 35.86 2089100.0 0.0 0.0 0.0 0.0 0.0
91.0 34.94 2090104.0 0.0 0.0 0.0 0.0 0.0
92.0 35.11 2091468.0 0.0 0.0 0.0 0.0 0.0
93.0 35.7 2092708.0 0.0 0.0 0.0 0.0 0.0
94.0 35.03 2094968.0 1.0 0.0 256.0 0.0 1.2
95.0 35.44 2095472.0 48.0 0.0 11536.0 22.0 2.0
96.0 34.77 2096464.0 0.0 0.0 0.0 0.0 0.0
97.0 35.35 2097472.0 0.0 0.0 0.0 0.0 0.0
98.0 34.77 2098588.0 0.0 0.0 0.0 0.0 0.0
99.0 35.28 2100344.0 3.0 0.0 768.0 4.0 0.4
100.0 35.13 2100928.0 42.0 0.0 10152.0 18.57 2.4
101.0 34.95 2102196.0 0.0 0.0 0.0 0.0 0.0
102.0 32.49 2088736.0 1.0 8.0 0.0 0.0 0.0
103.0 33.33 2090100.0 0.0 0.0 0.0 0.0 0.0
104.0 33.59 2091712.0 0.0 0.0 0.0 0.0 0.0
105.0 33.76 2093208.0 54.46 0.0 12934.65 21.75 3.56
106.0 33.59 2094668.0 0.0 0.0 0.0 0.0 0.0
107.0 33.5 2096032.0 0.0 0.0 0.0 0.0 0.0
108.0 33.42 2097676.0 0.0 0.0 0.0 0.0 0.0
109.0 33.16 2099412.0 0.0 0.0 0.0 0.0 0.0
110.0 33.25 2100832.0 57.0 0.0 14128.0 21.75 3.2
111.0 32.99 2102320.0 0.0 0.0 0.0 0.0 0.0
112.0 32.73 2104648.0 0.0 0.0 0.0 0.0 0.0
113.0 32.06 2089160.0 0.0 0.0 0.0 0.0 0.0
114.0 32.99 2090292.0 0.0 0.0 0.0 0.0 0.0
115.0 34.26 2092340.0 59.0 0.0 14296.0 29.63 4.8
116.0 34.1 2093364.0 0.0 0.0 0.0 0.0 0.0
117.0 35.86 2094356.0 0.0 0.0 0.0 0.0 0.0
118.0 35.53 2095596.0 0.0 0.0 0.0 0.0 0.0
119.0 35.53 2096324.0 0.0 0.0 0.0 0.0 0.0
120.0 35.79 2097544.0 66.0 0.0 12760.0 23.52 5.6
121.0 35.79 2098908.0 0.0 0.0 0.0 0.0 0.0
122.0 35.03 2100024.0 0.0 0.0 0.0 0.0 0.0
123.0 34.87 2101232.0 0.0 0.0 0.0 0.0 0.0
124.0 34.86 2102348.0 0.0 0.0 0.0 0.0 0.0
125.0 35.53 2103812.0 47.0 0.0 11368.0 23.57 4.4
126.0 33.42 2088628.0 0.0 0.0 0.0 0.0 0.0
127.0 33.33 2090248.0 0.0 0.0 0.0 0.0 0.0
128.0 33.84 2091752.0 0.0 0.0 0.0 0.0 0.0
129.0 33.84 2093180.0 0.0 0.0 0.0 0.0 0.0
130.0 32.22 2090392.0 56.0 0.0 13552.0 21.93 3.2
131.0 34.52 2090636.0 0.0 0.0 0.0 0.0 0.0
132.0 35.35 2091876.0 0.0 0.0 0.0 0.0 0.0
133.0 35.35 2092992.0 0.0 0.0 0.0 0.0 0.0
134.0 34.45 2094340.0 0.0 0.0 0.0 0.0 0.0
135.0 35.28 2095052.0 49.0 0.0 11640.0 23.59 3.6
136.0 34.86 2096168.0 0.0 0.0 0.0 0.0 0.0
137.0 34.69 2097360.0 0.0 0.0 0.0 0.0 0.0
138.0 35.19 2098708.0 0.0 0.0 0.0 0.0 0.0
139.0 35.19 2099700.0 0.0 0.0 0.0 0.0 0.0
140.0 33.59 2090240.0 47.0 0.0 11536.0 23.06 4.0
141.0 32.56 2091268.0 0.0 0.0 0.0 0.0 0.0
142.0 32.91 2092772.0 0.0 0.0 0.0 0.0 0.0
143.0 32.99 2094260.0 0.0 0.0 0.0 0.0 0.0
144.0 32.65 2095872.0 0.0 0.0 0.0 0.0 0.0
145.0 32.99 2097688.0 56.0 0.0 13432.0 30.0 6.0
146.0 34.1 2098804.0 0.0 0.0 0.0 0.0 0.0
147.0 34.26 2100044.0 0.0 0.0 0.0 0.0 0.0
148.0 33.25 2088764.0 0.0 0.0 0.0 0.0 0.0
149.0 32.56 2091476.0 0.0 0.0 0.0 0.0 0.0
150.0 33.5 2092776.0 57.0 0.0 12072.0 16.84 3.2
151.0 32.29 2094388.0 0.0 0.0 0.0 0.0 0.0
152.0 32.65 2096032.0 0.0 0.0 0.0 0.0 0.0
153.0 33.84 2097240.0 0.0 0.0 0.0 0.0 0.0
154.0 33.16 2098604.0 0.0 0.0 0.0 0.0 0.0
155.0 33.08 2100400.0 59.0 0.0 14232.0 20.88 3.6
156.0 32.13 2091300.0 0.0 0.0 0.0 0.0 0.0
157.0 33.08 2092788.0 0.0 0.0 0.0 0.0 0.0
158.0 32.12 2094292.0 0.0 0.0 0.0 0.0 0.0
159.0 34.69 2095548.0 0.0 0.0 0.0 0.0 0.0
160.0 33.84 2097008.0 58.0 0.0 13752.0 32.9 6.8
161.0 33.76 2098212.0 0.0 0.0 0.0 0.0 0.0
162.0 34.02 2099452.0 0.0 0.0 0.0 0.0 0.0
163.0 34.86 2100180.0 0.0 0.0 0.0 0.0 0.0
164.0 34.95 2101544.0 0.0 0.0 0.0 0.0 0.0
165.0 31.98 2092456.0 50.0 0.0 12296.0 25.52 4.8
166.0 32.73 2093640.0 0.0 0.0 0.0 0.0 0.0
167.0 32.56 2095004.0 0.0 0.0 0.0 0.0 0.0
168.0 32.99 2096244.0 0.0 0.0 0.0 0.0 0.0
169.0 34.01 2097608.0 0.0 0.0 0.0 0.0 0.0
170.0 35.1 2098988.0 56.0 0.0 13368.0 23.36 3.6
171.0 35.1 2100088.0 0.0 0.0 0.0 0.0 0.0
172.0 34.44 2101328.0 0.0 0.0 0.0 0.0 0.0
173.0 19.1 4018444.0 0.0 0.0 0.0 0.0 0.0
174.0 14.79 6006824.0 1.0 8.0 0.0 0.0 0.0
175.0 24.5 6008000.0 44.0 0.0 10312.0 18.55 2.8
176.0 24.75 6008744.0 0.0 0.0 0.0 0.0 0.0
177.0 25.0 6009380.0 0.0 0.0 0.0 0.0 0.0
178.0 24.81 6009752.0 0.0 0.0 0.0 0.0 0.0
179.0 25.0 6010588.0 0.0 0.0 0.0 0.0 0.0
180.0 24.94 6011212.0 28.0 0.0 6560.0 15.86 2.4
181.0 24.81 6011692.0 0.0 0.0 0.0 0.0 0.0
182.0 24.81 6012188.0 0.0 0.0 0.0 0.0 0.0
183.0 24.94 6013492.0 0.0 0.0 0.0 0.0 0.0
184.0 25.0 6013988.0 0.0 0.0 0.0 0.0 0.0
185.0 25.0 6014388.0 39.0 0.0 5048.0 4.62 1.6
186.0 24.81 6014884.0 0.0 0.0 0.0 0.0 0.0
187.0 24.94 6015380.0 0.0 0.0 0.0 0.0 0.0
188.0 25.0 6015876.0 0.0 0.0 0.0 0.0 0.0
189.0 25.0 6016496.0 0.0 0.0 0.0 0.0 0.0
190.0 25.06 6017332.0 22.0 0.0 4656.0 12.18 1.6
191.0 24.94 6017704.0 0.0 0.0 0.0 0.0 0.0
192.0 24.94 6018076.0 0.0 0.0 0.0 0.0 0.0
193.0 25.0 6018448.0 0.0 0.0 0.0 0.0 0.0
194.0 25.06 6018820.0 0.0 0.0 0.0 0.0 0.0
195.0 24.94 6019344.0 21.0 0.0 4712.0 8.57 1.6
196.0 24.94 6019748.0 0.0 0.0 0.0 0.0 0.0
197.0 25.06 6020120.0 0.0 0.0 0.0 0.0 0.0
198.0 25.19 6020492.0 0.0 0.0 0.0 0.0 0.0
199.0 24.81 6020864.0 0.0 0.0 0.0 0.0 0.0
200.0 25.0 6021296.0 20.0 0.0 4080.0 8.4 1.2
201.0 25.0 6021544.0 0.0 0.0 0.0 0.0 0.0
202.0 24.94 6021916.0 0.0 0.0 0.0 0.0 0.0
203.0 25.0 6022412.0 0.0 0.0 0.0 0.0 0.0
204.0 25.06 6022908.0 0.0 0.0 0.0 0.0 0.0
205.0 25.0 6023656.0 19.0 0.0 4256.0 7.37 1.2
206.0 25.0 6024028.0 0.0 0.0 0.0 0.0 0.0
207.0 25.06 6024400.0 0.0 0.0 0.0 0.0 0.0
208.0 25.0 6024772.0 0.0 0.0 0.0 0.0 0.0
209.0 25.0 6025020.0 0.0 0.0 0.0 0.0 0.0
210.0 24.75 6025612.0 19.0 0.0 3952.0 9.68 1.6
211.0 25.06 6025824.0 0.0 0.0 0.0 0.0 0.0
212.0 24.94 6026320.0 0.0 0.0 0.0 0.0 0.0
213.0 25.0 6027312.0 0.0 0.0 0.0 0.0 0.0
214.0 25.0 6027684.0 0.0 0.0 0.0 0.0 0.0
215.0 25.0 6028156.0 22.0 0.0 5040.0 11.82 1.6
216.0 24.94 6028404.0 0.0 0.0 0.0 0.0 0.0
217.0 24.81 6028616.0 0.0 0.0 0.0 0.0 0.0
218.0 24.94 6028988.0 0.0 0.0 0.0 0.0 0.0
219.0 25.0 6029360.0 0.0 0.0 0.0 0.0 0.0
220.0 24.81 6029632.0 17.0 0.0 3624.0 2.35 0.8
221.0 25.0 6029880.0 0.0 0.0 0.0 0.0 0.0
222.0 24.94 6030004.0 0.0 0.0 0.0 0.0 0.0
223.0 25.06 6030128.0 0.0 0.0 0.0 0.0 0.0
224.0 25.0 6030252.0 0.0 0.0 0.0 0.0 0.0
225.0 24.75 6030500.0 20.0 0.0 3048.0 5.4 1.2
226.0 25.0 6030872.0 0.0 0.0 0.0 0.0 0.0
227.0 24.94 6031060.0 0.0 0.0 0.0 0.0 0.0
228.0 25.06 6031308.0 0.0 0.0 0.0 0.0 0.0
229.0 24.94 6031556.0 0.0 0.0 0.0 0.0 0.0
230.0 25.0 6031804.0 14.0 0.0 2624.0 5.14 0.8
231.0 24.81 6031880.0 0.0 0.0 0.0 0.0 0.0
232.0 24.94 6032376.0 0.0 0.0 0.0 0.0 0.0
233.0 25.0 6032996.0 0.0 0.0 0.0 0.0 0.0
234.0 24.94 6033244.0 0.0 0.0 0.0 0.0 0.0
235.0 25.0 6033600.0 15.0 0.0 3096.0 6.4 0.8
236.0 25.06 6033944.0 0.0 0.0 0.0 0.0 0.0
237.0 25.0 6034284.0 0.0 0.0 0.0 0.0 0.0
238.0 25.0 6034548.0 0.0 0.0 0.0 0.0 0.0
239.0 24.94 6034920.0 0.0 0.0 0.0 0.0 0.0
240.0 24.81 6035044.0 13.0 0.0 2536.0 4.31 0.8
241.0 25.06 6035212.0 0.0 0.0 0.0 0.0 0.0
242.0 25.0 6035584.0 0.0 0.0 0.0 0.0 0.0
243.0 25.0 6035832.0 0.0 0.0 0.0 0.0 0.0
244.0 25.0 6036204.0 0.0 0.0 0.0 0.0 0.0
245.0 25.0 6036452.0 14.0 0.0 2760.0 3.43 0.8
246.0 25.0 6036700.0 0.0 0.0 0.0 0.0 0.0
247.0 25.0 6036732.0 0.0 0.0 0.0 0.0 0.0
248.0 25.0 6037120.0 0.0 0.0 0.0 0.0 0.0
249.0 24.94 6037368.0 0.0 0.0 0.0 0.0 0.0
250.0 25.06 6037740.0 14.0 0.0 2384.0 3.71 0.8
251.0 24.94 6038172.0 0.0 0.0 0.0 0.0 0.0
252.0 24.75 6038420.0 0.0 0.0 0.0 0.0 0.0
253.0 25.0 6038668.0 0.0 0.0 0.0 0.0 0.0
254.0 25.0 6038916.0 0.0 0.0 0.0 0.0 0.0
255.0 25.19 6038916.0 12.87 0.0 2598.02 6.15 0.79
256.0 24.87 6039288.0 0.0 0.0 0.0 0.0 0.0
257.0 18.41 6276316.0 2.0 16.0 0.0 0.0 0.0
258.0 0.0 7157552.0 7.0 56.0 0.0 0.57 0.4
259.0 0.0 7905704.0 1550.0 48.0 394016.0 89.92 97.6
260.0 0.0 8301564.0 1625.0 24.0 409496.0 95.36 100.0
261.0 0.0 8582428.0 1572.0 16.0 399216.0 191.07 100.0
262.0 0.0 8790212.0 1601.0 8.0 406608.0 187.95 100.0
263.0 0.0 8998764.0 1585.0 16.0 402368.0 187.83 100.0
264.0 0.0 9209104.0 1616.0 16.0 408560.0 189.51 100.0
265.0 0.0 9420400.0 1621.0 8.0 409616.0 185.81 100.0
266.0 0.0 9625716.0 1594.0 16.0 402448.0 185.96 100.0
267.0 0.0 9815020.0 1620.0 16.0 408792.0 188.79 100.0
268.0 0.0 10008508.0 1524.0 8.0 384832.0 188.6 100.0
269.0 1.52 7167028.0 274.0 24.0 68632.0 665.96 100.0
270.0 0.0 10058916.0 310.0 0.0 79016.0 982.76 100.0
271.0 0.0 10058656.0 296.0 0.0 75720.0 482.5 100.0
272.0 0.0 10058548.0 324.0 0.0 82944.0 448.21 100.4
273.0 0.0 10058548.0 337.0 0.0 86016.0 432.77 100.0
274.0 3.56 10068620.0 326.0 0.0 83128.0 681.53 100.0
275.0 19.89 10071500.0 352.0 0.0 90112.0 426.19 100.0
276.0 19.44 10074184.0 353.0 0.0 90168.0 445.05 100.0
277.0 19.39 10076928.0 288.0 0.0 73672.0 477.15 100.0
278.0 18.89 10079124.0 284.0 0.0 72704.0 350.03 100.0
279.0 18.93 10082044.0 261.0 0.0 66616.0 360.87 100.0
280.0 20.22 10085680.0 264.0 0.0 67528.0 240.27 100.0
281.0 19.5 10086764.0 280.0 0.0 71680.0 222.33 100.0
282.0 19.01 10092264.0 259.0 0.0 65664.0 1449.5 100.0
283.0 20.56 10094724.0 257.0 0.0 65592.0 422.72 100.0
284.0 19.11 10092900.0 252.0 0.0 64304.0 809.22 100.0
285.0 11.76 6137016.0 239.0 0.0 60664.0 753.76 100.0
286.0 0.0 6137064.0 268.0 0.0 68608.0 597.6 100.0
287.0 0.0 6137008.0 277.0 0.0 70712.0 687.94 100.0
288.0 0.0 6136856.0 276.0 0.0 70656.0 546.75 100.0
289.0 0.0 6137008.0 272.0 0.0 69632.0 540.76 100.0
290.0 0.0 6136852.0 288.0 0.0 73728.0 527.32 100.0
291.0 0.0 6136852.0 308.0 0.0 78848.0 512.9 100.0
292.0 0.0 6136932.0 296.0 0.0 75776.0 511.47 100.0
293.0 0.0 6137000.0 288.0 0.0 73728.0 505.42 100.0
294.0 0.0 6137000.0 320.0 0.0 81920.0 492.54 100.0
295.0 0.0 6137100.0 320.0 0.0 81920.0 478.9 100.0
296.0 0.0 6136976.0 300.0 0.0 75496.0 1453.84 100.0
297.0 0.0 6137024.0 320.0 0.0 81920.0 437.34 100.0
298.0 0.0 6137048.0 320.0 0.0 81920.0 431.06 100.0
299.0 0.0 6137084.0 352.0 0.0 90112.0 409.24 100.0
300.0 0.0 6136988.0 352.0 0.0 90112.0 405.17 100.0
301.0 0.0 6137068.0 324.0 0.0 82944.0 415.27 100.0
302.0 0.0 6137048.0 348.0 0.0 89088.0 393.4 100.0
303.0 0.0 6137048.0 364.0 0.0 93184.0 396.59 100.0
304.0 0.0 6137152.0 372.0 0.0 95232.0 383.7 100.0
305.0 0.0 6137132.0 352.0 0.0 90112.0 384.14 100.0
306.0 0.25 6137220.0 368.0 0.0 94208.0 383.76 100.0
307.0 0.0 6137328.0 368.0 0.0 94208.0 374.45 100.0
308.0 0.0 6137116.0 372.0 0.0 95232.0 381.12 100.0
309.0 0.0 6137148.0 380.0 0.0 97280.0 370.8 100.4
310.0 0.0 6137260.0 368.0 0.0 94208.0 370.36 99.6
311.0 0.25 6137288.0 384.0 0.0 98304.0 362.0 100.4
312.0 0.0 6137320.0 384.0 0.0 98304.0 364.78 100.0
313.0 0.0 6137372.0 384.0 0.0 98304.0 367.47 100.0
314.0 0.0 6137312.0 384.0 0.0 98304.0 363.96 100.0
315.0 0.0 2762632.0 399.0 0.0 101008.0 333.74 100.0
316.0 22.56 2140984.0 19.0 0.0 4152.0 92.42 2.0
317.0 24.06 2135428.0 0.0 0.0 0.0 0.0 0.0
318.0 24.19 2137800.0 0.0 0.0 0.0 0.0 0.0
319.0 23.69 2135408.0 1.0 8.0 0.0 0.0 0.0
320.0 24.0 2126632.0 0.0 0.0 0.0 0.0 0.0
321.0 11.03 2125512.0 264.0 0.0 58400.0 252.02 58.8
322.0 24.81 2111320.0 0.0 0.0 0.0 0.0 0.0
323.0 13.92 2109860.0 0.0 0.0 0.0 0.0 0.0
324.0 2.19 2123968.0 0.0 0.0 0.0 0.0 0.0
325.0 3.23 2153908.0 0.0 0.0 0.0 0.0 0.0
326.0 3.26 2179992.0 81.0 0.0 14376.0 68.94 12.8
327.0 2.66 2206328.0 0.0 0.0 0.0 0.0 0.0
328.0 1.03 2212920.0 0.0 0.0 0.0 0.0 0.0
329.0 1.57 2220924.0 0.0 0.0 0.0 0.0 0.0
330.0 2.52 2238608.0 0.0 0.0 0.0 0.0 0.0
331.0 3.68 2260004.0 0.0 0.0 0.0 0.0 0.0
332.0 10.23 2332108.0 0.0 0.0 0.0 0.0 0.0
333.0 22.81 2489480.0 0.0 0.0 0.0 0.0 0.0
334.0 0.0 2489088.0 0.0 0.0 0.0 0.0 0.0
335.0 19.34 2544216.0 0.0 0.0 0.0 0.0 0.0
336.0 24.94 2580888.0 0.0 0.0 0.0 0.0 0.0
337.0 23.25 2534840.0 0.0 0.0 0.0 0.0 0.0
338.0 23.94 2566716.0 0.0 0.0 0.0 0.0 0.0
339.0 24.62 2596164.0 0.0 0.0 0.0 0.0 0.0
340.0 23.37 2505768.0 0.0 0.0 0.0 0.0 0.0
341.0 8.54 2531412.0 0.0 0.0 0.0 0.0 0.0
342.0 23.69 2504940.0 0.0 0.0 0.0 0.0 0.0
343.0 23.0 2497412.0 0.0 0.0 0.0 0.0 0.0
344.0 23.56 2543588.0 0.0 0.0 0.0 0.0 0.0
345.0 23.56 2501876.0 0.0 0.0 0.0 0.0 0.0
346.0 23.0 2526096.0 48.0 0.0 472.0 192.67 26.8
347.0 23.75 2515124.0 0.0 0.0 0.0 0.0 0.0
348.0 24.19 2567960.0 0.0 0.0 0.0 0.0 0.0
349.0 23.31 2574624.0 0.0 0.0 0.0 0.0 0.0
350.0 24.75 2516656.0 0.0 0.0 0.0 0.0 0.0
351.0 23.56 2574092.0 0.0 0.0 0.0 0.0 0.0
352.0 23.0 2583728.0 0.0 0.0 0.0 0.0 0.0
353.0 24.81 2617836.0 0.0 0.0 0.0 0.0 0.0
354.0 24.75 2644180.0 0.0 0.0 0.0 0.0 0.0
355.0 23.0 2543620.0 0.0 0.0 0.0 0.0 0.0
356.0 24.31 2596120.0 0.0 0.0 0.0 0.0 0.0
357.0 24.19 2581940.0 0.0 0.0 0.0 0.0 0.0
358.0 24.31 2618568.0 0.0 0.0 0.0 0.0 0.0
359.0 23.44 2584700.0 0.0 0.0 0.0 0.0 0.0
360.0 24.75 2619608.0 0.0 0.0 0.0 0.0 0.0
361.0 24.06 2538992.0 0.0 0.0 0.0 0.0 0.0
362.0 23.94 2607492.0 0.0 0.0 0.0 0.0 0.0
363.0 24.56 2632708.0 0.0 0.0 0.0 0.0 0.0
364.0 24.75 2659988.0 0.0 0.0 0.0 0.0 0.0
365.0 23.5 2565380.0 0.0 0.0 0.0 0.0 0.0
366.0 24.06 2529712.0 0.0 0.0 0.0 0.0 0.0
367.0 23.81 2592828.0 0.0 0.0 0.0 0.0 0.0
368.0 23.0 2576956.0 0.0 0.0 0.0 0.0 0.0
369.0 23.25 2556468.0 0.0 0.0 0.0 0.0 0.0
370.0 24.81 2585504.0 0.0 0.0 0.0 0.0 0.0
371.0 23.31 2573500.0 0.0 0.0 0.0 0.0 0.0
372.0 24.19 2629840.0 0.0 0.0 0.0 0.0 0.0
373.0 24.75 2658920.0 0.0 0.0 0.0 0.0 0.0
374.0 23.81 2569744.0 0.0 0.0 0.0 0.0 0.0
375.0 23.69 2636124.0 0.0 0.0 0.0 0.0 0.0
376.0 25.0 2665576.0 0.0 0.0 0.0 0.0 0.0
377.0 24.19 2556016.0 0.0 0.0 0.0 0.0 0.0
378.0 22.75 2613996.0 0.0 0.0 0.0 0.0 0.0
379.0 24.5 2645172.0 0.0 0.0 0.0 0.0 0.0
380.0 23.5 2560284.0 0.0 0.0 0.0 0.0 0.0
381.0 23.0 2619240.0 0.0 0.0 0.0 0.0 0.0
382.0 24.25 2576968.0 0.0 0.0 0.0 0.0 0.0
383.0 24.31 2659328.0 0.0 0.0 0.0 0.0 0.0
384.0 24.75 2687028.0 0.0 0.0 0.0 0.0 0.0
385.0 24.81 2715328.0 0.0 0.0 0.0 0.0 0.0
386.0 24.5 2565180.0 0.0 0.0 0.0 0.0 0.0
387.0 23.75 2578904.0 0.0 0.0 0.0 0.0 0.0
388.0 22.86 2651804.0 0.0 0.0 0.0 0.0 0.0
389.0 24.44 2686048.0 0.0 0.0 0.0 0.0 0.0
390.0 24.56 2714152.0 0.0 0.0 0.0 0.0 0.0
391.0 24.69 2740812.0 0.0 0.0 0.0 0.0 0.0
392.0 22.75 2619416.0 0.0 0.0 0.0 0.0 0.0
393.0 24.44 2656956.0 0.0 0.0 0.0 0.0 0.0
394.0 22.81 2595836.0 0.0 0.0 0.0 0.0 0.0
395.0 23.75 2664028.0 0.0 0.0 0.0 0.0 0.0
396.0 24.5 2700504.0 0.0 0.0 0.0 0.0 0.0
397.0 23.75 2588372.0 0.0 0.0 0.0 0.0 0.0
398.0 24.0 2664092.0 0.0 0.0 0.0 0.0 0.0
399.0 24.56 2696700.0 0.0 0.0 0.0 0.0 0.0
400.0 23.69 2615800.0 0.0 0.0 0.0 0.0 0.0
401.0 23.62 2673092.0 0.0 0.0 0.0 0.0 0.0
402.0 24.69 2706448.0 0.0 0.0 0.0 0.0 0.0
403.0 24.37 2735372.0 0.0 0.0 0.0 0.0 0.0
404.0 21.75 2666772.0 0.0 0.0 0.0 0.0 0.0
405.0 24.25 2699060.0 0.0 0.0 0.0 0.0 0.0
406.0 24.5 2729620.0 0.0 0.0 0.0 0.0 0.0
407.0 22.61 2646624.0 0.0 0.0 0.0 0.0 0.0
408.0 24.31 2697388.0 0.0 0.0 0.0 0.0 0.0
409.0 24.94 2729748.0 0.0 0.0 0.0 0.0 0.0
410.0 22.61 2631784.0 0.0 0.0 0.0 0.0 0.0
411.0 23.88 2678024.0 0.0 0.0 0.0 0.0 0.0
412.0 24.75 2708900.0 0.0 0.0 0.0 0.0 0.0
413.0 22.06 2665540.0 0.0 0.0 0.0 0.0 0.0
414.0 25.0 2703708.0 0.0 0.0 0.0 0.0 0.0
415.0 23.75 2628268.0 0.0 0.0 0.0 0.0 0.0
416.0 4.29 2623064.0 0.0 0.0 0.0 0.0 0.0
417.0 10.61 2626944.0 0.0 0.0 0.0 0.0 0.0
418.0 17.57 2650652.0 0.0 0.0 0.0 0.0 0.0
419.0 14.4 2666156.0 0.0 0.0 0.0 0.0 0.0
420.0 23.31 2626808.0 0.0 0.0 0.0 0.0 0.0
421.0 21.75 2627508.0 0.0 0.0 0.0 0.0 0.0
422.0 23.06 2633248.0 0.0 0.0 0.0 0.0 0.0
423.0 22.86 2667552.0 0.0 0.0 0.0 0.0 0.0
424.0 24.0 2730992.0 0.0 0.0 0.0 0.0 0.0
425.0 24.5 2755476.0 0.0 0.0 0.0 0.0 0.0
426.0 23.81 2649692.0 0.0 0.0 0.0 0.0 0.0
427.0 22.75 2711112.0 0.0 0.0 0.0 0.0 0.0
428.0 23.25 2669460.0 0.0 0.0 0.0 0.0 0.0
429.0 23.25 2725616.0 0.0 0.0 0.0 0.0 0.0
430.0 24.0 2815700.0 0.0 0.0 0.0 0.0 0.0
431.0 24.75 2840532.0 0.0 0.0 0.0 0.0 0.0
432.0 25.0 2864008.0 0.0 0.0 0.0 0.0 0.0
433.0 23.81 2685208.0 0.0 0.0 0.0 0.0 0.0
434.0 22.69 2658460.0 0.0 0.0 0.0 0.0 0.0
435.0 24.0 2762752.0 0.0 0.0 0.0 0.0 0.0
436.0 23.5 2717696.0 0.0 0.0 0.0 0.0 0.0
437.0 24.06 2648636.0 0.0 0.0 0.0 0.0 0.0
438.0 23.75 2761072.0 0.0 0.0 0.0 0.0 0.0
439.0 23.0 2716652.0 0.0 0.0 0.0 0.0 0.0
440.0 23.44 2723716.0 0.0 0.0 0.0 0.0 0.0
441.0 23.75 2796068.0 0.0 0.0 0.0 0.0 0.0
442.0 24.81 2827564.0 0.0 0.0 0.0 0.0 0.0
443.0 22.75 2729556.0 0.0 0.0 0.0 0.0 0.0
444.0 24.37 2796516.0 0.0 0.0 0.0 0.0 0.0
445.0 24.75 2820156.0 0.0 0.0 0.0 0.0 0.0
446.0 23.75 2683704.0 0.0 0.0 0.0 0.0 0.0
447.0 23.5 2712116.0 0.0 0.0 0.0 0.0 0.0
448.0 23.56 2692488.0 0.0 0.0 0.0 0.0 0.0
449.0 23.5 2776480.0 0.0 0.0 0.0 0.0 0.0
450.0 24.75 2802768.0 0.0 0.0 0.0 0.0 0.0
451.0 18.89 2653384.0 0.0 0.0 0.0 0.0 0.0
452.0 1.75 2654268.0 0.0 0.0 0.0 0.0 0.0
453.0 21.12 2710288.0 0.0 0.0 0.0 0.0 0.0
454.0 23.25 2664060.0 0.0 0.0 0.0 0.0 0.0
455.0 23.25 2669540.0 0.0 0.0 0.0 0.0 0.0
456.0 24.5 2674628.0 0.0 0.0 0.0 0.0 0.0
457.0 24.5 2680324.0 0.0 0.0 0.0 0.0 0.0
458.0 24.0 2684892.0 0.0 0.0 0.0 0.0 0.0
459.0 22.56 2689180.0 247.0 0.0 51312.0 62.09 13.2
460.0 16.62 5062724.0 1.0 8.0 0.0 0.0 0.0
461.0 21.75 11909212.0 0.0 0.0 0.0 0.0 0.0
462.0 50.0 11910444.0 0.0 0.0 0.0 0.0 0.0
463.0 49.75 11912652.0 0.0 0.0 0.0 0.0 0.0
464.0 49.75 11916308.0 400.0 0.0 99896.0 79.69 26.0
465.0 50.0 11917804.0 25.0 0.0 5208.0 77.44 1.2
466.0 50.13 11920036.0 0.0 0.0 0.0 0.0 0.0
467.0 50.0 11922420.0 0.0 0.0 0.0 0.0 0.0
468.0 49.62 11924776.0 0.0 0.0 0.0 0.0 0.0
469.0 47.86 11926188.0 87.0 0.0 21808.0 30.02 5.2
470.0 48.99 11927768.0 0.0 0.0 0.0 0.0 0.0
471.0 49.5 11929256.0 0.0 0.0 0.0 0.0 0.0
472.0 49.5 11930496.0 0.0 0.0 0.0 0.0 0.0
473.0 49.87 11931860.0 0.0 0.0 0.0 0.0 0.0
474.0 48.11 11933320.0 54.0 0.0 13168.0 21.41 3.2
475.0 50.0 11935272.0 0.0 0.0 0.0 0.0 0.0
476.0 49.75 11937628.0 0.0 0.0 0.0 0.0 0.0
477.0 49.62 11939736.0 0.0 0.0 0.0 0.0 0.0
478.0 49.63 11942092.0 0.0 0.0 0.0 0.0 0.0
479.0 48.37 11943892.0 87.0 0.0 21768.0 29.66 5.2
480.0 27.0 2860564.0 0.99 7.92 0.0 0.0 0.0
481.0 41.6 2855152.0 0.0 0.0 0.0 0.0 0.0
482.0 47.5 2881412.0 0.0 0.0 0.0 0.0 0.0
483.0 44.61 2911248.0 0.0 0.0 0.0 0.0 0.0
484.0 49.62 2932824.0 0.0 0.0 0.0 0.0 0.0
485.0 49.5 2959680.0 582.0 0.0 148496.0 80.93 35.6
486.0 28.0 2982364.0 125.0 0.0 31384.0 90.88 7.2
487.0 25.0 2982488.0 0.0 0.0 0.0 0.0 0.0
488.0 25.0 2983608.0 0.0 0.0 0.0 0.0 0.0
489.0 24.81 3015448.0 0.0 0.0 0.0 0.0 0.0
490.0 41.65 3065436.0 0.0 0.0 0.0 0.0 0.0
491.0 49.5 3065684.0 9.0 0.0 784.0 1.78 0.4
492.0 49.5 3065808.0 0.0 0.0 0.0 0.0 0.0
493.0 49.62 3065808.0 0.0 0.0 0.0 0.0 0.0
494.0 49.63 3065932.0 27.0 0.0 584.0 0.15 0.4
495.0 49.87 3065932.0 0.0 0.0 0.0 0.0 0.0
496.0 49.63 3065740.0 8.0 0.0 1216.0 2.0 0.4
497.0 49.75 3065864.0 0.0 0.0 0.0 0.0 0.0
498.0 49.5 3066500.0 0.0 0.0 0.0 0.0 0.0
499.0 38.5 3018812.0 0.0 0.0 0.0 0.0 0.0
500.0 24.81 2887128.0 0.0 0.0 0.0 0.0 0.0
501.0 50.38 2947900.0 98.0 0.0 21336.0 34.0 6.4
502.0 51.27 2953804.0 0.0 0.0 0.0 0.0 0.0
503.0 50.13 2955160.0 0.0 0.0 0.0 0.0 0.0
504.0 50.25 2955748.0 0.0 0.0 0.0 0.0 0.0
505.0 50.25 2956088.0 0.0 0.0 0.0 0.0 0.0
506.0 50.25 2956472.0 0.0 0.0 0.0 0.0 0.0
507.0 50.38 2957028.0 0.0 0.0 0.0 0.0 0.0
508.0 50.13 2957508.0 0.0 0.0 0.0 0.0 0.0
509.0 50.38 2958736.0 0.0 0.0 0.0 0.0 0.0
510.0 42.21 2852612.0 0.0 0.0 0.0 0.0 0.0
511.0 24.23 3325784.0 0.0 0.0 0.0 0.0 0.0
512.0 45.64 3262352.0 0.0 0.0 0.0 0.0 0.0
513.0 50.0 3262724.0 0.0 0.0 0.0 0.0 0.0
514.0 50.0 3263996.0 0.0 0.0 0.0 0.0 0.0
515.0 50.0 3264864.0 0.0 0.0 0.0 0.0 0.0
516.0 50.13 3267212.0 28.0 8.0 5248.0 6.43 1.2
517.0 49.88 3267644.0 0.0 0.0 0.0 0.0 0.0
518.0 49.87 3268596.0 0.0 0.0 0.0 0.0 0.0
519.0 50.0 3269836.0 0.0 0.0 0.0 0.0 0.0
520.0 49.88 3272440.0 0.0 0.0 0.0 0.0 0.0
521.0 50.13 3273184.0 0.0 0.0 0.0 0.0 0.0
522.0 49.88 3273928.0 0.0 0.0 0.0 0.0 0.0
523.0 50.13 3274920.0 0.0 0.0 0.0 0.0 0.0
524.0 50.0 3275912.0 0.0 0.0 0.0 0.0 0.0
525.0 32.75 3281864.0 0.0 0.0 0.0 0.0 0.0
526.0 49.87 3282112.0 0.0 0.0 0.0 0.0 0.0
527.0 50.0 3282360.0 0.0 0.0 0.0 0.0 0.0
528.0 49.87 3282624.0 0.0 0.0 0.0 0.0 0.0
529.0 50.25 3282624.0 12.0 0.0 192.0 0.33 0.4
530.0 50.0 3282624.0 0.0 0.0 0.0 0.0 0.0
531.0 50.0 3282624.0 0.0 0.0 0.0 0.0 0.0
532.0 50.13 3282748.0 0.0 0.0 0.0 0.0 0.0
533.0 50.13 3282872.0 0.0 0.0 0.0 0.0 0.0
534.0 49.88 3282872.0 0.0 0.0 0.0 0.0 0.0
535.0 50.13 3282872.0 0.0 0.0 0.0 0.0 0.0
536.0 50.0 3282872.0 0.0 0.0 0.0 0.0 0.0
537.0 50.0 3282872.0 0.0 0.0 0.0 0.0 0.0
538.0 42.89 2881456.0 0.0 0.0 0.0 0.0 0.0
539.0 50.0 2882408.0 3.96 0.0 308.91 0.0 0.0
540.0 50.0 2883756.0 0.0 0.0 0.0 0.0 0.0
541.0 50.0 2884872.0 0.0 0.0 0.0 0.0 0.0
542.0 50.0 2885988.0 0.0 0.0 0.0 0.0 0.0
543.0 45.11 2883292.0 3.0 0.0 112.0 0.0 0.0
544.0 25.0 2883292.0 0.0 0.0 0.0 0.0 0.0
545.0 30.56 2910580.0 1.0 8.0 0.0 0.0 0.0
546.0 53.92 2911624.0 0.0 0.0 0.0 0.0 0.0
547.0 49.87 2938756.0 0.0 0.0 0.0 0.0 0.0
548.0 45.45 2957200.0 193.0 0.0 37264.0 38.61 10.8
549.0 54.66 3261344.0 191.0 0.0 44720.0 86.81 8.8
550.0 51.64 3063256.0 0.0 0.0 0.0 0.0 0.0
551.0 51.26 3018732.0 0.0 0.0 0.0 0.0 0.0
552.0 50.13 2961480.0 0.0 0.0 0.0 0.0 0.0
553.0 54.52 3005156.0 29.0 0.0 1008.0 5.79 1.2
554.0 97.49 3086208.0 0.0 0.0 0.0 0.0 0.0
555.0 59.75 2969056.0 0.0 0.0 0.0 0.0 0.0
556.0 46.87 2958104.0 0.0 0.0 0.0 0.0 0.0
557.0 71.43 3451884.0 0.0 0.0 0.0 0.0 0.0
558.0 92.23 3626020.0 0.0 0.0 0.0 0.0 0.0
559.0 95.0 3632928.0 40.0 0.0 4640.0 5.4 1.6
560.0 50.0 3309484.0 0.0 0.0 0.0 0.0 0.0
561.0 70.6 3324932.0 0.0 0.0 0.0 0.0 0.0
562.0 80.25 3465500.0 0.0 0.0 0.0 0.0 0.0
563.0 49.38 3705728.0 0.0 0.0 0.0 0.0 0.0
564.0 60.4 3361568.0 0.0 0.0 0.0 0.0 0.0
565.0 93.75 3635220.0 29.0 0.0 2264.0 7.45 1.2
566.0 91.02 3645148.0 0.0 0.0 0.0 0.0 0.0
567.0 52.39 3046704.0 0.0 0.0 0.0 0.0 0.0
568.0 48.0 2924548.0 0.0 0.0 0.0 0.0 0.0
569.0 68.26 2979476.0 0.0 0.0 0.0 0.0 0.0
570.0 89.47 3259324.0 0.0 0.0 0.0 0.0 0.0
571.0 77.19 3292860.0 0.0 0.0 0.0 0.0 0.0
572.0 81.3 3300616.0 174.0 0.0 38080.0 47.45 9.2
573.0 62.66 3579364.0 24.0 0.0 600.0 0.17 0.4
574.0 76.25 3646208.0 0.0 0.0 0.0 0.0 0.0
575.0 61.1 3888016.0 0.0 0.0 0.0 0.0 0.0
576.0 78.23 4152156.0 0.0 0.0 0.0 0.0 0.0
577.0 79.55 4381336.0 0.0 0.0 0.0 0.0 0.0
578.0 60.8 4629080.0 0.0 0.0 0.0 0.0 0.0
579.0 67.0 4649236.0 59.0 0.0 12896.0 17.08 2.8
580.0 54.61 4696244.0 0.0 0.0 0.0 0.0 0.0
581.0 49.75 5191488.0 0.0 0.0 0.0 0.0 0.0
582.0 50.75 5191488.0 0.0 0.0 0.0 0.0 0.0
583.0 51.75 5214140.0 1.0 0.0 8.0 0.0 0.0
584.0 50.12 5222332.0 0.0 0.0 0.0 0.0 0.0
585.0 50.63 5222332.0 0.0 0.0 0.0 0.0 0.0
586.0 49.37 4335572.0 0.0 0.0 0.0 0.0 0.0
587.0 47.38 4723940.0 0.0 0.0 0.0 0.0 0.0
588.0 49.37 4335920.0 0.0 0.0 0.0 0.0 0.0
589.0 66.92 4416104.0 0.0 0.0 0.0 0.0 0.0
590.0 89.22 4679612.0 0.0 0.0 0.0 0.0 0.0
591.0 80.75 4689200.0 44.0 0.0 6608.0 1.64 0.4
592.0 82.21 4722296.0 0.0 0.0 0.0 0.0 0.0
593.0 69.33 4915572.0 0.0 0.0 0.0 0.0 0.0
594.0 90.73 4992224.0 0.0 0.0 0.0 0.0 0.0
595.0 82.07 3652244.0 0.0 0.0 0.0 0.0 0.0
596.0 61.4 4095420.0 0.0 0.0 0.0 0.0 0.0
597.0 66.92 4494288.0 0.0 0.0 0.0 0.0 0.0
598.0 65.34 4107460.0 0.0 0.0 0.0 0.0 0.0
599.0 79.45 4163904.0 0.0 0.0 0.0 0.0 0.0
600.0 87.69 4415124.0 40.0 0.0 5496.0 5.3 1.2
601.0 85.54 4427888.0 0.0 0.0 0.0 0.0 0.0
602.0 66.25 4095788.0 0.0 0.0 0.0 0.0 0.0
603.0 47.62 4487624.0 0.0 0.0 0.0 0.0 0.0
604.0 55.75 4166448.0 0.0 0.0 0.0 0.0 0.0
605.0 86.5 4467168.0 0.0 0.0 0.0 0.0 0.0
606.0 80.75 4283016.0 0.0 0.0 0.0 0.0 0.0
607.0 49.88 4351088.0 7.0 0.0 216.0 0.0 0.0
608.0 49.87 4361032.0 0.0 0.0 0.0 0.0 0.0
609.0 49.63 4359856.0 0.0 0.0 0.0 0.0 0.0
610.0 47.0 4731424.0 0.0 0.0 0.0 0.0 0.0
611.0 50.0 4731452.0 0.0 0.0 0.0 0.0 0.0
612.0 50.13 4731824.0 0.0 0.0 0.0 0.0 0.0
613.0 49.62 4338804.0 28.0 0.0 1408.0 0.0 0.0
614.0 50.0 4339780.0 0.0 0.0 0.0 0.0 0.0
615.0 49.5 4359248.0 0.0 0.0 0.0 0.0 0.0
616.0 49.88 4381588.0 0.0 0.0 0.0 0.0 0.0
617.0 54.52 4373848.0 0.0 0.0 0.0 0.0 0.0
618.0 71.5 4401648.0 0.0 0.0 0.0 0.0 0.0
619.0 75.51 3235744.0 107.0 0.0 22392.0 10.47 2.8
620.0 72.57 3646232.0 0.0 0.0 0.0 0.0 0.0
621.0 73.55 3535660.0 0.0 0.0 0.0 0.0 0.0
622.0 88.22 3602104.0 0.0 0.0 0.0 0.0 0.0
623.0 95.48 3865052.0 0.0 0.0 0.0 0.0 0.0
624.0 96.24 4038300.0 37.0 0.0 3544.0 0.97 0.4
625.0 86.43 4113244.0 0.0 0.0 0.0 0.0 0.0
626.0 79.55 4100932.0 0.0 0.0 0.0 0.0 0.0
627.0 55.53 4121960.0 0.0 0.0 0.0 0.0 0.0
628.0 51.14 4499212.0 0.0 0.0 0.0 0.0 0.0
629.0 50.88 4106172.0 10.0 0.0 240.0 0.0 0.0
630.0 48.61 4105228.0 0.0 0.0 0.0 0.0 0.0
631.0 49.62 4499648.0 0.0 0.0 0.0 0.0 0.0
632.0 52.79 4112848.0 0.0 0.0 0.0 0.0 0.0
633.0 48.99 4102732.0 0.0 0.0 0.0 0.0 0.0
634.0 49.5 4117560.0 0.0 0.0 0.0 0.0 0.0
635.0 48.87 4119212.0 8.0 0.0 192.0 1.0 0.4
636.0 69.77 3048776.0 0.0 0.0 0.0 0.0 0.0
637.0 75.63 3230028.0 0.0 0.0 0.0 0.0 0.0
638.0 67.92 3244228.0 0.0 0.0 0.0 0.0 0.0
639.0 62.75 3250312.0 1.0 0.0 8.0 0.0 0.0
