0.0 19.44 1493692.0 0.0 0.0 0.0 0.0 0.0
1.0 22.31 1495952.0 0.0 0.0 0.0 0.0 0.0
2.0 25.52 1507952.0 0.0 0.0 0.0 0.0 0.0
3.0 31.51 1537116.0 0.0 0.0 0.0 0.0 0.0
4.0 58.4 1544528.0 0.0 0.0 0.0 0.0 0.0
5.0 14.61 1607552.0 0.0 0.0 0.0 0.0 0.0
6.0 19.19 1647752.0 0.0 0.0 0.0 0.0 0.0
7.0 23.56 1650472.0 0.0 0.0 0.0 0.0 0.0
8.0 23.5 1659636.0 0.0 0.0 0.0 0.0 0.0
9.0 22.42 1654632.0 0.0 0.0 0.0 0.0 0.0
10.0 23.75 1667356.0 0.0 0.0 0.0 0.0 0.0
11.0 24.0 1660248.0 0.0 0.0 0.0 0.0 0.0
12.0 24.0 1698748.0 0.0 0.0 0.0 0.0 0.0
13.0 24.25 1789704.0 0.0 0.0 0.0 0.0 0.0
14.0 24.69 1810300.0 0.0 0.0 0.0 0.0 0.0
15.0 24.0 1652840.0 0.0 0.0 0.0 0.0 0.0
16.0 23.31 1774356.0 0.0 0.0 0.0 0.0 0.0
17.0 24.44 1848428.0 0.0 0.0 0.0 0.0 0.0
18.0 24.25 1909560.0 0.0 0.0 0.0 0.0 0.0
19.0 24.81 1936964.0 0.0 0.0 0.0 0.0 0.0
20.0 24.75 1940188.0 0.0 0.0 0.0 0.0 0.0
21.0 24.56 1956184.0 0.0 0.0 0.0 0.0 0.0
22.0 24.81 1977224.0 0.0 0.0 0.0 0.0 0.0
23.0 24.75 1945592.0 0.0 0.0 0.0 0.0 0.0
24.0 24.06 1651284.0 0.0 0.0 0.0 0.0 0.0
25.0 22.5 1764968.0 0.0 0.0 0.0 0.0 0.0
26.0 24.5 1797016.0 0.0 0.0 0.0 0.0 0.0
27.0 24.31 1822796.0 0.0 0.0 0.0 0.0 0.0
28.0 23.81 1742364.0 0.0 0.0 0.0 0.0 0.0
29.0 23.25 1738664.0 0.0 0.0 0.0 0.0 0.0
30.0 24.06 1662168.0 0.0 0.0 0.0 0.0 0.0
31.0 22.75 1761772.0 0.0 0.0 0.0 0.0 0.0
32.0 24.25 1789404.0 0.0 0.0 0.0 0.0 0.0
33.0 23.75 1702260.0 0.0 0.0 0.0 0.0 0.0
34.0 24.06 1787948.0 0.0 0.0 0.0 0.0 0.0
35.0 24.5 1814780.0 0.0 0.0 0.0 0.0 0.0
36.0 24.75 1839140.0 0.0 0.0 0.0 0.0 0.0
37.0 23.25 1751868.0 0.0 0.0 0.0 0.0 0.0
38.0 24.37 1667064.0 0.0 0.0 0.0 0.0 0.0
39.0 23.06 1755656.0 0.0 0.0 0.0 0.0 0.0
40.0 24.25 1701552.0 0.0 0.0 0.0 0.0 0.0
41.0 23.0 1702408.0 0.0 0.0 0.0 0.0 0.0
42.0 24.56 1705876.0 0.0 0.0 0.0 0.0 0.0
43.0 25.0 1708476.0 0.0 0.0 0.0 0.0 0.0
44.0 21.11 1696012.0 0.0 0.0 0.0 0.0 0.0
45.0 3.23 1778068.0 3.0 24.0 0.0 2.67 0.8
46.0 3.02 1939932.0 4.0 32.0 0.0 1.0 0.4
47.0 40.51 2059460.0 2.0 16.0 0.0 0.0 0.0
