0.0 19.23 1480064.0 0.0 0.0 0.0 0.0 0.0
1.0 21.3 1484760.0 0.0 0.0 0.0 0.0 0.0
2.0 14.18 1491900.0 0.0 0.0 0.0 0.0 0.0
3.0 31.41 1541036.0 0.0 0.0 0.0 0.0 0.0
4.0 46.95 1554144.0 0.0 0.0 0.0 0.0 0.0
5.0 30.16 1586300.0 0.0 0.0 0.0 0.0 0.0
6.0 22.06 1616300.0 0.0 0.0 0.0 0.0 0.0
7.0 20.2 1653856.0 0.0 0.0 0.0 0.0 0.0
8.0 24.25 1660116.0 0.0 0.0 0.0 0.0 0.0
9.0 22.11 1650264.0 0.0 0.0 0.0 0.0 0.0
10.0 22.89 1652336.0 0.0 0.0 0.0 0.0 0.0
11.0 24.81 1648548.0 0.0 0.0 0.0 0.0 0.0
12.0 24.25 1648628.0 0.0 0.0 0.0 0.0 0.0
13.0 23.56 1777876.0 0.0 0.0 0.0 0.0 0.0
14.0 24.5 1805956.0 0.0 0.0 0.0 0.0 0.0
15.0 24.56 1831128.0 0.0 0.0 0.0 0.0 0.0
16.0 23.0 1765172.0 0.0 0.0 0.0 0.0 0.0
17.0 24.31 1846344.0 0.0 0.0 0.0 0.0 0.0
18.0 24.06 1912420.0 0.0 0.0 0.0 0.0 0.0
19.0 24.5 1936848.0 0.0 0.0 0.0 0.0 0.0
20.0 24.75 1941592.0 0.0 0.0 0.0 0.0 0.0
21.0 25.0 1961308.0 0.0 0.0 0.0 0.0 0.0
22.0 24.5 1983576.0 0.0 0.0 0.0 0.0 0.0
23.0 24.06 1679408.0 0.0 0.0 0.0 0.0 0.0
24.0 23.06 1702292.0 0.0 0.0 0.0 0.0 0.0
25.0 24.0 1782844.0 0.0 0.0 0.0 0.0 0.0
26.0 24.44 1810044.0 0.0 0.0 0.0 0.0 0.0
27.0 23.56 1703772.0 0.0 0.0 0.0 0.0 0.0
28.0 23.5 1690212.0 0.0 0.0 0.0 0.0 0.0
29.0 24.06 1759892.0 0.0 0.0 0.0 0.0 0.0
30.0 23.25 1735888.0 0.0 0.0 0.0 0.0 0.0
31.0 24.5 1783164.0 0.0 0.0 0.0 0.0 0.0
32.0 23.31 1685300.0 0.0 0.0 0.0 0.0 0.0
33.0 24.56 1784124.0 0.0 0.0 0.0 0.0 0.0
34.0 24.5 1814236.0 0.0 0.0 0.0 0.0 0.0
35.0 25.0 1839084.0 0.0 0.0 0.0 0.0 0.0
36.0 22.5 1752672.0 0.0 0.0 0.0 0.0 0.0
37.0 24.25 1677676.0 0.0 0.0 0.0 0.0 0.0
38.0 24.37 1758984.0 0.0 0.0 0.0 0.0 0.0
39.0 23.25 1723904.0 0.0 0.0 0.0 0.0 0.0
40.0 22.61 1702932.0 0.0 0.0 0.0 0.0 0.0
41.0 25.0 1705048.0 0.0 0.0 0.0 0.0 0.0
42.0 24.75 1707296.0 0.0 0.0 0.0 0.0 0.0
43.0 14.96 1696332.0 0.0 0.0 0.0 0.0 0.0
44.0 1.25 1722208.0 3.0 24.0 0.0 0.0 0.0
45.0 5.04 1800312.0 0.0 0.0 0.0 0.0 0.0
46.0 1.26 1947864.0 6.0 48.0 0.0 0.0 0.0
47.0 55.64 2090496.0 0.0 0.0 0.0 0.0 0.0
48.0 72.11 2295212.0 440.0 0.0 109728.0 88.43 28.8
49.0 68.34 2362312.0 1563.0 8.0 391664.0 108.58 91.2
50.0 57.93 2002192.0 0.0 0.0 0.0 0.0 0.0
51.0 83.16 2170844.0 1.0 8.0 0.0 0.0 0.0
52.0 63.41 2299008.0 0.0 0.0 0.0 0.0 0.0
53.0 60.65 2483760.0 191.0 0.0 45768.0 54.22 11.6
54.0 50.63 2038996.0 0.0 0.0 0.0 0.0 0.0
55.0 84.73 2183556.0 0.0 0.0 0.0 0.0 0.0
56.0 75.94 2338528.0 0.0 0.0 0.0 0.0 0.0
57.0 66.92 2588828.0 0.0 0.0 0.0 0.0 0.0
58.0 61.21 2109480.0 169.0 0.0 40088.0 55.2 10.4
59.0 72.34 2328872.0 0.0 0.0 0.0 0.0 0.0
60.0 68.34 2358796.0 0.0 0.0 0.0 0.0 0.0
61.0 61.0 2019948.0 0.0 0.0 0.0 0.0 0.0
62.0 75.38 2195248.0 0.0 0.0 0.0 0.0 0.0
63.0 58.33 2114648.0 180.0 0.0 42360.0 58.53 10.8
64.0 84.34 2223492.0 0.0 0.0 0.0 0.0 0.0
65.0 63.13 2379568.0 0.0 0.0 0.0 0.0 0.0
66.0 60.71 2144468.0 0.0 0.0 0.0 0.0 0.0
67.0 78.2 2358320.0 1.0 8.0 0.0 0.0 0.0
68.0 61.15 2051352.0 181.0 0.0 42688.0 53.86 10.8
69.0 76.07 2224292.0 0.0 0.0 0.0 0.0 0.0
70.0 71.0 2368636.0 0.0 0.0 0.0 0.0 0.0
71.0 51.52 2118352.0 0.0 0.0 0.0 0.0 0.0
72.0 82.12 2256612.0 0.0 0.0 0.0 0.0 0.0
73.0 69.6 2404732.0 169.0 0.0 39184.0 50.79 10.4
74.0 61.96 2173636.0 0.0 0.0 0.0 0.0 0.0
75.0 78.09 2388344.0 0.0 0.0 0.0 0.0 0.0
76.0 47.24 3418192.0 0.0 0.0 0.0 0.0 0.0
77.0 19.55 6012688.0 0.0 0.0 0.0 0.0 0.0
78.0 46.72 6014340.0 118.0 0.0 27512.0 46.51 8.0
79.0 49.38 6015240.0 0.0 0.0 0.0 0.0 0.0
80.0 48.75 6015752.0 0.0 0.0 0.0 0.0 0.0
81.0 48.61 6016496.0 0.0 0.0 0.0 0.0 0.0
82.0 48.23 6016992.0 0.0 0.0 0.0 0.0 0.0
83.0 48.35 6017684.0 29.0 0.0 6664.0 15.59 2.0
84.0 47.73 6018688.0 30.0 0.0 1328.0 5.6 2.4
85.0 48.61 6019184.0 0.0 0.0 0.0 0.0 0.0
86.0 47.7 6019680.0 0.0 0.0 0.0 0.0 0.0
87.0 48.0 6020300.0 0.0 0.0 0.0 0.0 0.0
88.0 47.98 6020416.0 21.0 0.0 4704.0 8.38 1.2
89.0 46.35 6020988.0 0.0 0.0 0.0 0.0 0.0
90.0 49.0 6021484.0 0.0 0.0 0.0 0.0 0.0
91.0 48.62 6021856.0 0.0 0.0 0.0 0.0 0.0
92.0 49.12 6021996.0 0.0 0.0 0.0 0.0 0.0
93.0 49.37 6022084.0 16.0 0.0 3576.0 7.5 1.2
94.0 48.74 6022084.0 0.0 0.0 0.0 0.0 0.0
95.0 48.99 6022456.0 0.0 0.0 0.0 0.0 0.0
96.0 48.87 6022704.0 0.0 0.0 0.0 0.0 0.0
97.0 48.37 6023572.0 0.0 0.0 0.0 0.0 0.0
98.0 48.49 6023696.0 15.0 0.0 3304.0 9.33 1.2
99.0 48.48 6023944.0 0.0 0.0 0.0 0.0 0.0
100.0 48.99 6024192.0 0.0 0.0 0.0 0.0 0.0
101.0 48.74 6024316.0 0.0 0.0 0.0 0.0 0.0
102.0 48.49 6024564.0 0.0 0.0 0.0 0.0 0.0
103.0 48.23 6024564.0 10.0 0.0 1872.0 2.0 0.4
104.0 48.87 6024812.0 0.0 0.0 0.0 0.0 0.0
105.0 48.62 6024688.0 0.0 0.0 0.0 0.0 0.0
106.0 48.35 6025060.0 0.0 0.0 0.0 0.0 0.0
107.0 48.49 6025308.0 0.0 0.0 0.0 0.0 0.0
108.0 46.6 6025836.0 11.0 0.0 2200.0 6.55 0.8
109.0 48.74 6026108.0 1.0 0.0 128.0 0.0 0.0
110.0 49.12 6026480.0 0.0 0.0 0.0 0.0 0.0
111.0 48.1 6026852.0 0.0 0.0 0.0 0.0 0.0
112.0 48.49 6027348.0 0.0 0.0 0.0 0.0 0.0
113.0 48.23 6027456.0 17.0 0.0 3728.0 7.53 1.2
114.0 48.1 6028076.0 0.0 0.0 0.0 0.0 0.0
115.0 48.74 6028636.0 0.0 0.0 0.0 0.0 0.0
116.0 48.48 6029008.0 0.0 0.0 0.0 0.0 0.0
117.0 48.24 6029644.0 0.0 0.0 0.0 0.0 0.0
118.0 47.97 6030016.0 20.0 0.0 4416.0 14.6 2.0
119.0 46.37 6030096.0 0.0 0.0 0.0 0.0 0.0
120.0 48.11 6030468.0 0.0 0.0 0.0 0.0 0.0
121.0 48.74 6030840.0 0.0 0.0 0.0 0.0 0.0
122.0 48.87 6031212.0 0.0 0.0 0.0 0.0 0.0
123.0 49.12 6031360.0 16.0 0.0 3536.0 9.5 1.2
124.0 48.87 6031748.0 5.0 0.0 48.0 0.0 0.0
125.0 48.74 6032244.0 0.0 0.0 0.0 0.0 0.0
126.0 48.1 6033360.0 0.0 0.0 0.0 0.0 0.0
127.0 48.49 6033608.0 0.0 0.0 0.0 0.0 0.0
128.0 48.87 6034332.0 21.0 0.0 4840.0 12.38 1.6
129.0 48.49 6034828.0 0.0 0.0 0.0 0.0 0.0
130.0 45.96 6035676.0 0.0 0.0 0.0 0.0 0.0
131.0 47.73 6035716.0 0.0 0.0 0.0 0.0 0.0
132.0 48.35 6036212.0 0.0 0.0 0.0 0.0 0.0
133.0 48.49 6036832.0 16.0 0.0 3416.0 8.25 1.2
134.0 46.98 6037732.0 0.0 0.0 0.0 0.0 0.0
135.0 47.98 6037924.0 0.0 0.0 0.0 0.0 0.0
136.0 48.23 6038172.0 0.0 0.0 0.0 0.0 0.0
137.0 48.61 6038296.0 0.0 0.0 0.0 0.0 0.0
138.0 48.24 6038544.0 0.0 0.0 0.0 0.0 0.0
139.0 48.11 6038628.0 13.0 0.0 2640.0 5.54 0.8
140.0 48.35 6038876.0 0.0 0.0 0.0 0.0 0.0
141.0 47.49 6034624.0 0.0 0.0 0.0 0.0 0.0
142.0 46.33 6039192.0 0.0 0.0 0.0 0.0 0.0
143.0 47.72 6039216.0 0.0 0.0 0.0 0.0 0.0
144.0 48.24 6039560.0 12.0 0.0 2432.0 7.33 1.6
145.0 47.97 6039808.0 0.0 0.0 0.0 0.0 0.0
146.0 47.73 6040056.0 0.0 0.0 0.0 0.0 0.0
147.0 48.61 6041172.0 0.0 0.0 0.0 0.0 0.0
148.0 48.48 6041420.0 0.0 0.0 0.0 0.0 0.0
149.0 48.74 6041544.0 13.0 0.0 2656.0 5.54 0.8
150.0 48.48 6041856.0 0.0 0.0 0.0 0.0 0.0
151.0 46.1 6041328.0 0.0 0.0 0.0 0.0 0.0
152.0 47.87 6041592.0 0.0 0.0 0.0 0.0 0.0
153.0 46.39 6041840.0 0.0 0.0 0.0 0.0 0.0
154.0 47.86 6042148.0 9.0 0.0 1704.0 2.67 0.4
155.0 47.58 6042396.0 0.0 0.0 0.0 0.0 0.0
156.0 47.85 6042520.0 0.0 0.0 0.0 0.0 0.0
157.0 47.73 6042784.0 0.0 0.0 0.0 0.0 0.0
158.0 47.73 6043032.0 0.0 0.0 0.0 0.0 0.0
159.0 45.98 6043576.0 12.0 0.0 2432.0 5.33 0.8
160.0 47.33 6043964.0 0.0 0.0 0.0 0.0 0.0
161.0 47.62 6044460.0 0.0 0.0 0.0 0.0 0.0
162.0 47.07 6044708.0 0.0 0.0 0.0 0.0 0.0
163.0 47.99 6044832.0 0.0 0.0 0.0 0.0 0.0
164.0 47.34 6045080.0 14.0 0.0 2424.0 5.14 0.8
165.0 47.61 6045576.0 0.0 0.0 0.0 0.0 0.0
166.0 46.63 6045596.0 0.0 0.0 0.0 0.0 0.0
167.0 48.24 6045816.0 0.0 0.0 0.0 0.0 0.0
168.0 48.62 6046196.0 0.0 0.0 0.0 0.0 0.0
169.0 48.49 6046320.0 14.0 0.0 2880.0 5.71 0.8
170.0 47.73 6046568.0 0.0 0.0 0.0 0.0 0.0
171.0 48.1 6046692.0 0.0 0.0 0.0 0.0 0.0
172.0 47.98 6046940.0 0.0 0.0 0.0 0.0 0.0
173.0 42.82 6039328.0 0.0 0.0 0.0 0.0 0.0
174.0 31.16 6039188.0 9.0 0.0 1848.0 5.78 0.8
175.0 47.75 6039752.0 0.0 0.0 0.0 0.0 0.0
176.0 47.49 6040476.0 1.0 8.0 0.0 0.0 0.0
177.0 47.74 6041220.0 0.0 0.0 0.0 0.0 0.0
178.0 46.95 6041840.0 0.0 0.0 0.0 0.0 0.0
179.0 47.22 6041804.0 29.0 0.0 6016.0 10.07 1.6
180.0 47.62 6042840.0 0.0 0.0 0.0 0.0 0.0
181.0 47.24 6043460.0 0.0 0.0 0.0 0.0 0.0
182.0 47.37 6044576.0 0.0 0.0 0.0 0.0 0.0
183.0 47.62 6045444.0 0.0 0.0 0.0 0.0 0.0
184.0 37.25 2093244.0 32.0 0.0 7368.0 10.88 1.6
185.0 24.19 2098836.0 0.0 0.0 0.0 0.0 0.0
186.0 24.5 2105060.0 0.0 0.0 0.0 0.0 0.0
187.0 24.56 2110888.0 0.0 0.0 0.0 0.0 0.0
188.0 23.75 2109644.0 0.0 0.0 0.0 0.0 0.0
