0.0 27.89 1470968.0 0.0 0.0 0.0 0.0 0.0
1.0 17.36 1470308.0 0.0 0.0 0.0 0.0 0.0
2.0 22.06 1501652.0 0.0 0.0 0.0 0.0 0.0
3.0 14.5 1482656.0 0.0 0.0 0.0 0.0 0.0
4.0 24.48 1515388.0 0.0 0.0 0.0 0.0 0.0
5.0 32.47 1550804.0 0.0 0.0 0.0 0.0 0.0
6.0 54.45 1543820.0 0.0 0.0 0.0 0.0 0.0
7.0 18.8 1608360.0 0.0 0.0 0.0 0.0 0.0
8.0 19.65 1650452.0 0.0 0.0 0.0 0.0 0.0
9.0 24.06 1656616.0 0.0 0.0 0.0 0.0 0.0
10.0 22.31 1650452.0 0.0 0.0 0.0 0.0 0.0
11.0 23.56 1647612.0 0.0 0.0 0.0 0.0 0.0
12.0 22.75 1680036.0 0.0 0.0 0.0 0.0 0.0
13.0 24.31 1657832.0 0.0 0.0 0.0 0.0 0.0
14.0 23.06 1764196.0 0.0 0.0 0.0 0.0 0.0
15.0 24.44 1805192.0 0.0 0.0 0.0 0.0 0.0
16.0 24.75 1829000.0 0.0 0.0 0.0 0.0 0.0
17.0 23.25 1750124.0 0.0 0.0 0.0 0.0 0.0
18.0 24.5 1837740.0 0.0 0.0 0.0 0.0 0.0
19.0 24.5 1900436.0 0.0 0.0 0.0 0.0 0.0
20.0 24.5 1936396.0 0.0 0.0 0.0 0.0 0.0
21.0 24.75 1940860.0 0.0 0.0 0.0 0.0 0.0
22.0 24.94 1958468.0 0.0 0.0 0.0 0.0 0.0
23.0 24.56 1979672.0 0.0 0.0 0.0 0.0 0.0
24.0 24.19 1668956.0 0.0 0.0 0.0 0.0 0.0
25.0 23.06 1687396.0 0.0 0.0 0.0 0.0 0.0
26.0 24.0 1778800.0 0.0 0.0 0.0 0.0 0.0
27.0 24.19 1805576.0 0.0 0.0 0.0 0.0 0.0
28.0 23.25 1691948.0 0.0 0.0 0.0 0.0 0.0
29.0 24.06 1681408.0 0.0 0.0 0.0 0.0 0.0
30.0 24.0 1760620.0 0.0 0.0 0.0 0.0 0.0
31.0 23.5 1725200.0 0.0 0.0 0.0 0.0 0.0
32.0 23.94 1781904.0 0.0 0.0 0.0 0.0 0.0
33.0 23.81 1676448.0 0.0 0.0 0.0 0.0 0.0
34.0 23.75 1779012.0 0.0 0.0 0.0 0.0 0.0
35.0 24.5 1810492.0 0.0 0.0 0.0 0.0 0.0
36.0 24.56 1835168.0 0.0 0.0 0.0 0.0 0.0
37.0 23.25 1745612.0 0.0 0.0 0.0 0.0 0.0
38.0 23.81 1658516.0 0.0 0.0 0.0 0.0 0.0
39.0 23.5 1758516.0 0.0 0.0 0.0 0.0 0.0
40.0 23.81 1716688.0 0.0 0.0 0.0 0.0 0.0
41.0 22.47 1703668.0 0.0 0.0 0.0 0.0 0.0
42.0 25.06 1707088.0 0.0 0.0 0.0 0.0 0.0
43.0 24.87 1709692.0 0.0 0.0 0.0 0.0 0.0
44.0 16.75 1705300.0 3.0 24.0 0.0 0.0 0.0
45.0 4.92 1779444.0 0.0 0.0 0.0 0.0 0.0
46.0 3.12 1940156.0 4.0 32.0 0.0 0.0 0.0
47.0 45.34 2068724.0 2.0 16.0 0.0 2.0 0.4
48.0 75.7 2251216.0 0.0 0.0 0.0 0.0 0.0
49.0 64.41 2321628.0 70.0 0.0 15736.0 67.71 10.4
50.0 64.56 2568680.0 1067.0 0.0 267656.0 190.19 100.0
51.0 51.14 2084616.0 908.0 8.0 229128.0 129.59 78.8
52.0 74.24 2300340.0 1.0 8.0 0.0 4.0 0.4
53.0 72.32 2380920.0 0.0 0.0 0.0 0.0 0.0
54.0 56.12 2007692.0 62.0 0.0 15616.0 40.45 6.4
55.0 74.62 2185820.0 114.0 0.0 27296.0 109.68 9.6
56.0 72.77 2337132.0 0.0 0.0 0.0 0.0 0.0
57.0 74.12 2587820.0 0.0 0.0 0.0 0.0 0.0
58.0 60.51 2111632.0 0.0 0.0 0.0 0.0 0.0
59.0 72.45 2306220.0 71.0 0.0 16248.0 39.1 6.4
60.0 65.15 2357640.0 108.0 0.0 26560.0 108.44 9.6
61.0 57.93 2012720.0 0.0 0.0 0.0 0.0 0.0
62.0 69.95 2196428.0 0.0 0.0 0.0 0.0 0.0
63.0 56.2 2076856.0 0.0 0.0 0.0 0.0 0.0
64.0 80.76 2229116.0 86.0 0.0 19344.0 39.44 6.8
65.0 70.38 2371584.0 86.0 0.0 19496.0 105.63 6.8
66.0 61.46 2146600.0 0.0 0.0 0.0 0.0 0.0
67.0 76.44 2361136.0 1.0 8.0 0.0 0.0 0.0
68.0 60.4 2076456.0 0.0 0.0 0.0 0.0 0.0
69.0 81.52 2245540.0 42.0 0.0 8336.0 36.0 6.4
70.0 77.75 2389284.0 142.0 0.0 34496.0 116.03 11.6
71.0 62.12 2169996.0 0.0 0.0 0.0 0.0 0.0
72.0 73.48 2395020.0 0.0 0.0 0.0 0.0 0.0
73.0 60.86 2062552.0 0.0 0.0 0.0 0.0 0.0
74.0 70.96 2252336.0 48.0 0.0 10536.0 29.83 6.0
75.0 65.57 2399260.0 124.0 0.0 29648.0 96.97 8.8
76.0 46.33 2081780.0 0.0 0.0 0.0 0.0 0.0
77.0 34.86 2082768.0 0.0 0.0 0.0 0.0 0.0
78.0 34.44 2083488.0 0.0 0.0 0.0 0.0 0.0
79.0 34.85 2087564.0 8.0 0.0 1672.0 1.0 2.4
80.0 34.69 2086236.0 88.0 0.0 21312.0 53.45 6.0
81.0 34.6 2087228.0 0.0 0.0 0.0 0.0 0.0
82.0 35.28 2088484.0 0.0 0.0 0.0 0.0 0.0
83.0 34.85 2089724.0 0.0 0.0 0.0 0.0 0.0
84.0 35.03 2090840.0 0.0 0.0 0.0 0.0 0.0
85.0 35.53 2092068.0 81.0 0.0 12752.0 23.26 9.6
86.0 35.11 2093308.0 0.0 0.0 0.0 0.0 0.0
87.0 34.95 2094424.0 0.0 0.0 0.0 0.0 0.0
88.0 34.44 2095540.0 0.0 0.0 0.0 0.0 0.0
89.0 35.03 2096796.0 0.0 0.0 0.0 0.0 0.0
90.0 35.1 2098000.0 46.0 0.0 11184.0 30.87 4.4
91.0 32.83 2082572.0 0.0 0.0 0.0 0.0 0.0
92.0 32.65 2083840.0 0.0 0.0 0.0 0.0 0.0
93.0 32.73 2085328.0 0.0 0.0 0.0 0.0 0.0
94.0 34.18 2086816.0 0.0 0.0 0.0 0.0 0.0
95.0 35.35 2088240.0 56.0 0.0 13688.0 30.14 4.8
96.0 32.73 2089416.0 0.0 0.0 0.0 0.0 0.0
97.0 33.16 2090780.0 0.0 0.0 0.0 0.0 0.0
98.0 33.33 2092548.0 0.0 0.0 0.0 0.0 0.0
99.0 33.59 2094068.0 0.0 0.0 0.0 0.0 0.0
100.0 33.5 2096168.0 56.0 0.0 13560.0 36.93 6.0
101.0 33.25 2097548.0 0.0 0.0 0.0 0.0 0.0
102.0 33.17 2082760.0 0.0 0.0 0.0 0.0 0.0
103.0 33.84 2084180.0 1.0 8.0 0.0 0.0 0.0
104.0 33.16 2085400.0 0.0 0.0 0.0 0.0 0.0
105.0 34.44 2087100.0 60.0 0.0 14456.0 29.13 5.2
106.0 33.5 2088212.0 0.0 0.0 0.0 0.0 0.0
107.0 33.08 2089856.0 0.0 0.0 0.0 0.0 0.0
108.0 34.09 2091312.0 0.0 0.0 0.0 0.0 0.0
109.0 33.42 2092816.0 0.0 0.0 0.0 0.0 0.0
110.0 33.16 2094372.0 56.0 0.0 13752.0 35.5 5.2
111.0 33.67 2095860.0 0.0 0.0 0.0 0.0 0.0
112.0 32.03 2097468.0 0.0 0.0 0.0 0.0 0.0
113.0 34.34 2081016.0 0.0 0.0 0.0 0.0 0.0
114.0 33.08 2084484.0 0.0 0.0 0.0 0.0 0.0
115.0 34.53 2085988.0 60.0 0.0 14480.0 38.8 6.4
116.0 33.67 2087316.0 0.0 0.0 0.0 0.0 0.0
117.0 34.43 2088804.0 0.0 0.0 0.0 0.0 0.0
118.0 33.67 2090292.0 0.0 0.0 0.0 0.0 0.0
119.0 33.5 2091904.0 0.0 0.0 0.0 0.0 0.0
120.0 34.02 2093828.0 80.0 0.0 14576.0 25.15 5.6
121.0 33.76 2095084.0 0.0 0.0 0.0 0.0 0.0
122.0 33.92 2096304.0 0.0 0.0 0.0 0.0 0.0
123.0 33.33 2097684.0 0.0 0.0 0.0 0.0 0.0
124.0 34.26 2099188.0 0.0 0.0 0.0 0.0 0.0
125.0 33.93 2085856.0 59.0 0.0 14656.0 36.75 5.6
126.0 35.53 2086784.0 0.0 0.0 0.0 0.0 0.0
127.0 35.2 2088024.0 0.0 0.0 0.0 0.0 0.0
128.0 35.44 2089264.0 0.0 0.0 0.0 0.0 0.0
129.0 35.75 2090628.0 0.0 0.0 0.0 0.0 0.0
130.0 33.76 2085676.0 50.0 0.0 11760.0 25.2 4.4
131.0 34.53 2086724.0 0.0 0.0 0.0 0.0 0.0
132.0 34.69 2087600.0 0.0 0.0 0.0 0.0 0.0
133.0 35.11 2088716.0 0.0 0.0 0.0 0.0 0.0
134.0 35.44 2089972.0 0.0 0.0 0.0 0.0 0.0
135.0 34.53 2091436.0 47.0 0.0 11112.0 31.57 4.8
136.0 35.52 2092504.0 0.0 0.0 0.0 0.0 0.0
137.0 34.78 2093760.0 0.0 0.0 0.0 0.0 0.0
138.0 34.18 2094752.0 0.0 0.0 0.0 0.0 0.0
139.0 33.08 2086180.0 0.0 0.0 0.0 0.0 0.0
140.0 37.56 2087424.0 48.0 0.0 11488.0 24.58 4.0
141.0 32.65 2088588.0 0.0 0.0 0.0 0.0 0.0
142.0 34.34 2090076.0 0.0 0.0 0.0 0.0 0.0
143.0 34.91 2091472.0 0.0 0.0 0.0 0.0 0.0
144.0 32.82 2093224.0 0.0 0.0 0.0 0.0 0.0
145.0 34.01 2094740.0 59.0 0.0 14512.0 32.68 5.6
146.0 33.42 2096000.0 0.0 0.0 0.0 0.0 0.0
147.0 30.91 2087192.0 0.0 0.0 0.0 0.0 0.0
148.0 33.25 2088560.0 0.0 0.0 0.0 0.0 0.0
149.0 34.18 2090048.0 0.0 0.0 0.0 0.0 0.0
150.0 34.26 2092036.0 58.0 0.0 13920.0 32.48 5.6
151.0 33.33 2093364.0 0.0 0.0 0.0 0.0 0.0
152.0 34.1 2094152.0 0.0 0.0 0.0 0.0 0.0
153.0 34.61 2094772.0 0.0 0.0 0.0 0.0 0.0
154.0 34.86 2095808.0 0.0 0.0 0.0 0.0 0.0
155.0 32.39 2087936.0 71.0 0.0 12424.0 21.3 4.8
156.0 33.08 2088728.0 0.0 0.0 0.0 0.0 0.0
157.0 33.76 2090340.0 0.0 0.0 0.0 0.0 0.0
158.0 33.84 2092356.0 0.0 0.0 0.0 0.0 0.0
159.0 33.16 2093224.0 0.0 0.0 0.0 0.0 0.0
160.0 33.5 2094728.0 59.0 0.0 14264.0 35.39 6.0
161.0 33.42 2096636.0 0.0 0.0 0.0 0.0 0.0
162.0 33.76 2098016.0 0.0 0.0 0.0 0.0 0.0
163.0 32.05 2087656.0 0.0 0.0 0.0 0.0 0.0
164.0 33.59 2089284.0 0.0 0.0 0.0 0.0 0.0
165.0 34.35 2090748.0 62.0 0.0 14632.0 38.13 6.0
166.0 34.78 2091608.0 0.0 0.0 0.0 0.0 0.0
167.0 35.11 2092352.0 0.0 0.0 0.0 0.0 0.0
168.0 34.18 2093484.0 0.0 0.0 0.0 0.0 0.0
169.0 35.44 2094724.0 0.0 0.0 0.0 0.0 0.0
170.0 35.53 2095748.0 46.0 0.0 11160.0 28.61 4.8
171.0 35.68 2096988.0 0.0 0.0 0.0 0.0 0.0
172.0 12.34 4813972.0 0.0 0.0 0.0 0.0 0.0
173.0 16.71 6002836.0 1.0 8.0 0.0 0.0 0.0
174.0 25.0 6003828.0 0.0 0.0 0.0 0.0 0.0
175.0 24.06 6004484.0 40.0 0.0 9336.0 23.1 3.2
176.0 25.0 6005208.0 0.0 0.0 0.0 0.0 0.0
177.0 25.06 6005736.0 0.0 0.0 0.0 0.0 0.0
178.0 25.0 6006332.0 0.0 0.0 0.0 0.0 0.0
179.0 25.0 6006860.0 0.0 0.0 0.0 0.0 0.0
180.0 25.0 6007364.0 26.0 0.0 5752.0 20.92 2.8
181.0 25.06 6008048.0 0.0 0.0 0.0 0.0 0.0
182.0 24.75 6008984.0 0.0 0.0 0.0 0.0 0.0
183.0 25.06 6009260.0 0.0 0.0 0.0 0.0 0.0
184.0 24.69 6009632.0 0.0 0.0 0.0 0.0 0.0
185.0 25.0 6009996.0 22.0 0.0 4560.0 14.91 2.4
186.0 24.75 6010368.0 0.0 0.0 0.0 0.0 0.0
187.0 24.75 6010988.0 0.0 0.0 0.0 0.0 0.0
188.0 24.81 6011484.0 0.0 0.0 0.0 0.0 0.0
189.0 24.69 6012352.0 0.0 0.0 0.0 0.0 0.0
190.0 25.0 6013004.0 38.0 0.0 5592.0 9.79 2.8
191.0 25.0 6013252.0 0.0 0.0 0.0 0.0 0.0
192.0 24.75 6013640.0 0.0 0.0 0.0 0.0 0.0
193.0 24.81 6014152.0 0.0 0.0 0.0 0.0 0.0
194.0 24.94 6014540.0 0.0 0.0 0.0 0.0 0.0
195.0 25.0 6014896.0 17.0 0.0 3664.0 11.29 1.6
196.0 25.0 6015364.0 0.0 0.0 0.0 0.0 0.0
197.0 25.0 6015996.0 0.0 0.0 0.0 0.0 0.0
198.0 24.94 6016508.0 0.0 0.0 0.0 0.0 0.0
199.0 25.06 6016880.0 0.0 0.0 0.0 0.0 0.0
200.0 24.94 6017124.0 19.0 0.0 3976.0 6.95 1.2
201.0 24.81 6017560.0 0.0 0.0 0.0 0.0 0.0
202.0 24.75 6018056.0 0.0 0.0 0.0 0.0 0.0
203.0 24.94 6018460.0 0.0 0.0 0.0 0.0 0.0
204.0 25.06 6018848.0 0.0 0.0 0.0 0.0 0.0
205.0 24.94 6019296.0 20.0 0.0 4344.0 12.8 2.0
206.0 25.0 6019780.0 0.0 0.0 0.0 0.0 0.0
207.0 24.81 6020168.0 0.0 0.0 0.0 0.0 0.0
208.0 24.94 6020556.0 0.0 0.0 0.0 0.0 0.0
209.0 24.75 6020848.0 0.0 0.0 0.0 0.0 0.0
210.0 25.0 6021440.0 18.0 0.0 3776.0 18.0 2.4
211.0 24.75 6021936.0 0.0 0.0 0.0 0.0 0.0
212.0 25.06 6022276.0 0.0 0.0 0.0 0.0 0.0
213.0 24.94 6023144.0 0.0 0.0 0.0 0.0 0.0
214.0 25.0 6023500.0 0.0 0.0 0.0 0.0 0.0
215.0 24.94 6023748.0 22.0 0.0 4936.0 13.64 2.0
216.0 25.06 6024272.0 0.0 0.0 0.0 0.0 0.0
217.0 24.94 6024660.0 0.0 0.0 0.0 0.0 0.0
218.0 25.0 6025032.0 0.0 0.0 0.0 0.0 0.0
219.0 25.0 6025404.0 0.0 0.0 0.0 0.0 0.0
220.0 24.81 6025680.0 17.0 0.0 3648.0 4.71 1.2
221.0 25.0 6025948.0 0.0 0.0 0.0 0.0 0.0
222.0 24.81 6026172.0 0.0 0.0 0.0 0.0 0.0
223.0 25.0 6026452.0 0.0 0.0 0.0 0.0 0.0
224.0 25.0 6026824.0 0.0 0.0 0.0 0.0 0.0
225.0 25.0 6027104.0 25.0 0.0 2912.0 1.92 0.8
226.0 25.06 6027196.0 0.0 0.0 0.0 0.0 0.0
227.0 24.81 6027568.0 0.0 0.0 0.0 0.0 0.0
228.0 25.0 6027568.0 0.0 0.0 0.0 0.0 0.0
229.0 25.0 6027692.0 0.0 0.0 0.0 0.0 0.0
230.0 25.06 6027940.0 14.0 0.0 2584.0 6.86 1.2
231.0 25.0 6028344.0 0.0 0.0 0.0 0.0 0.0
232.0 25.0 6028652.0 0.0 0.0 0.0 0.0 0.0
233.0 25.0 6029272.0 0.0 0.0 0.0 0.0 0.0
234.0 25.0 6029396.0 0.0 0.0 0.0 0.0 0.0
235.0 25.0 6029800.0 15.0 0.0 3048.0 7.47 1.2
236.0 25.0 6030080.0 0.0 0.0 0.0 0.0 0.0
237.0 25.0 6030328.0 0.0 0.0 0.0 0.0 0.0
238.0 24.75 6030592.0 0.0 0.0 0.0 0.0 0.0
239.0 25.06 6030996.0 0.0 0.0 0.0 0.0 0.0
240.0 25.0 6031088.0 14.0 0.0 2520.0 7.71 1.2
241.0 25.0 6031460.0 0.0 0.0 0.0 0.0 0.0
242.0 25.06 6031644.0 0.0 0.0 0.0 0.0 0.0
243.0 25.0 6032048.0 0.0 0.0 0.0 0.0 0.0
244.0 24.94 6032140.0 0.0 0.0 0.0 0.0 0.0
245.0 25.25 6032512.0 14.0 0.0 2720.0 7.14 1.2
246.0 24.75 6032760.0 0.0 0.0 0.0 0.0 0.0
247.0 25.0 6033164.0 0.0 0.0 0.0 0.0 0.0
248.0 25.06 6033132.0 0.0 0.0 0.0 0.0 0.0
249.0 25.19 6033504.0 0.0 0.0 0.0 0.0 0.0
250.0 24.75 6033876.0 13.0 0.0 2320.0 3.69 0.8
251.0 24.94 6034388.0 0.0 0.0 0.0 0.0 0.0
252.0 25.0 6034620.0 0.0 0.0 0.0 0.0 0.0
253.0 25.0 6034868.0 0.0 0.0 0.0 0.0 0.0
254.0 25.0 6034992.0 0.0 0.0 0.0 0.0 0.0
255.0 24.94 6035380.0 13.0 0.0 2616.0 8.92 1.6
256.0 24.81 6035364.0 0.0 0.0 0.0 0.0 0.0
257.0 24.94 6035488.0 0.0 0.0 0.0 0.0 0.0
258.0 1.75 6867012.0 6.0 48.0 0.0 0.0 0.0
259.0 0.0 7632952.0 622.0 48.0 156528.0 138.08 64.8
260.0 0.26 8031236.0 995.0 24.0 253952.0 153.8 100.0
261.0 0.0 8404020.0 967.0 24.0 245528.0 295.98 100.0
262.0 0.0 8609404.0 936.0 16.0 237560.0 329.46 100.0
263.0 0.0 8815120.0 936.0 16.0 237568.0 321.23 100.0
264.0 0.0 8994760.0 967.0 8.0 245768.0 314.14 100.0
265.0 0.0 9097256.0 902.0 8.0 229360.0 329.37 100.0
266.0 0.0 9201044.0 903.0 8.0 229376.0 327.81 100.0
267.0 0.0 9296028.0 894.0 0.0 227328.0 347.14 100.0
268.0 0.0 9406968.0 891.0 8.0 226552.0 337.18 100.0
269.0 0.0 9509716.0 922.0 8.0 234248.0 329.87 100.0
270.0 0.0 9612540.0 904.0 8.0 229624.0 330.31 100.0
271.0 0.0 9715480.0 939.0 8.0 238592.0 320.7 100.0
272.0 0.0 9818388.0 897.0 8.0 228112.0 333.4 100.0
273.0 0.0 9921576.0 906.0 0.0 230400.0 334.75 100.0
274.0 0.0 10024408.0 914.0 8.0 232440.0 338.28 100.0
275.0 1.52 7422656.0 908.0 24.0 230568.0 264.46 100.0
276.0 0.0 10054764.0 869.0 0.0 222208.0 173.51 100.0
277.0 0.0 10054884.0 860.0 0.0 220160.0 172.9 100.0
278.0 0.0 10054840.0 797.0 0.0 203776.0 187.59 100.0
279.0 0.0 10055040.0 741.0 0.0 189440.0 202.18 100.0
280.0 14.86 10066648.0 750.0 0.0 191320.0 305.4 100.0
281.0 20.77 10069412.0 769.0 0.0 196688.0 175.83 100.0
282.0 20.28 10071748.0 768.0 0.0 196528.0 147.36 100.0
283.0 19.44 10075260.0 769.0 0.0 196608.0 122.17 100.0
284.0 18.89 10083128.0 728.0 0.0 184384.0 284.91 100.0
285.0 18.99 10085904.0 757.0 0.0 193616.0 198.62 100.0
286.0 18.59 10089532.0 832.0 0.0 212992.0 179.0 100.0
287.0 20.5 10090260.0 780.0 0.0 199680.0 184.48 100.0
288.0 20.39 10092816.0 756.0 0.0 193536.0 192.15 100.0
289.0 18.11 10098768.0 738.0 0.0 187312.0 212.57 100.0
290.0 18.48 10097108.0 798.0 0.0 201752.0 397.56 100.0
291.0 9.69 6135268.0 766.0 0.0 193352.0 382.95 100.0
292.0 0.0 6134488.0 916.0 0.0 190472.0 194.91 100.0
293.0 0.0 6133960.0 741.0 0.0 158712.0 206.39 100.0
294.0 0.0 6134596.0 714.0 0.0 159776.0 204.15 100.0
295.0 0.0 6135100.0 675.0 0.0 153800.0 210.25 100.0
296.0 5.75 2131856.0 527.0 0.0 119824.0 196.88 78.0
297.0 24.12 2131248.0 0.0 0.0 0.0 0.0 0.0
298.0 24.44 2133164.0 0.0 0.0 0.0 0.0 0.0
299.0 24.0 2131244.0 0.0 0.0 0.0 0.0 0.0
300.0 23.31 2131952.0 1.0 8.0 0.0 0.0 0.0
301.0 19.8 2123556.0 199.0 0.0 42584.0 101.01 24.8
302.0 24.5 2109628.0 65.0 0.0 15824.0 195.45 6.0
