0.0 19.64 1480200.0 0.0 0.0 0.0 0.0 0.0
1.0 22.31 1504948.0 0.0 0.0 0.0 0.0 0.0
2.0 17.42 1486624.0 0.0 0.0 0.0 0.0 0.0
3.0 28.87 1519340.0 0.0 0.0 0.0 0.0 0.0
4.0 34.67 1560024.0 0.0 0.0 0.0 0.0 0.0
5.0 55.68 1550884.0 0.0 0.0 0.0 0.0 0.0
6.0 16.0 1617532.0 0.0 0.0 0.0 0.0 0.0
7.0 18.18 1656736.0 0.0 0.0 0.0 0.0 0.0
8.0 23.62 1661124.0 0.0 0.0 0.0 0.0 0.0
9.0 22.75 1651544.0 0.0 0.0 0.0 0.0 0.0
10.0 23.31 1664524.0 0.0 0.0 0.0 0.0 0.0
11.0 23.81 1673104.0 0.0 0.0 0.0 0.0 0.0
12.0 24.5 1669640.0 0.0 0.0 0.0 0.0 0.0
13.0 23.31 1703292.0 0.0 0.0 0.0 0.0 0.0
14.0 24.25 1791272.0 0.0 0.0 0.0 0.0 0.0
15.0 24.69 1812468.0 0.0 0.0 0.0 0.0 0.0
16.0 24.56 1835532.0 0.0 0.0 0.0 0.0 0.0
17.0 21.95 1758712.0 0.0 0.0 0.0 0.0 0.0
18.0 24.0 1839364.0 0.0 0.0 0.0 0.0 0.0
19.0 24.06 1895692.0 0.0 0.0 0.0 0.0 0.0
20.0 23.69 1942460.0 0.0 0.0 0.0 0.0 0.0
21.0 24.81 1945824.0 0.0 0.0 0.0 0.0 0.0
22.0 24.69 1951676.0 0.0 0.0 0.0 0.0 0.0
23.0 24.69 1971036.0 0.0 0.0 0.0 0.0 0.0
24.0 24.56 1990896.0 0.0 0.0 0.0 0.0 0.0
25.0 24.06 1668260.0 0.0 0.0 0.0 0.0 0.0
26.0 22.75 1675184.0 0.0 0.0 0.0 0.0 0.0
27.0 24.13 1770080.0 0.0 0.0 0.0 0.0 0.0
28.0 24.56 1800524.0 0.0 0.0 0.0 0.0 0.0
29.0 24.75 1823464.0 0.0 0.0 0.0 0.0 0.0
30.0 22.81 1740780.0 0.0 0.0 0.0 0.0 0.0
31.0 23.0 1723244.0 0.0 0.0 0.0 0.0 0.0
32.0 24.5 1770200.0 0.0 0.0 0.0 0.0 0.0
33.0 22.94 1741452.0 0.0 0.0 0.0 0.0 0.0
34.0 24.06 1785188.0 0.0 0.0 0.0 0.0 0.0
35.0 24.0 1670420.0 0.0 0.0 0.0 0.0 0.0
36.0 22.56 1771416.0 0.0 0.0 0.0 0.0 0.0
37.0 24.5 1806756.0 0.0 0.0 0.0 0.0 0.0
38.0 25.06 1831308.0 0.0 0.0 0.0 0.0 0.0
39.0 21.5 1674096.0 0.0 0.0 0.0 0.0 0.0
40.0 23.56 1772240.0 0.0 0.0 0.0 0.0 0.0
41.0 23.56 1692276.0 0.0 0.0 0.0 0.0 0.0
42.0 23.75 1764852.0 0.0 0.0 0.0 0.0 0.0
43.0 23.25 1717580.0 0.0 0.0 0.0 0.0 0.0
44.0 22.53 1706644.0 0.0 0.0 0.0 0.0 0.0
45.0 24.75 1709576.0 0.0 0.0 0.0 0.0 0.0
46.0 24.81 1712288.0 0.0 0.0 0.0 0.0 0.0
47.0 19.6 1701496.0 0.0 0.0 0.0 0.0 0.0
48.0 6.28 1782684.0 3.0 24.0 0.0 0.0 0.0
49.0 3.29 1952068.0 6.0 48.0 0.0 0.67 0.4
