0.0 17.9 1478068.0 0.0 0.0 0.0 0.0 0.0
1.0 23.06 1481056.0 0.0 0.0 0.0 0.0 0.0
2.0 12.56 1481980.0 0.0 0.0 0.0 0.0 0.0
3.0 20.41 1508108.0 0.0 0.0 0.0 0.0 0.0
4.0 34.05 1535236.0 0.0 0.0 0.0 0.0 0.0
5.0 59.25 1546496.0 0.0 0.0 0.0 0.0 0.0
6.0 15.38 1607804.0 0.0 0.0 0.0 0.0 0.0
7.0 19.34 1644092.0 0.0 0.0 0.0 0.0 0.0
8.0 23.69 1651648.0 0.0 0.0 0.0 0.0 0.0
9.0 22.61 1644656.0 0.0 0.0 0.0 0.0 0.0
10.0 23.56 1649828.0 0.0 0.0 0.0 0.0 0.0
11.0 24.56 1680236.0 0.0 0.0 0.0 0.0 0.0
12.0 24.06 1656936.0 0.0 0.0 0.0 0.0 0.0
13.0 22.94 1758636.0 0.0 0.0 0.0 0.0 0.0
14.0 24.06 1804036.0 0.0 0.0 0.0 0.0 0.0
15.0 24.5 1827844.0 0.0 0.0 0.0 0.0 0.0
16.0 23.25 1745360.0 0.0 0.0 0.0 0.0 0.0
17.0 24.25 1836640.0 0.0 0.0 0.0 0.0 0.0
18.0 24.69 1896284.0 0.0 0.0 0.0 0.0 0.0
19.0 24.31 1938568.0 0.0 0.0 0.0 0.0 0.0
20.0 24.94 1942784.0 0.0 0.0 0.0 0.0 0.0
21.0 24.69 1960084.0 0.0 0.0 0.0 0.0 0.0
22.0 24.62 1981928.0 0.0 0.0 0.0 0.0 0.0
23.0 24.19 1669776.0 0.0 0.0 0.0 0.0 0.0
24.0 22.56 1690132.0 0.0 0.0 0.0 0.0 0.0
25.0 23.5 1780164.0 0.0 0.0 0.0 0.0 0.0
26.0 24.5 1806716.0 0.0 0.0 0.0 0.0 0.0
27.0 23.81 1694124.0 0.0 0.0 0.0 0.0 0.0
28.0 23.25 1683068.0 0.0 0.0 0.0 0.0 0.0
29.0 24.19 1758392.0 0.0 0.0 0.0 0.0 0.0
30.0 23.81 1726024.0 0.0 0.0 0.0 0.0 0.0
31.0 24.94 1781424.0 0.0 0.0 0.0 0.0 0.0
32.0 23.17 1662316.0 0.0 0.0 0.0 0.0 0.0
33.0 24.0 1778492.0 0.0 0.0 0.0 0.0 0.0
34.0 24.19 1810764.0 0.0 0.0 0.0 0.0 0.0
35.0 24.75 1836740.0 0.0 0.0 0.0 0.0 0.0
36.0 23.0 1743464.0 0.0 0.0 0.0 0.0 0.0
37.0 23.56 1668484.0 0.0 0.0 0.0 0.0 0.0
38.0 23.06 1757464.0 0.0 0.0 0.0 0.0 0.0
39.0 23.81 1718100.0 0.0 0.0 0.0 0.0 0.0
40.0 22.81 1702920.0 0.0 0.0 0.0 0.0 0.0
41.0 24.75 1705812.0 0.0 0.0 0.0 0.0 0.0
42.0 24.75 1708664.0 0.0 0.0 0.0 0.0 0.0
43.0 16.41 1704832.0 3.0 24.0 0.0 0.0 0.0
44.0 2.63 1774468.0 0.0 0.0 0.0 0.0 0.0
45.0 2.32 1822964.0 1.0 8.0 0.0 0.0 0.0
46.0 2.0 1961884.0 5.0 40.0 0.0 0.8 0.4
47.0 76.44 2134280.0 0.0 0.0 0.0 0.0 0.0
48.0 75.06 2284612.0 332.0 0.0 82568.0 111.42 22.8
49.0 75.06 2551468.0 1683.0 8.0 422752.0 110.16 99.6
50.0 60.8 2082340.0 0.0 0.0 0.0 0.0 0.0
51.0 78.84 2249228.0 1.0 8.0 0.0 0.0 0.0
52.0 75.82 2361116.0 0.0 0.0 0.0 0.0 0.0
53.0 55.39 2004164.0 211.0 0.0 50536.0 59.34 12.4
54.0 77.04 2165448.0 0.0 0.0 0.0 0.0 0.0
55.0 70.5 2309560.0 0.0 0.0 0.0 0.0 0.0
56.0 69.42 2511188.0 0.0 0.0 0.0 0.0 0.0
57.0 53.15 2074368.0 0.0 0.0 0.0 0.0 0.0
58.0 80.2 2229756.0 168.0 0.0 38440.0 52.64 10.0
59.0 65.23 2350272.0 0.0 0.0 0.0 0.0 0.0
60.0 68.25 2601348.0 0.0 0.0 0.0 0.0 0.0
61.0 62.31 2128452.0 0.0 0.0 0.0 0.0 0.0
62.0 69.62 2028956.0 0.0 0.0 0.0 0.0 0.0
63.0 77.41 2218288.0 173.0 0.0 39400.0 50.75 10.0
64.0 76.83 2403400.0 0.0 0.0 0.0 0.0 0.0
65.0 64.3 2128712.0 0.0 0.0 0.0 0.0 0.0
66.0 73.37 2300348.0 1.0 8.0 0.0 0.0 0.0
67.0 64.48 2040368.0 0.0 0.0 0.0 0.0 0.0
68.0 73.48 2221360.0 183.0 0.0 42560.0 63.67 11.6
69.0 69.02 2365604.0 0.0 0.0 0.0 0.0 0.0
70.0 52.54 2110720.0 0.0 0.0 0.0 0.0 0.0
71.0 79.75 2268012.0 0.0 0.0 0.0 0.0 0.0
72.0 73.55 2423992.0 0.0 0.0 0.0 0.0 0.0
73.0 66.33 2187016.0 174.0 0.0 40544.0 52.87 10.0
74.0 70.96 2392240.0 0.0 0.0 0.0 0.0 0.0
75.0 54.55 2218336.0 0.0 0.0 0.0 0.0 0.0
76.0 7.25 6011088.0 0.0 0.0 0.0 0.0 0.0
77.0 46.85 6013320.0 0.0 0.0 0.0 0.0 0.0
78.0 47.09 6014200.0 94.0 0.0 22552.0 38.64 6.0
79.0 48.21 6015532.0 0.0 0.0 0.0 0.0 0.0
80.0 49.0 6016252.0 0.0 0.0 0.0 0.0 0.0
81.0 48.09 6016996.0 0.0 0.0 0.0 0.0 0.0
82.0 48.87 6018432.0 0.0 0.0 0.0 0.0 0.0
83.0 48.87 6019080.0 28.0 0.0 5856.0 11.0 1.6
84.0 48.36 6019288.0 35.0 0.0 1360.0 5.49 2.4
85.0 48.61 6020032.0 0.0 0.0 0.0 0.0 0.0
86.0 47.99 6020404.0 0.0 0.0 0.0 0.0 0.0
87.0 48.48 6020560.0 0.0 0.0 0.0 0.0 0.0
88.0 48.35 6021384.0 24.0 0.0 4560.0 6.67 1.2
89.0 47.61 6019292.0 0.0 0.0 0.0 0.0 0.0
90.0 47.36 6021936.0 0.0 0.0 0.0 0.0 0.0
91.0 48.0 6022324.0 0.0 0.0 0.0 0.0 0.0
92.0 48.0 6022944.0 0.0 0.0 0.0 0.0 0.0
93.0 47.47 6022384.0 19.0 0.0 3984.0 10.53 1.6
94.0 47.74 6022656.0 0.0 0.0 0.0 0.0 0.0
95.0 46.35 6023888.0 0.0 0.0 0.0 0.0 0.0
96.0 48.38 6024136.0 0.0 0.0 0.0 0.0 0.0
97.0 48.36 6024384.0 0.0 0.0 0.0 0.0 0.0
98.0 47.33 6024876.0 20.0 0.0 4512.0 10.4 1.2
99.0 47.86 6025184.0 0.0 0.0 0.0 0.0 0.0
100.0 48.24 6025688.0 0.0 0.0 0.0 0.0 0.0
101.0 46.48 6025728.0 0.0 0.0 0.0 0.0 0.0
102.0 48.74 6027488.0 0.0 0.0 0.0 0.0 0.0
103.0 48.87 6027712.0 17.0 0.0 3216.0 6.12 0.8
104.0 49.37 6027560.0 0.0 0.0 0.0 0.0 0.0
105.0 48.48 6028128.0 0.0 0.0 0.0 0.0 0.0
106.0 49.75 6028304.0 0.0 0.0 0.0 0.0 0.0
107.0 49.5 6028500.0 0.0 0.0 0.0 0.0 0.0
108.0 49.75 6028520.0 10.0 0.0 2040.0 6.8 0.8
109.0 49.12 6028648.0 1.0 0.0 80.0 0.0 0.0
110.0 49.5 6029092.0 0.0 0.0 0.0 0.0 0.0
111.0 49.5 6029216.0 0.0 0.0 0.0 0.0 0.0
112.0 49.37 6029588.0 0.0 0.0 0.0 0.0 0.0
113.0 49.88 6029712.0 9.0 0.0 1792.0 3.11 0.4
114.0 49.12 6029732.0 0.0 0.0 0.0 0.0 0.0
115.0 49.25 6030260.0 0.0 0.0 0.0 0.0 0.0
116.0 49.25 6030456.0 0.0 0.0 0.0 0.0 0.0
117.0 48.87 6030952.0 0.0 0.0 0.0 0.0 0.0
118.0 48.21 6031004.0 12.0 0.0 2336.0 3.0 0.8
119.0 49.0 6031140.0 6.93 0.0 63.37 0.0 0.0
120.0 48.87 6031388.0 0.0 0.0 0.0 0.0 0.0
121.0 49.12 6031884.0 0.0 0.0 0.0 0.0 0.0
122.0 47.36 6032108.0 0.0 0.0 0.0 0.0 0.0
123.0 48.74 6032560.0 0.0 0.0 0.0 0.0 0.0
124.0 47.98 6032824.0 13.0 0.0 2432.0 6.15 0.8
125.0 48.36 6033096.0 0.0 0.0 0.0 0.0 0.0
126.0 48.11 6033484.0 0.0 0.0 0.0 0.0 0.0
127.0 48.0 6034080.0 0.0 0.0 0.0 0.0 0.0
128.0 47.59 6034576.0 0.0 0.0 0.0 0.0 0.0
129.0 49.12 6034952.0 16.0 0.0 3656.0 11.25 1.6
130.0 48.87 6035256.0 0.0 0.0 0.0 0.0 0.0
131.0 47.87 6035920.0 0.0 0.0 0.0 0.0 0.0
132.0 49.25 6036020.0 0.0 0.0 0.0 0.0 0.0
133.0 48.99 6036096.0 0.0 0.0 0.0 0.0 0.0
134.0 49.37 6036344.0 14.0 0.0 2984.0 6.29 0.8
135.0 49.37 6036632.0 0.0 0.0 0.0 0.0 0.0
136.0 49.63 6036560.0 0.0 0.0 0.0 0.0 0.0
137.0 49.37 6036684.0 0.0 0.0 0.0 0.0 0.0
138.0 49.25 6036808.0 0.0 0.0 0.0 0.0 0.0
139.0 46.88 6037568.0 10.0 0.0 1640.0 2.0 0.4
140.0 47.98 6037816.0 0.0 0.0 0.0 0.0 0.0
141.0 48.48 6038088.0 0.0 0.0 0.0 0.0 0.0
142.0 48.36 6038732.0 0.0 0.0 0.0 0.0 0.0
143.0 46.72 6039164.0 0.0 0.0 0.0 0.0 0.0
144.0 48.23 6038924.0 16.0 0.0 3416.0 8.75 1.2
145.0 48.37 6039088.0 0.0 0.0 0.0 0.0 0.0
146.0 48.35 6039460.0 0.0 0.0 0.0 0.0 0.0
147.0 48.11 6039584.0 0.0 0.0 0.0 0.0 0.0
148.0 48.11 6039732.0 0.0 0.0 0.0 0.0 0.0
149.0 49.0 6039844.0 11.0 0.0 2184.0 5.82 0.8
150.0 48.61 6040044.0 0.0 0.0 0.0 0.0 0.0
151.0 46.87 6040336.0 0.0 0.0 0.0 0.0 0.0
152.0 47.98 6040544.0 0.0 0.0 0.0 0.0 0.0
153.0 47.97 6040540.0 0.0 0.0 0.0 0.0 0.0
154.0 49.12 6040664.0 17.0 0.0 2336.0 3.76 0.8
155.0 49.13 6041112.0 0.0 0.0 0.0 0.0 0.0
156.0 49.12 6041236.0 0.0 0.0 0.0 0.0 0.0
157.0 49.25 6041484.0 0.0 0.0 0.0 0.0 0.0
158.0 46.84 6041816.0 0.0 0.0 0.0 0.0 0.0
159.0 48.74 6042188.0 11.0 0.0 2160.0 5.09 0.8
160.0 48.49 6042308.0 0.0 0.0 0.0 0.0 0.0
161.0 46.98 6041552.0 0.0 0.0 0.0 0.0 0.0
162.0 47.86 6041844.0 0.0 0.0 0.0 0.0 0.0
163.0 47.98 6041968.0 0.0 0.0 0.0 0.0 0.0
164.0 48.25 6042008.0 10.0 0.0 1992.0 5.6 0.8
165.0 47.84 6042364.0 0.0 0.0 0.0 0.0 0.0
166.0 48.5 6042836.0 0.0 0.0 0.0 0.0 0.0
167.0 47.97 6043084.0 0.0 0.0 0.0 0.0 0.0
168.0 48.11 6043332.0 0.0 0.0 0.0 0.0 0.0
169.0 46.45 6043920.0 12.0 0.0 2376.0 2.33 0.4
170.0 48.36 6043956.0 0.0 0.0 0.0 0.0 0.0
171.0 48.36 6044228.0 0.0 0.0 0.0 0.0 0.0
172.0 48.74 6044428.0 0.0 0.0 0.0 0.0 0.0
173.0 48.62 6044900.0 0.0 0.0 0.0 0.0 0.0
174.0 48.62 6044900.0 11.0 0.0 2304.0 5.82 0.8
175.0 48.1 6045204.0 0.0 0.0 0.0 0.0 0.0
176.0 48.36 6045944.0 0.0 0.0 0.0 0.0 0.0
177.0 46.35 6046148.0 0.0 0.0 0.0 0.0 0.0
178.0 47.37 6046940.0 0.0 0.0 0.0 0.0 0.0
179.0 48.61 6047228.0 13.0 0.0 2800.0 6.15 0.8
180.0 48.87 6047328.0 0.0 0.0 0.0 0.0 0.0
181.0 48.74 6047700.0 0.0 0.0 0.0 0.0 0.0
182.0 49.25 6047700.0 0.0 0.0 0.0 0.0 0.0
183.0 49.37 6047972.0 0.0 0.0 0.0 0.0 0.0
184.0 37.0 6040532.0 9.0 0.0 1720.0 4.44 0.8
185.0 33.67 6040820.0 0.0 0.0 0.0 0.0 0.0
186.0 47.73 6041152.0 0.0 0.0 0.0 0.0 0.0
187.0 46.97 6041524.0 0.0 0.0 0.0 0.0 0.0
188.0 48.87 6041632.0 1.0 8.0 0.0 0.0 0.0
189.0 49.12 6042368.0 23.0 0.0 3896.0 4.52 0.8
190.0 49.5 6043084.0 0.0 0.0 0.0 0.0 0.0
191.0 49.37 6043704.0 0.0 0.0 0.0 0.0 0.0
192.0 49.38 6044448.0 0.0 0.0 0.0 0.0 0.0
193.0 49.24 6045084.0 0.0 0.0 0.0 0.0 0.0
194.0 49.5 6045420.0 31.0 0.0 7208.0 16.39 2.0
195.0 49.13 6046108.0 0.0 0.0 0.0 0.0 0.0
196.0 25.82 2089512.0 0.0 0.0 0.0 0.0 0.0
197.0 1.27 2106260.0 0.0 0.0 0.0 0.0 0.0
198.0 1.02 2133572.0 0.0 0.0 0.0 0.0 0.0
199.0 1.27 2164076.0 17.0 0.0 3400.0 5.18 1.2
200.0 1.52 2191372.0 0.0 0.0 0.0 0.0 0.0
201.0 0.5 2195748.0 0.0 0.0 0.0 0.0 0.0
202.0 1.0 2206056.0 0.0 0.0 0.0 0.0 0.0
203.0 0.76 2229528.0 0.0 0.0 0.0 0.0 0.0
204.0 0.76 2244320.0 0.0 0.0 0.0 0.0 0.0
205.0 17.89 2353976.0 0.0 0.0 0.0 0.0 0.0
206.0 20.0 2472872.0 0.0 0.0 0.0 0.0 0.0
207.0 2.01 2473724.0 0.0 0.0 0.0 0.0 0.0
208.0 20.61 2534248.0 0.0 0.0 0.0 0.0 0.0
209.0 24.81 2566548.0 0.0 0.0 0.0 0.0 0.0
210.0 23.5 2523220.0 0.0 0.0 0.0 0.0 0.0
211.0 23.56 2556636.0 0.0 0.0 0.0 0.0 0.0
212.0 24.44 2584124.0 0.0 0.0 0.0 0.0 0.0
213.0 23.56 2496324.0 0.0 0.0 0.0 0.0 0.0
214.0 24.5 2549248.0 0.0 0.0 0.0 0.0 0.0
215.0 23.25 2487584.0 0.0 0.0 0.0 0.0 0.0
216.0 22.75 2519308.0 0.0 0.0 0.0 0.0 0.0
217.0 23.56 2522032.0 0.0 0.0 0.0 0.0 0.0
218.0 22.94 2494584.0 0.0 0.0 0.0 0.0 0.0
219.0 24.25 2556484.0 0.0 0.0 0.0 0.0 0.0
220.0 23.31 2547828.0 0.0 0.0 0.0 0.0 0.0
221.0 23.69 2554292.0 0.0 0.0 0.0 0.0 0.0
222.0 24.94 2580968.0 0.0 0.0 0.0 0.0 0.0
223.0 23.56 2553196.0 0.0 0.0 0.0 0.0 0.0
224.0 22.36 2560560.0 9.0 0.0 136.0 0.89 0.4
225.0 24.69 2598372.0 0.0 0.0 0.0 0.0 0.0
226.0 24.75 2625248.0 0.0 0.0 0.0 0.0 0.0
227.0 23.5 2507036.0 0.0 0.0 0.0 0.0 0.0
228.0 23.75 2576764.0 0.0 0.0 0.0 0.0 0.0
229.0 17.09 2545540.0 0.0 0.0 0.0 0.0 0.0
230.0 24.75 2593196.0 0.0 0.0 0.0 0.0 0.0
231.0 23.81 2526540.0 0.0 0.0 0.0 0.0 0.0
232.0 24.69 2589448.0 0.0 0.0 0.0 0.0 0.0
233.0 24.56 2621876.0 0.0 0.0 0.0 0.0 0.0
234.0 23.0 2569912.0 0.0 0.0 0.0 0.0 0.0
235.0 24.75 2606244.0 0.0 0.0 0.0 0.0 0.0
236.0 24.56 2633620.0 0.0 0.0 0.0 0.0 0.0
237.0 24.5 2525300.0 0.0 0.0 0.0 0.0 0.0
238.0 23.94 2581176.0 0.0 0.0 0.0 0.0 0.0
239.0 23.56 2565024.0 0.0 0.0 0.0 0.0 0.0
240.0 21.8 2535216.0 0.0 0.0 0.0 0.0 0.0
241.0 12.78 2559304.0 0.0 0.0 0.0 0.0 0.0
242.0 23.31 2537072.0 0.0 0.0 0.0 0.0 0.0
243.0 24.25 2568828.0 0.0 0.0 0.0 0.0 0.0
244.0 22.56 2553660.0 0.0 0.0 0.0 0.0 0.0
245.0 24.5 2613164.0 0.0 0.0 0.0 0.0 0.0
246.0 24.56 2642056.0 0.0 0.0 0.0 0.0 0.0
247.0 23.25 2550332.0 0.0 0.0 0.0 0.0 0.0
248.0 24.25 2619052.0 0.0 0.0 0.0 0.0 0.0
249.0 24.75 2649004.0 0.0 0.0 0.0 0.0 0.0
250.0 23.81 2538280.0 0.0 0.0 0.0 0.0 0.0
251.0 23.31 2597832.0 0.0 0.0 0.0 0.0 0.0
252.0 24.5 2629716.0 0.0 0.0 0.0 0.0 0.0
253.0 22.61 2542932.0 0.0 0.0 0.0 0.0 0.0
254.0 23.94 2604552.0 0.0 0.0 0.0 0.0 0.0
255.0 23.56 2563732.0 0.0 0.0 0.0 0.0 0.0
256.0 23.81 2643852.0 0.0 0.0 0.0 0.0 0.0
257.0 24.75 2672872.0 0.0 0.0 0.0 0.0 0.0
258.0 24.56 2700152.0 0.0 0.0 0.0 0.0 0.0
259.0 24.0 2556716.0 0.0 0.0 0.0 0.0 0.0
260.0 23.69 2567084.0 0.0 0.0 0.0 0.0 0.0
261.0 23.37 2637052.0 0.0 0.0 0.0 0.0 0.0
262.0 24.5 2670316.0 0.0 0.0 0.0 0.0 0.0
263.0 24.75 2698692.0 0.0 0.0 0.0 0.0 0.0
264.0 24.75 2725104.0 0.0 0.0 0.0 0.0 0.0
265.0 22.56 2606112.0 0.0 0.0 0.0 0.0 0.0
266.0 24.5 2643424.0 0.0 0.0 0.0 0.0 0.0
267.0 23.0 2583352.0 0.0 0.0 0.0 0.0 0.0
268.0 24.25 2649800.0 0.0 0.0 0.0 0.0 0.0
269.0 24.5 2686156.0 0.0 0.0 0.0 0.0 0.0
270.0 23.25 2580576.0 0.0 0.0 0.0 0.0 0.0
271.0 23.0 2647700.0 0.0 0.0 0.0 0.0 0.0
272.0 24.5 2680760.0 0.0 0.0 0.0 0.0 0.0
273.0 23.56 2601828.0 0.0 0.0 0.0 0.0 0.0
274.0 23.5 2658384.0 0.0 0.0 0.0 0.0 0.0
275.0 24.69 2690704.0 0.0 0.0 0.0 0.0 0.0
276.0 24.75 2722464.0 0.0 0.0 0.0 0.0 0.0
277.0 22.61 2654488.0 0.0 0.0 0.0 0.0 0.0
278.0 24.75 2686164.0 0.0 0.0 0.0 0.0 0.0
279.0 24.94 2715816.0 0.0 0.0 0.0 0.0 0.0
280.0 22.06 2635628.0 0.0 0.0 0.0 0.0 0.0
281.0 23.94 2683236.0 0.0 0.0 0.0 0.0 0.0
282.0 24.81 2715352.0 0.0 0.0 0.0 0.0 0.0
283.0 23.5 2619464.0 0.0 0.0 0.0 0.0 0.0
284.0 23.81 2664180.0 0.0 0.0 0.0 0.0 0.0
285.0 24.69 2695588.0 0.0 0.0 0.0 0.0 0.0
286.0 23.12 2654092.0 0.0 0.0 0.0 0.0 0.0
287.0 24.44 2689716.0 0.0 0.0 0.0 0.0 0.0
288.0 23.12 2632636.0 0.0 0.0 0.0 0.0 0.0
289.0 2.53 2607464.0 0.0 0.0 0.0 0.0 0.0
290.0 12.21 2610876.0 0.0 0.0 0.0 0.0 0.0
291.0 17.6 2608960.0 0.0 0.0 0.0 0.0 0.0
292.0 15.8 2663692.0 0.0 0.0 0.0 0.0 0.0
293.0 22.75 2636880.0 0.0 0.0 0.0 0.0 0.0
294.0 22.25 2637264.0 0.0 0.0 0.0 0.0 0.0
295.0 23.31 2642256.0 0.0 0.0 0.0 0.0 0.0
296.0 22.81 2666792.0 0.0 0.0 0.0 0.0 0.0
297.0 24.25 2718864.0 0.0 0.0 0.0 0.0 0.0
298.0 24.75 2744768.0 0.0 0.0 0.0 0.0 0.0
299.0 22.81 2630328.0 0.0 0.0 0.0 0.0 0.0
300.0 23.25 2700060.0 0.0 0.0 0.0 0.0 0.0
301.0 22.56 2667004.0 0.0 0.0 0.0 0.0 0.0
302.0 22.31 2729488.0 0.0 0.0 0.0 0.0 0.0
303.0 23.75 2804508.0 0.0 0.0 0.0 0.0 0.0
304.0 24.5 2828872.0 0.0 0.0 0.0 0.0 0.0
305.0 25.0 2852144.0 0.0 0.0 0.0 0.0 0.0
306.0 22.75 2685184.0 0.0 0.0 0.0 0.0 0.0
307.0 23.56 2663676.0 0.0 0.0 0.0 0.0 0.0
308.0 24.25 2748012.0 0.0 0.0 0.0 0.0 0.0
309.0 23.94 2717524.0 0.0 0.0 0.0 0.0 0.0
310.0 23.37 2662000.0 0.0 0.0 0.0 0.0 0.0
311.0 24.19 2750596.0 0.0 0.0 0.0 0.0 0.0
312.0 23.06 2714748.0 0.0 0.0 0.0 0.0 0.0
313.0 23.44 2725908.0 0.0 0.0 0.0 0.0 0.0
314.0 24.5 2787288.0 0.0 0.0 0.0 0.0 0.0
315.0 24.75 2817764.0 0.0 0.0 0.0 0.0 0.0
316.0 23.0 2726476.0 0.0 0.0 0.0 0.0 0.0
317.0 24.19 2783612.0 0.0 0.0 0.0 0.0 0.0
318.0 24.31 2806320.0 0.0 0.0 0.0 0.0 0.0
319.0 23.44 2675588.0 0.0 0.0 0.0 0.0 0.0
320.0 23.31 2703032.0 0.0 0.0 0.0 0.0 0.0
321.0 23.56 2679108.0 0.0 0.0 0.0 0.0 0.0
322.0 24.25 2760832.0 0.0 0.0 0.0 0.0 0.0
323.0 24.5 2787280.0 0.0 0.0 0.0 0.0 0.0
324.0 18.09 2638108.0 0.0 0.0 0.0 0.0 0.0
325.0 1.75 2639796.0 0.0 0.0 0.0 0.0 0.0
326.0 21.32 2695476.0 0.0 0.0 0.0 0.0 0.0
327.0 23.75 2648436.0 0.0 0.0 0.0 0.0 0.0
328.0 24.44 2653768.0 0.0 0.0 0.0 0.0 0.0
329.0 24.31 2659880.0 0.0 0.0 0.0 0.0 0.0
330.0 24.75 2665956.0 0.0 0.0 0.0 0.0 0.0
331.0 24.31 2671784.0 0.0 0.0 0.0 0.0 0.0
332.0 19.6 2683996.0 249.0 0.0 55256.0 64.37 14.4
333.0 9.8 11721092.0 0.0 0.0 0.0 0.0 0.0
334.0 48.87 11864620.0 0.0 0.0 0.0 0.0 0.0
335.0 49.62 11865728.0 0.0 0.0 0.0 0.0 0.0
336.0 49.37 11866472.0 0.0 0.0 0.0 0.0 0.0
337.0 49.25 11867712.0 0.0 0.0 0.0 0.0 0.0
338.0 49.24 11869644.0 168.0 0.0 40408.0 54.45 10.0
339.0 49.62 11870744.0 0.0 0.0 0.0 0.0 0.0
340.0 49.87 11872232.0 0.0 0.0 0.0 0.0 0.0
341.0 49.38 11873456.0 0.0 0.0 0.0 0.0 0.0
342.0 49.37 11874572.0 0.0 0.0 0.0 0.0 0.0
343.0 48.75 11876580.0 50.0 0.0 12128.0 22.24 3.6
344.0 50.13 11878812.0 0.0 0.0 0.0 0.0 0.0
345.0 49.5 11880548.0 0.0 0.0 0.0 0.0 0.0
346.0 49.63 11882780.0 0.0 0.0 0.0 0.0 0.0
347.0 50.0 11884904.0 0.0 0.0 0.0 0.0 0.0
348.0 48.12 11886376.0 81.0 0.0 19888.0 29.93 5.2
349.0 50.0 11888856.0 0.0 0.0 0.0 0.0 0.0
350.0 49.75 11890840.0 0.0 0.0 0.0 0.0 0.0
351.0 49.87 11892808.0 0.0 0.0 0.0 0.0 0.0
352.0 49.5 11894916.0 0.0 0.0 0.0 0.0 0.0
353.0 47.24 11896268.0 80.0 0.0 19840.0 31.8 5.2
354.0 25.31 2811692.0 1.0 8.0 0.0 0.0 0.0
355.0 46.75 2805528.0 0.0 0.0 0.0 0.0 0.0
356.0 47.5 2833008.0 0.0 0.0 0.0 0.0 0.0
357.0 44.5 2863152.0 0.0 0.0 0.0 0.0 0.0
358.0 49.62 2891536.0 222.0 0.0 56336.0 64.74 14.0
359.0 34.84 2895420.0 423.0 0.0 107640.0 91.65 25.2
360.0 25.0 2895420.0 0.0 0.0 0.0 0.0 0.0
361.0 25.19 2895420.0 0.0 0.0 0.0 0.0 0.0
362.0 24.38 2947728.0 22.0 0.0 360.0 0.18 0.4
363.0 47.12 2957360.0 0.0 0.0 0.0 0.0 0.0
364.0 49.75 2957608.0 9.0 0.0 800.0 1.78 0.4
365.0 50.0 2957732.0 0.0 0.0 0.0 0.0 0.0
366.0 49.5 2957732.0 0.0 0.0 0.0 0.0 0.0
367.0 50.13 2957732.0 0.0 0.0 0.0 0.0 0.0
368.0 49.88 2957856.0 0.0 0.0 0.0 0.0 0.0
369.0 49.62 2957856.0 8.0 0.0 1128.0 1.5 0.4
370.0 49.75 2957980.0 0.0 0.0 0.0 0.0 0.0
371.0 37.66 2914168.0 0.0 0.0 0.0 0.0 0.0
372.0 28.64 2848604.0 0.0 0.0 0.0 0.0 0.0
373.0 50.89 2879964.0 0.0 0.0 0.0 0.0 0.0
374.0 50.76 2883120.0 96.0 0.0 20928.0 34.5 6.0
375.0 50.25 2883480.0 0.0 0.0 0.0 0.0 0.0
376.0 50.13 2883544.0 0.0 0.0 0.0 0.0 0.0
377.0 50.25 2884040.0 0.0 0.0 0.0 0.0 0.0
378.0 50.25 2884536.0 0.0 0.0 0.0 0.0 0.0
379.0 50.25 2891052.0 0.0 0.0 0.0 0.0 0.0
380.0 50.25 2891796.0 0.0 0.0 0.0 0.0 0.0
381.0 46.23 2824648.0 0.0 0.0 0.0 0.0 0.0
382.0 23.98 3271672.0 0.0 0.0 0.0 0.0 0.0
383.0 46.5 3206740.0 0.0 0.0 0.0 0.0 0.0
384.0 50.0 3207484.0 0.0 0.0 0.0 0.0 0.0
385.0 50.0 3209096.0 0.0 0.0 0.0 0.0 0.0
386.0 50.0 3209716.0 0.0 0.0 0.0 0.0 0.0
387.0 50.0 3212512.0 26.0 0.0 5248.0 6.77 1.6
388.0 49.25 3215144.0 0.0 0.0 0.0 0.0 0.0
389.0 50.0 3215392.0 0.0 0.0 0.0 0.0 0.0
390.0 50.0 3215424.0 0.0 0.0 0.0 0.0 0.0
391.0 50.0 3215516.0 0.0 0.0 0.0 0.0 0.0
392.0 49.75 3216148.0 0.0 0.0 0.0 0.0 0.0
393.0 50.13 3216272.0 0.0 0.0 0.0 0.0 0.0
394.0 50.12 3216272.0 0.0 0.0 0.0 0.0 0.0
395.0 49.87 3216148.0 0.0 0.0 0.0 0.0 0.0
396.0 44.61 2827176.0 0.0 0.0 0.0 0.0 0.0
397.0 50.0 2827672.0 11.0 0.0 128.0 0.0 0.0
398.0 50.0 2828300.0 0.0 0.0 0.0 0.0 0.0
399.0 49.88 2829912.0 0.0 0.0 0.0 0.0 0.0
400.0 49.37 2830408.0 0.0 0.0 0.0 0.0 0.0
401.0 24.94 2825984.0 6.0 0.0 424.0 0.0 0.0
402.0 30.4 3018584.0 1.0 8.0 0.0 0.0 0.0
403.0 50.76 2862708.0 0.0 0.0 0.0 0.0 0.0
404.0 45.45 2855388.0 0.0 0.0 0.0 0.0 0.0
405.0 48.86 2864484.0 0.0 0.0 0.0 0.0 0.0
406.0 45.29 2854600.0 306.0 0.0 69032.0 66.92 18.4
407.0 38.19 3240912.0 0.0 0.0 0.0 0.0 0.0
408.0 58.23 2900148.0 0.0 0.0 0.0 0.0 0.0
409.0 67.85 2895556.0 0.0 0.0 0.0 0.0 0.0
410.0 49.62 3273908.0 0.0 0.0 0.0 0.0 0.0
411.0 72.68 2917960.0 32.0 0.0 1744.0 5.5 0.8
412.0 90.02 2968188.0 0.0 0.0 0.0 0.0 0.0
413.0 88.92 3374476.0 0.0 0.0 0.0 0.0 0.0
414.0 65.08 2852512.0 0.0 0.0 0.0 0.0 0.0
415.0 66.83 3250784.0 0.0 0.0 0.0 0.0 0.0
416.0 78.7 2937124.0 42.0 0.0 3096.0 4.29 1.2
417.0 94.47 3181876.0 0.0 0.0 0.0 0.0 0.0
418.0 81.75 3262992.0 0.0 0.0 0.0 0.0 0.0
419.0 93.5 3502448.0 0.0 0.0 0.0 0.0 0.0
420.0 97.74 3512420.0 0.0 0.0 0.0 0.0 0.0
421.0 97.26 3788316.0 0.0 0.0 0.0 0.0 0.0
422.0 85.96 3492916.0 36.0 0.0 4736.0 5.33 1.6
423.0 58.15 3838988.0 0.0 0.0 0.0 0.0 0.0
424.0 49.87 4009788.0 0.0 0.0 0.0 0.0 0.0
425.0 68.42 4078888.0 0.0 0.0 0.0 0.0 0.0
426.0 93.94 4296756.0 0.0 0.0 0.0 0.0 0.0
427.0 92.0 4634656.0 38.0 0.0 4136.0 5.47 1.6
428.0 57.14 4340344.0 0.0 0.0 0.0 0.0 0.0
429.0 70.18 4348944.0 0.0 0.0 0.0 0.0 0.0
430.0 50.5 4370036.0 0.0 0.0 0.0 0.0 0.0
431.0 49.37 4752968.0 0.0 0.0 0.0 0.0 0.0
432.0 50.0 4753464.0 0.0 0.0 0.0 0.0 0.0
433.0 49.63 4361304.0 32.0 0.0 1344.0 0.38 0.8
434.0 49.62 4363052.0 0.0 0.0 0.0 0.0 0.0
435.0 49.5 4380208.0 0.0 0.0 0.0 0.0 0.0
436.0 53.5 4390896.0 0.0 0.0 0.0 0.0 0.0
437.0 72.86 4486572.0 0.0 0.0 0.0 0.0 0.0
438.0 85.71 4686376.0 85.0 0.0 16528.0 15.2 2.8
439.0 80.35 4782232.0 0.0 0.0 0.0 0.0 0.0
440.0 77.06 4969716.0 0.0 0.0 0.0 0.0 0.0
441.0 92.23 4992120.0 0.0 0.0 0.0 0.0 0.0
442.0 88.22 5251952.0 0.0 0.0 0.0 0.0 0.0
443.0 50.75 5563792.0 0.0 0.0 0.0 0.0 0.0
444.0 52.25 5613192.0 0.0 0.0 0.0 0.0 0.0
445.0 66.92 5670968.0 0.0 0.0 0.0 0.0 0.0
446.0 61.5 5826864.0 0.0 0.0 0.0 0.0 0.0
447.0 58.5 5828236.0 0.0 0.0 0.0 0.0 0.0
448.0 74.81 5828732.0 1.0 0.0 8.0 0.0 0.0
449.0 59.75 5828732.0 0.0 0.0 0.0 0.0 0.0
450.0 51.13 4318336.0 0.0 0.0 0.0 0.0 0.0
451.0 49.12 4315536.0 0.0 0.0 0.0 0.0 0.0
452.0 52.13 4341360.0 0.0 0.0 0.0 0.0 0.0
453.0 62.75 4338776.0 0.0 0.0 0.0 0.0 0.0
454.0 78.09 4508316.0 0.0 0.0 0.0 0.0 0.0
455.0 92.25 4636872.0 57.0 0.0 5504.0 7.93 1.6
456.0 97.23 4656220.0 0.0 0.0 0.0 0.0 0.0
457.0 69.65 4375728.0 0.0 0.0 0.0 0.0 0.0
458.0 49.25 4321420.0 0.0 0.0 0.0 0.0 0.0
459.0 49.75 4322560.0 0.0 0.0 0.0 0.0 0.0
460.0 47.5 4710172.0 0.0 0.0 0.0 0.0 0.0
461.0 49.87 4317408.0 11.0 0.0 616.0 0.0 0.0
462.0 51.0 4338428.0 0.0 0.0 0.0 0.0 0.0
463.0 73.8 4422204.0 1.0 0.0 8.0 0.0 0.0
464.0 92.75 4636040.0 0.0 0.0 0.0 0.0 0.0
465.0 97.74 4643916.0 0.0 0.0 0.0 0.0 0.0
466.0 94.0 4666936.0 60.0 0.0 8824.0 5.47 1.6
467.0 83.46 4935880.0 0.0 0.0 0.0 0.0 0.0
468.0 70.93 4933964.0 19.0 0.0 344.0 0.21 0.4
469.0 50.13 4934036.0 0.0 0.0 0.0 0.0 0.0
470.0 50.13 4934036.0 0.0 0.0 0.0 0.0 0.0
471.0 51.63 4944152.0 0.0 0.0 0.0 0.0 0.0
472.0 50.38 4944152.0 0.0 0.0 0.0 0.0 0.0
473.0 50.0 5206792.0 0.0 0.0 0.0 0.0 0.0
474.0 64.74 4378184.0 0.0 0.0 0.0 0.0 0.0
475.0 87.81 4643440.0 0.0 0.0 0.0 0.0 0.0
476.0 82.21 4655160.0 0.0 0.0 0.0 0.0 0.0
477.0 83.75 4916868.0 0.0 0.0 0.0 0.0 0.0
478.0 61.4 4933668.0 0.0 0.0 0.0 0.0 0.0
479.0 54.5 4955784.0 4.0 0.0 152.0 0.0 0.0
480.0 62.75 5364216.0 0.0 0.0 0.0 0.0 0.0
481.0 52.88 5505676.0 0.0 0.0 0.0 0.0 0.0
482.0 72.0 5520756.0 0.0 0.0 0.0 0.0 0.0
483.0 51.25 5520756.0 0.0 0.0 0.0 0.0 0.0
484.0 55.25 5674276.0 0.0 0.0 0.0 0.0 0.0
485.0 64.5 5729840.0 0.0 0.0 0.0 0.0 0.0
486.0 51.25 4261036.0 0.0 0.0 0.0 0.0 0.0
487.0 46.85 4655972.0 0.0 0.0 0.0 0.0 0.0
488.0 58.0 4293464.0 0.0 0.0 0.0 0.0 0.0
489.0 80.2 4519124.0 0.0 0.0 0.0 0.0 0.0
490.0 98.25 4584032.0 0.0 0.0 0.0 0.0 0.0
491.0 98.5 4608144.0 0.0 0.0 0.0 0.0 0.0
492.0 81.75 4607356.0 37.0 16.0 3352.0 4.54 1.2
493.0 49.12 4345644.0 1.0 0.0 8.0 0.0 0.0
494.0 51.52 4270944.0 0.0 0.0 0.0 0.0 0.0
495.0 44.84 4336720.0 0.0 0.0 0.0 0.0 0.0
496.0 51.01 4260936.0 0.0 0.0 0.0 0.0 0.0
497.0 50.13 4270420.0 0.0 0.0 0.0 0.0 0.0
498.0 50.0 4276320.0 9.0 0.0 392.0 0.0 0.0
499.0 47.75 4658244.0 0.0 0.0 0.0 0.0 0.0
500.0 50.25 4660628.0 0.0 0.0 0.0 0.0 0.0
501.0 50.13 4660544.0 0.0 0.0 0.0 0.0 0.0
502.0 49.63 4272252.0 0.0 0.0 0.0 0.0 0.0
503.0 48.5 4286396.0 48.0 0.0 9984.0 10.92 2.8
504.0 50.0 4305520.0 0.0 0.0 0.0 0.0 0.0
505.0 50.0 4305488.0 0.0 0.0 0.0 0.0 0.0
506.0 46.72 3399848.0 0.0 0.0 0.0 0.0 0.0
507.0 62.53 2945168.0 0.0 0.0 0.0 0.0 0.0
508.0 68.33 3166856.0 90.0 0.0 19904.0 28.71 4.8
509.0 31.66 3182880.0 0.0 0.0 0.0 0.0 0.0
510.0 47.38 3265296.0 0.0 0.0 0.0 0.0 0.0
511.0 27.57 3455156.0 0.0 0.0 0.0 0.0 0.0
512.0 25.44 3472056.0 0.0 0.0 0.0 0.0 0.0
513.0 49.0 3657884.0 17.0 0.0 288.0 0.0 0.0
