0.0 16.8 1474780.0 0.0 0.0 0.0 0.0 0.0
1.0 23.06 1506300.0 0.0 0.0 0.0 0.0 0.0
2.0 15.04 1486604.0 0.0 0.0 0.0 0.0 0.0
3.0 33.87 1524740.0 0.0 0.0 0.0 0.0 0.0
4.0 36.72 1547780.0 0.0 0.0 0.0 0.0 0.0
5.0 42.13 1549316.0 0.0 0.0 0.0 0.0 0.0
6.0 21.2 1621776.0 0.0 0.0 0.0 0.0 0.0
7.0 19.65 1655804.0 0.0 0.0 0.0 0.0 0.0
8.0 24.06 1655944.0 0.0 0.0 0.0 0.0 0.0
9.0 23.31 1653280.0 0.0 0.0 0.0 0.0 0.0
10.0 23.75 1652308.0 0.0 0.0 0.0 0.0 0.0
11.0 24.06 1685076.0 0.0 0.0 0.0 0.0 0.0
12.0 24.25 1661248.0 0.0 0.0 0.0 0.0 0.0
13.0 23.44 1760396.0 0.0 0.0 0.0 0.0 0.0
14.0 23.56 1808428.0 0.0 0.0 0.0 0.0 0.0
15.0 24.75 1832112.0 0.0 0.0 0.0 0.0 0.0
16.0 23.31 1746164.0 0.0 0.0 0.0 0.0 0.0
17.0 24.25 1838116.0 0.0 0.0 0.0 0.0 0.0
18.0 24.31 1899916.0 0.0 0.0 0.0 0.0 0.0
19.0 24.25 1943596.0 0.0 0.0 0.0 0.0 0.0
20.0 24.81 1947220.0 0.0 0.0 0.0 0.0 0.0
21.0 24.69 1963108.0 0.0 0.0 0.0 0.0 0.0
22.0 24.81 1984788.0 0.0 0.0 0.0 0.0 0.0
23.0 23.75 1662204.0 0.0 0.0 0.0 0.0 0.0
24.0 23.0 1682924.0 0.0 0.0 0.0 0.0 0.0
25.0 24.0 1779540.0 0.0 0.0 0.0 0.0 0.0
26.0 24.56 1808128.0 0.0 0.0 0.0 0.0 0.0
27.0 24.0 1687552.0 0.0 0.0 0.0 0.0 0.0
28.0 23.5 1668588.0 0.0 0.0 0.0 0.0 0.0
29.0 24.25 1760540.0 0.0 0.0 0.0 0.0 0.0
30.0 23.81 1717600.0 0.0 0.0 0.0 0.0 0.0
31.0 24.0 1783512.0 0.0 0.0 0.0 0.0 0.0
32.0 24.31 1675816.0 0.0 0.0 0.0 0.0 0.0
33.0 23.69 1777996.0 0.0 0.0 0.0 0.0 0.0
34.0 24.25 1812328.0 0.0 0.0 0.0 0.0 0.0
35.0 25.06 1837628.0 0.0 0.0 0.0 0.0 0.0
36.0 23.25 1736928.0 0.0 0.0 0.0 0.0 0.0
37.0 24.44 1792480.0 0.0 0.0 0.0 0.0 0.0
38.0 23.25 1761616.0 0.0 0.0 0.0 0.0 0.0
39.0 23.81 1712364.0 0.0 0.0 0.0 0.0 0.0
40.0 22.11 1708416.0 0.0 0.0 0.0 0.0 0.0
41.0 25.0 1710748.0 0.0 0.0 0.0 0.0 0.0
42.0 25.06 1713456.0 0.0 0.0 0.0 0.0 0.0
43.0 18.73 1704352.0 3.0 24.0 0.0 0.0 0.0
44.0 0.31 1777004.0 0.0 0.0 0.0 0.0 0.0
45.0 0.29 1953348.0 6.0 48.0 0.0 2.0 1.2
46.0 37.37 2052228.0 0.0 0.0 0.0 0.0 0.0
47.0 76.32 2224636.0 0.0 0.0 0.0 0.0 0.0
48.0 68.24 2362376.0 172.0 0.0 41784.0 80.84 14.0
49.0 47.21 1974372.0 1607.0 0.0 403744.0 114.42 100.0
50.0 65.48 2120840.0 272.0 8.0 68392.0 95.79 16.4
51.0 67.17 2305336.0 1.0 8.0 0.0 0.0 0.0
52.0 62.25 2516616.0 0.0 0.0 0.0 0.0 0.0
53.0 51.26 2050012.0 0.0 0.0 0.0 0.0 0.0
54.0 72.96 2192880.0 175.0 0.0 41504.0 62.58 12.4
55.0 61.9 2346860.0 0.0 0.0 0.0 0.0 0.0
56.0 61.15 2599828.0 0.0 0.0 0.0 0.0 0.0
57.0 55.53 2097940.0 0.0 0.0 0.0 0.0 0.0
58.0 79.55 2238808.0 0.0 0.0 0.0 0.0 0.0
59.0 62.75 2360072.0 181.0 0.0 43048.0 54.34 10.4
60.0 62.12 2615088.0 0.0 0.0 0.0 0.0 0.0
61.0 60.55 2137192.0 0.0 0.0 0.0 0.0 0.0
62.0 63.29 2030672.0 0.0 0.0 0.0 0.0 0.0
63.0 74.81 2209640.0 0.0 0.0 0.0 0.0 0.0
64.0 62.18 2360608.0 167.0 0.0 37960.0 52.81 9.6
65.0 53.6 2099164.0 0.0 0.0 0.0 0.0 0.0
66.0 79.75 2238448.0 1.0 8.0 0.0 4.0 0.4
67.0 64.97 2388596.0 0.0 0.0 0.0 0.0 0.0
68.0 67.09 2228344.0 0.0 0.0 0.0 0.0 0.0
69.0 70.6 2376300.0 181.0 0.0 41832.0 57.48 10.8
70.0 58.19 2154508.0 0.0 0.0 0.0 0.0 0.0
71.0 73.16 2258532.0 0.0 0.0 0.0 0.0 0.0
72.0 62.66 2067176.0 0.0 0.0 0.0 0.0 0.0
73.0 74.06 2207988.0 0.0 0.0 0.0 0.0 0.0
74.0 66.92 2396088.0 180.0 0.0 42024.0 58.4 11.6
75.0 42.21 3384944.0 0.0 0.0 0.0 0.0 0.0
76.0 19.85 6017768.0 0.0 0.0 0.0 0.0 0.0
77.0 47.22 6018832.0 0.0 0.0 0.0 0.0 0.0
78.0 46.95 6020240.0 0.0 0.0 0.0 0.0 0.0
79.0 47.98 6021484.0 89.0 0.0 20752.0 35.55 6.4
80.0 47.97 6021712.0 0.0 0.0 0.0 0.0 0.0
81.0 48.37 6022244.0 0.0 0.0 0.0 0.0 0.0
82.0 47.99 6022456.0 0.0 0.0 0.0 0.0 0.0
83.0 48.11 6023128.0 0.0 0.0 0.0 0.0 0.0
84.0 48.5 6023832.0 52.0 0.0 6456.0 10.15 4.8
85.0 47.98 6024328.0 0.0 0.0 0.0 0.0 0.0
86.0 48.36 6025044.0 0.0 0.0 0.0 0.0 0.0
87.0 48.61 6025084.0 0.0 0.0 0.0 0.0 0.0
88.0 48.24 6025372.0 0.0 0.0 0.0 0.0 0.0
89.0 47.25 6025640.0 22.0 0.0 4232.0 7.45 1.2
90.0 47.72 6025792.0 0.0 0.0 0.0 0.0 0.0
91.0 47.74 6026560.0 0.0 0.0 0.0 0.0 0.0
92.0 47.99 6026932.0 0.0 0.0 0.0 0.0 0.0
93.0 47.72 6027304.0 0.0 0.0 0.0 0.0 0.0
94.0 47.24 6027872.0 19.0 0.0 4008.0 11.16 1.6
95.0 46.6 6028420.0 0.0 0.0 0.0 0.0 0.0
96.0 47.86 6028916.0 0.0 0.0 0.0 0.0 0.0
97.0 48.23 6029164.0 0.0 0.0 0.0 0.0 0.0
98.0 48.24 6029536.0 0.0 0.0 0.0 0.0 0.0
99.0 48.22 6029964.0 19.0 0.0 4264.0 8.63 1.2
100.0 48.11 6030392.0 0.0 0.0 0.0 0.0 0.0
101.0 46.62 6030920.0 0.0 0.0 0.0 0.0 0.0
102.0 47.61 6031284.0 0.0 0.0 0.0 0.0 0.0
103.0 47.21 6031672.0 0.0 0.0 0.0 0.0 0.0
104.0 47.62 6031964.0 18.0 0.0 3696.0 6.22 1.2
105.0 47.73 6032148.0 0.0 0.0 0.0 0.0 0.0
106.0 47.61 6032704.0 0.0 0.0 0.0 0.0 0.0
107.0 47.99 6032692.0 0.0 0.0 0.0 0.0 0.0
108.0 47.34 6033232.0 0.0 0.0 0.0 0.0 0.0
109.0 47.61 6033676.0 15.0 0.0 3352.0 8.27 1.2
110.0 47.73 6034020.0 0.0 0.0 0.0 0.0 0.0
111.0 46.84 6034400.0 0.0 0.0 0.0 0.0 0.0
112.0 47.86 6034760.0 0.0 0.0 0.0 0.0 0.0
113.0 46.46 6035756.0 0.0 0.0 0.0 0.0 0.0
114.0 48.24 6035836.0 19.0 0.0 3920.0 7.16 1.2
115.0 48.11 6036328.0 0.0 0.0 0.0 0.0 0.0
116.0 47.98 6036824.0 0.0 0.0 0.0 0.0 0.0
117.0 47.99 6036876.0 0.0 0.0 0.0 0.0 0.0
118.0 47.59 6037456.0 0.0 0.0 0.0 0.0 0.0
119.0 47.99 6037732.0 21.0 0.0 3536.0 6.48 1.2
120.0 47.36 6038392.0 0.0 0.0 0.0 0.0 0.0
121.0 46.62 6039032.0 0.0 0.0 0.0 0.0 0.0
122.0 47.73 6039288.0 0.0 0.0 0.0 0.0 0.0
123.0 48.37 6039620.0 0.0 0.0 0.0 0.0 0.0
124.0 48.26 6040004.0 19.0 0.0 4296.0 10.95 1.6
125.0 46.7 6040668.0 0.0 0.0 0.0 0.0 0.0
126.0 48.49 6040776.0 0.0 0.0 0.0 0.0 0.0
127.0 48.23 6041252.0 0.0 0.0 0.0 0.0 0.0
128.0 48.36 6041552.0 0.0 0.0 0.0 0.0 0.0
129.0 46.6 6042224.0 16.0 0.0 3376.0 7.75 1.2
130.0 47.85 6042428.0 0.0 0.0 0.0 0.0 0.0
131.0 47.61 6042524.0 0.0 0.0 0.0 0.0 0.0
132.0 48.49 6042780.0 0.0 0.0 0.0 0.0 0.0
133.0 49.0 6042788.0 0.0 0.0 0.0 0.0 0.0
134.0 47.98 6043048.0 11.0 0.0 2336.0 8.73 1.2
135.0 48.37 6043176.0 0.0 0.0 0.0 0.0 0.0
136.0 48.23 6043600.0 0.0 0.0 0.0 0.0 0.0
137.0 46.19 6044076.0 0.0 0.0 0.0 0.0 0.0
138.0 48.87 6044084.0 0.0 0.0 0.0 0.0 0.0
139.0 48.49 6044360.0 12.0 0.0 2272.0 2.67 0.4
140.0 48.36 6044360.0 0.0 0.0 0.0 0.0 0.0
141.0 47.73 6044520.0 0.0 0.0 0.0 0.0 0.0
142.0 48.75 6044992.0 0.0 0.0 0.0 0.0 0.0
143.0 47.24 6045596.0 0.0 0.0 0.0 0.0 0.0
144.0 48.74 6045964.0 14.0 0.0 2936.0 6.86 0.8
145.0 46.85 6047028.0 0.0 0.0 0.0 0.0 0.0
146.0 49.12 6047192.0 0.0 0.0 0.0 0.0 0.0
147.0 48.62 6047024.0 0.0 0.0 0.0 0.0 0.0
148.0 48.87 6047236.0 0.0 0.0 0.0 0.0 0.0
149.0 48.61 6047556.0 16.0 0.0 2056.0 4.0 0.8
150.0 49.13 6047676.0 0.0 0.0 0.0 0.0 0.0
151.0 48.87 6047924.0 0.0 0.0 0.0 0.0 0.0
152.0 48.49 6048392.0 0.0 0.0 0.0 0.0 0.0
153.0 47.22 6048164.0 0.0 0.0 0.0 0.0 0.0
154.0 48.0 6048184.0 13.0 0.0 2424.0 5.85 0.8
155.0 48.62 6048404.0 0.0 0.0 0.0 0.0 0.0
156.0 48.35 6048580.0 0.0 0.0 0.0 0.0 0.0
157.0 48.75 6048828.0 0.0 0.0 0.0 0.0 0.0
158.0 48.48 6049096.0 0.0 0.0 0.0 0.0 0.0
159.0 48.24 6049396.0 11.0 0.0 2176.0 5.45 0.8
160.0 47.97 6049512.0 0.0 0.0 0.0 0.0 0.0
161.0 46.6 6049956.0 0.0 0.0 0.0 0.0 0.0
162.0 47.47 6049996.0 0.0 0.0 0.0 0.0 0.0
163.0 46.46 6050632.0 0.0 0.0 0.0 0.0 0.0
164.0 47.47 6050736.0 13.0 0.0 2760.0 9.23 1.2
165.0 47.46 6051152.0 0.0 0.0 0.0 0.0 0.0
166.0 47.61 6051064.0 0.0 0.0 0.0 0.0 0.0
167.0 47.98 6051328.0 0.0 0.0 0.0 0.0 0.0
168.0 47.73 6051452.0 0.0 0.0 0.0 0.0 0.0
169.0 34.92 6044360.0 10.0 0.0 1752.0 2.0 0.4
170.0 34.59 6044264.0 0.0 0.0 0.0 0.0 0.0
171.0 47.36 6044844.0 0.0 0.0 0.0 0.0 0.0
172.0 47.36 6045348.0 0.0 0.0 0.0 0.0 0.0
173.0 49.0 6045472.0 1.0 8.0 0.0 0.0 0.0
174.0 49.38 6045920.0 19.0 0.0 3912.0 4.63 0.8
175.0 49.5 6046364.0 0.0 0.0 0.0 0.0 0.0
176.0 49.87 6047184.0 0.0 0.0 0.0 0.0 0.0
177.0 49.62 6047876.0 0.0 0.0 0.0 0.0 0.0
178.0 49.75 6048548.0 0.0 0.0 0.0 0.0 0.0
179.0 50.13 6049356.0 31.0 0.0 7152.0 15.48 2.0
180.0 49.88 6050008.0 0.0 0.0 0.0 0.0 0.0
181.0 29.57 2088656.0 0.0 0.0 0.0 0.0 0.0
