0.0 19.84 1494104.0 0.0 0.0 0.0 0.0 0.0
1.0 15.33 1493420.0 0.0 0.0 0.0 0.0 0.0
2.0 22.44 1496756.0 0.0 0.0 0.0 0.0 0.0
3.0 25.64 1511100.0 0.0 0.0 0.0 0.0 0.0
4.0 31.56 1539972.0 0.0 0.0 0.0 0.0 0.0
5.0 55.23 1545568.0 0.0 0.0 0.0 0.0 0.0
6.0 14.29 1607848.0 0.0 0.0 0.0 0.0 0.0
7.0 19.49 1643272.0 0.0 0.0 0.0 0.0 0.0
8.0 23.31 1652052.0 0.0 0.0 0.0 0.0 0.0
9.0 23.56 1646080.0 0.0 0.0 0.0 0.0 0.0
10.0 23.0 1648856.0 0.0 0.0 0.0 0.0 0.0
11.0 24.25 1679848.0 0.0 0.0 0.0 0.0 0.0
12.0 24.25 1655936.0 0.0 0.0 0.0 0.0 0.0
13.0 23.31 1753684.0 0.0 0.0 0.0 0.0 0.0
14.0 24.63 1803416.0 0.0 0.0 0.0 0.0 0.0
15.0 24.31 1826028.0 0.0 0.0 0.0 0.0 0.0
16.0 23.37 1738320.0 0.0 0.0 0.0 0.0 0.0
17.0 23.69 1829604.0 0.0 0.0 0.0 0.0 0.0
18.0 24.25 1892984.0 0.0 0.0 0.0 0.0 0.0
19.0 24.25 1937980.0 0.0 0.0 0.0 0.0 0.0
20.0 25.0 1941700.0 0.0 0.0 0.0 0.0 0.0
21.0 24.31 1956788.0 0.0 0.0 0.0 0.0 0.0
22.0 25.0 1978208.0 0.0 0.0 0.0 0.0 0.0
23.0 24.69 1944952.0 0.0 0.0 0.0 0.0 0.0
24.0 22.81 1662312.0 0.0 0.0 0.0 0.0 0.0
25.0 24.25 1769396.0 0.0 0.0 0.0 0.0 0.0
26.0 24.25 1800760.0 0.0 0.0 0.0 0.0 0.0
27.0 24.69 1674868.0 0.0 0.0 0.0 0.0 0.0
28.0 23.31 1748192.0 0.0 0.0 0.0 0.0 0.0
29.0 23.69 1748504.0 0.0 0.0 0.0 0.0 0.0
30.0 24.25 1693504.0 0.0 0.0 0.0 0.0 0.0
31.0 24.12 1773672.0 0.0 0.0 0.0 0.0 0.0
32.0 24.75 1800884.0 0.0 0.0 0.0 0.0 0.0
33.0 22.5 1759832.0 0.0 0.0 0.0 0.0 0.0
34.0 24.19 1801752.0 0.0 0.0 0.0 0.0 0.0
35.0 24.81 1828060.0 0.0 0.0 0.0 0.0 0.0
36.0 23.31 1711768.0 0.0 0.0 0.0 0.0 0.0
37.0 23.87 1781028.0 0.0 0.0 0.0 0.0 0.0
38.0 24.0 1744644.0 0.0 0.0 0.0 0.0 0.0
39.0 23.81 1681832.0 0.0 0.0 0.0 0.0 0.0
40.0 22.17 1700436.0 0.0 0.0 0.0 0.0 0.0
41.0 24.94 1704496.0 0.0 0.0 0.0 0.0 0.0
42.0 25.06 1707520.0 0.0 0.0 0.0 0.0 0.0
43.0 21.91 1719408.0 0.0 0.0 0.0 0.0 0.0
44.0 2.87 1759092.0 3.0 24.0 0.0 0.0 0.0
45.0 1.54 1803572.0 0.0 0.0 0.0 0.0 0.0
46.0 2.03 1955864.0 6.0 48.0 0.0 0.67 0.4
